mode: set
github.com/plc-visualizer/backend/internal/api/errors.go:20.35,22.2 1 0
github.com/plc-visualizer/backend/internal/api/errors.go:27.64,33.18 2 1
github.com/plc-visualizer/backend/internal/api/errors.go:33.18,35.3 1 1
github.com/plc-visualizer/backend/internal/api/errors.go:36.2,36.12 1 1
github.com/plc-visualizer/backend/internal/api/errors.go:40.49,46.2 1 1
github.com/plc-visualizer/backend/internal/api/errors.go:49.61,55.2 1 1
github.com/plc-visualizer/backend/internal/api/errors.go:58.49,64.2 1 0
github.com/plc-visualizer/backend/internal/api/errors.go:67.62,73.18 2 0
github.com/plc-visualizer/backend/internal/api/errors.go:73.18,75.3 1 0
github.com/plc-visualizer/backend/internal/api/errors.go:76.2,76.12 1 0
github.com/plc-visualizer/backend/internal/api/errors.go:80.59,86.2 1 0
github.com/plc-visualizer/backend/internal/api/errors.go:90.46,91.28 1 0
github.com/plc-visualizer/backend/internal/api/errors.go:91.28,93.3 1 0
github.com/plc-visualizer/backend/internal/api/errors.go:95.2,97.25 2 0
github.com/plc-visualizer/backend/internal/api/errors.go:98.17,99.13 1 0
github.com/plc-visualizer/backend/internal/api/errors.go:100.23,105.4 1 0
github.com/plc-visualizer/backend/internal/api/errors.go:106.10,113.22 2 0
github.com/plc-visualizer/backend/internal/api/errors.go:113.22,115.4 1 0
github.com/plc-visualizer/backend/internal/api/errors.go:119.2,119.29 1 0
github.com/plc-visualizer/backend/internal/api/errors.go:119.29,121.3 1 0
github.com/plc-visualizer/backend/internal/api/errors.go:126.27,129.2 1 0
github.com/plc-visualizer/backend/internal/api/errors.go:132.60,134.2 1 0
github.com/plc-visualizer/backend/internal/api/handlers_carrier.go:24.60,29.2 1 1
github.com/plc-visualizer/backend/internal/api/handlers_carrier.go:32.59,34.2 1 1
github.com/plc-visualizer/backend/internal/api/handlers_carrier.go:37.68,39.2 1 1
github.com/plc-visualizer/backend/internal/api/handlers_carrier.go:42.70,45.2 2 1
github.com/plc-visualizer/backend/internal/api/handlers_carrier.go:48.63,49.63 1 1
github.com/plc-visualizer/backend/internal/api/handlers_carrier.go:49.63,51.3 1 1
github.com/plc-visualizer/backend/internal/api/handlers_carrier.go:53.2,56.51 4 0
github.com/plc-visualizer/backend/internal/api/handlers_carrier.go:60.75,62.37 2 1
github.com/plc-visualizer/backend/internal/api/handlers_carrier.go:62.37,64.3 1 0
github.com/plc-visualizer/backend/internal/api/handlers_carrier.go:66.2,66.39 1 1
github.com/plc-visualizer/backend/internal/api/handlers_carrier.go:66.39,68.3 1 1
github.com/plc-visualizer/backend/internal/api/handlers_carrier.go:71.2,72.16 2 1
github.com/plc-visualizer/backend/internal/api/handlers_carrier.go:72.16,74.3 1 1
github.com/plc-visualizer/backend/internal/api/handlers_carrier.go:77.2,78.16 2 1
github.com/plc-visualizer/backend/internal/api/handlers_carrier.go:78.16,80.3 1 0
github.com/plc-visualizer/backend/internal/api/handlers_carrier.go:82.2,89.16 4 1
github.com/plc-visualizer/backend/internal/api/handlers_carrier.go:89.16,91.3 1 0
github.com/plc-visualizer/backend/internal/api/handlers_carrier.go:93.2,99.4 2 1
github.com/plc-visualizer/backend/internal/api/handlers_carrier.go:103.72,104.55 1 1
github.com/plc-visualizer/backend/internal/api/handlers_carrier.go:104.55,108.3 1 1
github.com/plc-visualizer/backend/internal/api/handlers_carrier.go:110.2,110.27 1 1
github.com/plc-visualizer/backend/internal/api/handlers_carrier.go:110.27,111.57 1 0
github.com/plc-visualizer/backend/internal/api/handlers_carrier.go:111.57,116.4 2 0
github.com/plc-visualizer/backend/internal/api/handlers_carrier.go:119.2,124.4 1 1
github.com/plc-visualizer/backend/internal/api/handlers_carrier.go:128.76,129.55 1 1
github.com/plc-visualizer/backend/internal/api/handlers_carrier.go:129.55,134.3 1 1
github.com/plc-visualizer/backend/internal/api/handlers_carrier.go:137.2,142.44 4 1
github.com/plc-visualizer/backend/internal/api/handlers_carrier.go:142.44,146.42 3 1
github.com/plc-visualizer/backend/internal/api/handlers_carrier.go:146.42,147.66 1 0
github.com/plc-visualizer/backend/internal/api/handlers_carrier.go:147.66,149.5 1 0
github.com/plc-visualizer/backend/internal/api/handlers_carrier.go:151.8,153.3 1 1
github.com/plc-visualizer/backend/internal/api/handlers_carrier.go:155.2,158.4 1 1
github.com/plc-visualizer/backend/internal/api/handlers_carrier.go:162.90,172.2 3 1
github.com/plc-visualizer/backend/internal/api/handlers_carrier.go:181.52,182.18 1 1
github.com/plc-visualizer/backend/internal/api/handlers_carrier.go:182.18,184.3 1 1
github.com/plc-visualizer/backend/internal/api/handlers_carrier.go:185.2,185.18 1 1
github.com/plc-visualizer/backend/internal/api/handlers_carrier.go:185.18,187.3 1 1
github.com/plc-visualizer/backend/internal/api/handlers_carrier.go:188.2,188.12 1 1
github.com/plc-visualizer/backend/internal/api/handlers_carrier.go:193.58,196.16 3 1
github.com/plc-visualizer/backend/internal/api/handlers_carrier.go:196.16,198.3 1 1
github.com/plc-visualizer/backend/internal/api/handlers_carrier.go:199.2,199.12 1 1
github.com/plc-visualizer/backend/internal/api/handlers_health.go:17.77,22.2 1 1
github.com/plc-visualizer/backend/internal/api/handlers_health.go:25.64,31.2 1 1
github.com/plc-visualizer/backend/internal/api/handlers_map.go:28.68,33.2 1 1
github.com/plc-visualizer/backend/internal/api/handlers_map.go:36.54,38.2 1 1
github.com/plc-visualizer/backend/internal/api/handlers_map.go:41.49,43.2 1 1
github.com/plc-visualizer/backend/internal/api/handlers_map.go:46.82,49.2 2 1
github.com/plc-visualizer/backend/internal/api/handlers_map.go:52.71,54.2 1 0
github.com/plc-visualizer/backend/internal/api/handlers_map.go:57.59,58.30 1 1
github.com/plc-visualizer/backend/internal/api/handlers_map.go:58.30,60.3 1 1
github.com/plc-visualizer/backend/internal/api/handlers_map.go:61.2,61.32 1 1
github.com/plc-visualizer/backend/internal/api/handlers_map.go:61.32,64.3 2 0
github.com/plc-visualizer/backend/internal/api/handlers_map.go:68.51,70.54 2 0
github.com/plc-visualizer/backend/internal/api/handlers_map.go:70.54,72.3 1 0
github.com/plc-visualizer/backend/internal/api/handlers_map.go:74.2,75.16 2 0
github.com/plc-visualizer/backend/internal/api/handlers_map.go:75.16,77.3 1 0
github.com/plc-visualizer/backend/internal/api/handlers_map.go:78.2,81.16 3 0
github.com/plc-visualizer/backend/internal/api/handlers_map.go:81.16,83.3 1 0
github.com/plc-visualizer/backend/internal/api/handlers_map.go:85.2,87.12 3 0
github.com/plc-visualizer/backend/internal/api/handlers_map.go:91.67,92.26 1 1
github.com/plc-visualizer/backend/internal/api/handlers_map.go:92.26,96.3 1 1
github.com/plc-visualizer/backend/internal/api/handlers_map.go:98.2,99.16 2 1
github.com/plc-visualizer/backend/internal/api/handlers_map.go:99.16,101.3 1 0
github.com/plc-visualizer/backend/internal/api/handlers_map.go:103.2,104.16 2 1
github.com/plc-visualizer/backend/internal/api/handlers_map.go:104.16,106.3 1 0
github.com/plc-visualizer/backend/internal/api/handlers_map.go:108.2,113.4 1 1
github.com/plc-visualizer/backend/internal/api/handlers_map.go:117.70,119.37 2 1
github.com/plc-visualizer/backend/internal/api/handlers_map.go:119.37,121.3 1 0
github.com/plc-visualizer/backend/internal/api/handlers_map.go:123.2,123.39 1 1
github.com/plc-visualizer/backend/internal/api/handlers_map.go:123.39,125.3 1 1
github.com/plc-visualizer/backend/internal/api/handlers_map.go:128.2,129.16 2 1
github.com/plc-visualizer/backend/internal/api/handlers_map.go:129.16,131.3 1 1
github.com/plc-visualizer/backend/internal/api/handlers_map.go:134.2,135.16 2 1
github.com/plc-visualizer/backend/internal/api/handlers_map.go:135.16,137.3 1 0
github.com/plc-visualizer/backend/internal/api/handlers_map.go:140.2,142.41 2 1
github.com/plc-visualizer/backend/internal/api/handlers_map.go:146.67,148.37 2 1
github.com/plc-visualizer/backend/internal/api/handlers_map.go:148.37,150.3 1 0
github.com/plc-visualizer/backend/internal/api/handlers_map.go:152.2,152.21 1 1
github.com/plc-visualizer/backend/internal/api/handlers_map.go:152.21,154.3 1 1
github.com/plc-visualizer/backend/internal/api/handlers_map.go:157.2,157.46 1 1
github.com/plc-visualizer/backend/internal/api/handlers_map.go:157.46,161.42 3 1
github.com/plc-visualizer/backend/internal/api/handlers_map.go:161.42,163.4 1 0
github.com/plc-visualizer/backend/internal/api/handlers_map.go:164.8,166.51 1 1
github.com/plc-visualizer/backend/internal/api/handlers_map.go:166.51,168.4 1 1
github.com/plc-visualizer/backend/internal/api/handlers_map.go:171.2,172.74 2 1
github.com/plc-visualizer/backend/internal/api/handlers_map.go:176.69,178.37 2 0
github.com/plc-visualizer/backend/internal/api/handlers_map.go:178.37,180.3 1 0
github.com/plc-visualizer/backend/internal/api/handlers_map.go:182.2,182.39 1 0
github.com/plc-visualizer/backend/internal/api/handlers_map.go:182.39,184.3 1 0
github.com/plc-visualizer/backend/internal/api/handlers_map.go:187.2,188.16 2 0
github.com/plc-visualizer/backend/internal/api/handlers_map.go:188.16,190.3 1 0
github.com/plc-visualizer/backend/internal/api/handlers_map.go:193.2,194.16 2 0
github.com/plc-visualizer/backend/internal/api/handlers_map.go:194.16,196.3 1 0
github.com/plc-visualizer/backend/internal/api/handlers_map.go:199.2,200.16 2 0
github.com/plc-visualizer/backend/internal/api/handlers_map.go:200.16,202.3 1 0
github.com/plc-visualizer/backend/internal/api/handlers_map.go:205.2,208.41 3 0
github.com/plc-visualizer/backend/internal/api/handlers_map.go:212.69,214.37 2 0
github.com/plc-visualizer/backend/internal/api/handlers_map.go:214.37,216.3 1 0
github.com/plc-visualizer/backend/internal/api/handlers_map.go:218.2,218.23 1 0
github.com/plc-visualizer/backend/internal/api/handlers_map.go:218.23,220.3 1 0
github.com/plc-visualizer/backend/internal/api/handlers_map.go:222.2,223.16 2 0
github.com/plc-visualizer/backend/internal/api/handlers_map.go:223.16,225.3 1 0
github.com/plc-visualizer/backend/internal/api/handlers_map.go:227.2,228.16 2 0
github.com/plc-visualizer/backend/internal/api/handlers_map.go:228.16,230.3 1 0
github.com/plc-visualizer/backend/internal/api/handlers_map.go:231.2,234.16 3 0
github.com/plc-visualizer/backend/internal/api/handlers_map.go:234.16,236.3 1 0
github.com/plc-visualizer/backend/internal/api/handlers_map.go:238.2,241.78 3 0
github.com/plc-visualizer/backend/internal/api/handlers_map.go:245.66,246.27 1 1
github.com/plc-visualizer/backend/internal/api/handlers_map.go:246.27,252.3 1 1
github.com/plc-visualizer/backend/internal/api/handlers_map.go:254.2,255.16 2 1
github.com/plc-visualizer/backend/internal/api/handlers_map.go:255.16,257.3 1 1
github.com/plc-visualizer/backend/internal/api/handlers_map.go:259.2,263.4 1 1
github.com/plc-visualizer/backend/internal/api/handlers_map.go:267.69,269.16 2 1
github.com/plc-visualizer/backend/internal/api/handlers_map.go:269.16,271.3 1 0
github.com/plc-visualizer/backend/internal/api/handlers_map.go:274.2,276.26 3 1
github.com/plc-visualizer/backend/internal/api/handlers_map.go:276.26,278.43 2 1
github.com/plc-visualizer/backend/internal/api/handlers_map.go:278.43,280.4 1 1
github.com/plc-visualizer/backend/internal/api/handlers_map.go:280.9,280.91 1 1
github.com/plc-visualizer/backend/internal/api/handlers_map.go:280.91,282.4 1 1
github.com/plc-visualizer/backend/internal/api/handlers_map.go:286.2,286.21 1 1
github.com/plc-visualizer/backend/internal/api/handlers_map.go:286.21,288.3 1 1
github.com/plc-visualizer/backend/internal/api/handlers_map.go:289.2,289.22 1 1
github.com/plc-visualizer/backend/internal/api/handlers_map.go:289.22,291.3 1 1
github.com/plc-visualizer/backend/internal/api/handlers_map.go:293.2,296.4 1 1
github.com/plc-visualizer/backend/internal/api/handlers_map.go:300.69,310.16 5 0
github.com/plc-visualizer/backend/internal/api/handlers_map.go:310.16,311.25 1 0
github.com/plc-visualizer/backend/internal/api/handlers_map.go:311.25,313.4 1 0
github.com/plc-visualizer/backend/internal/api/handlers_map.go:314.3,314.62 1 0
github.com/plc-visualizer/backend/internal/api/handlers_map.go:317.2,317.32 1 0
github.com/plc-visualizer/backend/internal/api/handlers_map.go:317.32,318.20 1 0
github.com/plc-visualizer/backend/internal/api/handlers_map.go:318.20,319.12 1 0
github.com/plc-visualizer/backend/internal/api/handlers_map.go:321.3,322.55 2 0
github.com/plc-visualizer/backend/internal/api/handlers_map.go:322.55,327.4 1 0
github.com/plc-visualizer/backend/internal/api/handlers_map.go:330.2,330.68 1 0
github.com/plc-visualizer/backend/internal/api/handlers_map.go:334.69,338.37 2 0
github.com/plc-visualizer/backend/internal/api/handlers_map.go:338.37,340.3 1 0
github.com/plc-visualizer/backend/internal/api/handlers_map.go:342.2,342.20 1 0
github.com/plc-visualizer/backend/internal/api/handlers_map.go:342.20,344.3 1 0
github.com/plc-visualizer/backend/internal/api/handlers_map.go:346.2,352.4 3 0
github.com/plc-visualizer/backend/internal/api/handlers_map.go:356.73,361.2 1 0
github.com/plc-visualizer/backend/internal/api/handlers_map.go:364.76,370.2 1 0
github.com/plc-visualizer/backend/internal/api/handlers_map.go:374.79,375.42 1 1
github.com/plc-visualizer/backend/internal/api/handlers_map.go:375.42,379.3 3 0
github.com/plc-visualizer/backend/internal/api/handlers_map.go:381.2,382.16 2 1
github.com/plc-visualizer/backend/internal/api/handlers_map.go:382.16,384.3 1 0
github.com/plc-visualizer/backend/internal/api/handlers_map.go:386.2,387.16 2 1
github.com/plc-visualizer/backend/internal/api/handlers_map.go:387.16,389.3 1 0
github.com/plc-visualizer/backend/internal/api/handlers_map.go:391.2,391.29 1 1
github.com/plc-visualizer/backend/internal/api/handlers_map.go:394.83,395.44 1 1
github.com/plc-visualizer/backend/internal/api/handlers_map.go:395.44,398.42 3 0
github.com/plc-visualizer/backend/internal/api/handlers_map.go:398.42,400.4 1 0
github.com/plc-visualizer/backend/internal/api/handlers_map.go:401.3,401.30 1 0
github.com/plc-visualizer/backend/internal/api/handlers_map.go:404.2,405.16 2 1
github.com/plc-visualizer/backend/internal/api/handlers_map.go:405.16,407.3 1 1
github.com/plc-visualizer/backend/internal/api/handlers_map.go:409.2,410.16 2 0
github.com/plc-visualizer/backend/internal/api/handlers_map.go:410.16,412.3 1 0
github.com/plc-visualizer/backend/internal/api/handlers_map.go:414.2,414.29 1 0
github.com/plc-visualizer/backend/internal/api/handlers_map.go:424.45,425.18 1 1
github.com/plc-visualizer/backend/internal/api/handlers_map.go:425.18,427.3 1 1
github.com/plc-visualizer/backend/internal/api/handlers_map.go:428.2,428.18 1 1
github.com/plc-visualizer/backend/internal/api/handlers_map.go:428.18,430.3 1 1
github.com/plc-visualizer/backend/internal/api/handlers_map.go:431.2,431.12 1 1
github.com/plc-visualizer/backend/internal/api/handlers_map.go:439.47,440.18 1 0
github.com/plc-visualizer/backend/internal/api/handlers_map.go:440.18,442.3 1 0
github.com/plc-visualizer/backend/internal/api/handlers_map.go:443.2,443.18 1 0
github.com/plc-visualizer/backend/internal/api/handlers_map.go:443.18,445.3 1 0
github.com/plc-visualizer/backend/internal/api/handlers_map.go:446.2,446.12 1 0
github.com/plc-visualizer/backend/internal/api/handlers_parse.go:25.83,30.2 1 1
github.com/plc-visualizer/backend/internal/api/handlers_parse.go:33.67,35.37 2 1
github.com/plc-visualizer/backend/internal/api/handlers_parse.go:35.37,37.3 1 0
github.com/plc-visualizer/backend/internal/api/handlers_parse.go:40.2,41.23 2 1
github.com/plc-visualizer/backend/internal/api/handlers_parse.go:41.23,43.3 1 1
github.com/plc-visualizer/backend/internal/api/handlers_parse.go:46.2,47.16 2 1
github.com/plc-visualizer/backend/internal/api/handlers_parse.go:47.16,49.3 1 1
github.com/plc-visualizer/backend/internal/api/handlers_parse.go:52.2,53.16 2 1
github.com/plc-visualizer/backend/internal/api/handlers_parse.go:53.16,55.3 1 0
github.com/plc-visualizer/backend/internal/api/handlers_parse.go:57.2,57.42 1 1
github.com/plc-visualizer/backend/internal/api/handlers_parse.go:61.68,63.14 2 1
github.com/plc-visualizer/backend/internal/api/handlers_parse.go:63.14,65.3 1 1
github.com/plc-visualizer/backend/internal/api/handlers_parse.go:67.2,68.9 2 1
github.com/plc-visualizer/backend/internal/api/handlers_parse.go:68.9,70.3 1 1
github.com/plc-visualizer/backend/internal/api/handlers_parse.go:73.2,75.36 2 1
github.com/plc-visualizer/backend/internal/api/handlers_parse.go:79.73,81.14 2 1
github.com/plc-visualizer/backend/internal/api/handlers_parse.go:81.14,83.3 1 1
github.com/plc-visualizer/backend/internal/api/handlers_parse.go:85.2,85.46 1 1
github.com/plc-visualizer/backend/internal/api/handlers_parse.go:85.46,87.3 1 1
github.com/plc-visualizer/backend/internal/api/handlers_parse.go:89.2,89.42 1 1
github.com/plc-visualizer/backend/internal/api/handlers_parse.go:93.76,95.14 2 0
github.com/plc-visualizer/backend/internal/api/handlers_parse.go:95.14,97.3 1 0
github.com/plc-visualizer/backend/internal/api/handlers_parse.go:100.2,108.9 7 0
github.com/plc-visualizer/backend/internal/api/handlers_parse.go:108.9,111.3 2 0
github.com/plc-visualizer/backend/internal/api/handlers_parse.go:114.2,123.6 6 0
github.com/plc-visualizer/backend/internal/api/handlers_parse.go:123.6,124.10 1 0
github.com/plc-visualizer/backend/internal/api/handlers_parse.go:125.19,127.11 2 0
github.com/plc-visualizer/backend/internal/api/handlers_parse.go:127.11,130.5 2 0
github.com/plc-visualizer/backend/internal/api/handlers_parse.go:132.4,136.46 2 0
github.com/plc-visualizer/backend/internal/api/handlers_parse.go:136.46,138.5 1 0
github.com/plc-visualizer/backend/internal/api/handlers_parse.go:140.20,142.14 2 0
github.com/plc-visualizer/backend/internal/api/handlers_parse.go:148.69,150.14 2 0
github.com/plc-visualizer/backend/internal/api/handlers_parse.go:150.14,152.3 1 0
github.com/plc-visualizer/backend/internal/api/handlers_parse.go:155.2,156.14 2 0
github.com/plc-visualizer/backend/internal/api/handlers_parse.go:156.14,158.3 1 0
github.com/plc-visualizer/backend/internal/api/handlers_parse.go:159.2,160.37 2 0
github.com/plc-visualizer/backend/internal/api/handlers_parse.go:160.37,162.3 1 0
github.com/plc-visualizer/backend/internal/api/handlers_parse.go:165.2,169.9 4 0
github.com/plc-visualizer/backend/internal/api/handlers_parse.go:169.9,171.3 1 0
github.com/plc-visualizer/backend/internal/api/handlers_parse.go:173.2,178.4 1 0
github.com/plc-visualizer/backend/internal/api/handlers_parse.go:182.76,186.2 1 0
github.com/plc-visualizer/backend/internal/api/handlers_parse.go:189.68,191.14 2 0
github.com/plc-visualizer/backend/internal/api/handlers_parse.go:191.14,193.3 1 0
github.com/plc-visualizer/backend/internal/api/handlers_parse.go:196.2,206.6 8 0
github.com/plc-visualizer/backend/internal/api/handlers_parse.go:206.6,209.10 3 0
github.com/plc-visualizer/backend/internal/api/handlers_parse.go:209.10,212.4 2 0
github.com/plc-visualizer/backend/internal/api/handlers_parse.go:215.3,217.16 3 0
github.com/plc-visualizer/backend/internal/api/handlers_parse.go:217.16,219.4 1 0
github.com/plc-visualizer/backend/internal/api/handlers_parse.go:222.3,224.13 2 0
github.com/plc-visualizer/backend/internal/api/handlers_parse.go:224.13,232.4 3 0
github.com/plc-visualizer/backend/internal/api/handlers_parse.go:234.3,242.9 3 0
github.com/plc-visualizer/backend/internal/api/handlers_parse.go:247.67,249.14 2 1
github.com/plc-visualizer/backend/internal/api/handlers_parse.go:249.14,251.3 1 0
github.com/plc-visualizer/backend/internal/api/handlers_parse.go:254.2,255.16 2 1
github.com/plc-visualizer/backend/internal/api/handlers_parse.go:255.16,257.3 1 0
github.com/plc-visualizer/backend/internal/api/handlers_parse.go:258.2,259.16 2 1
github.com/plc-visualizer/backend/internal/api/handlers_parse.go:259.16,261.3 1 0
github.com/plc-visualizer/backend/internal/api/handlers_parse.go:264.2,267.61 2 1
github.com/plc-visualizer/backend/internal/api/handlers_parse.go:267.61,271.10 3 1
github.com/plc-visualizer/backend/internal/api/handlers_parse.go:271.10,273.102 1 1
github.com/plc-visualizer/backend/internal/api/handlers_parse.go:273.102,275.5 1 1
github.com/plc-visualizer/backend/internal/api/handlers_parse.go:276.4,276.42 1 0
github.com/plc-visualizer/backend/internal/api/handlers_parse.go:278.3,278.40 1 0
github.com/plc-visualizer/backend/internal/api/handlers_parse.go:282.2,286.9 4 0
github.com/plc-visualizer/backend/internal/api/handlers_parse.go:286.9,288.101 1 0
github.com/plc-visualizer/backend/internal/api/handlers_parse.go:288.101,290.4 1 0
github.com/plc-visualizer/backend/internal/api/handlers_parse.go:291.3,291.41 1 0
github.com/plc-visualizer/backend/internal/api/handlers_parse.go:294.2,294.39 1 0
github.com/plc-visualizer/backend/internal/api/handlers_parse.go:298.77,300.14 2 1
github.com/plc-visualizer/backend/internal/api/handlers_parse.go:300.14,302.3 1 0
github.com/plc-visualizer/backend/internal/api/handlers_parse.go:305.2,310.37 2 1
github.com/plc-visualizer/backend/internal/api/handlers_parse.go:310.37,312.3 1 0
github.com/plc-visualizer/backend/internal/api/handlers_parse.go:314.2,319.9 5 1
github.com/plc-visualizer/backend/internal/api/handlers_parse.go:319.9,321.101 1 1
github.com/plc-visualizer/backend/internal/api/handlers_parse.go:321.101,326.4 1 1
github.com/plc-visualizer/backend/internal/api/handlers_parse.go:327.3,327.41 1 0
github.com/plc-visualizer/backend/internal/api/handlers_parse.go:330.2,330.42 1 0
github.com/plc-visualizer/backend/internal/api/handlers_parse.go:334.67,336.14 2 0
github.com/plc-visualizer/backend/internal/api/handlers_parse.go:336.14,338.3 1 0
github.com/plc-visualizer/backend/internal/api/handlers_parse.go:340.2,341.9 2 0
github.com/plc-visualizer/backend/internal/api/handlers_parse.go:341.9,343.3 1 0
github.com/plc-visualizer/backend/internal/api/handlers_parse.go:345.2,345.39 1 0
github.com/plc-visualizer/backend/internal/api/handlers_parse.go:349.71,351.14 2 0
github.com/plc-visualizer/backend/internal/api/handlers_parse.go:351.14,353.3 1 0
github.com/plc-visualizer/backend/internal/api/handlers_parse.go:355.2,356.9 2 0
github.com/plc-visualizer/backend/internal/api/handlers_parse.go:356.9,358.3 1 0
github.com/plc-visualizer/backend/internal/api/handlers_parse.go:360.2,360.43 1 0
github.com/plc-visualizer/backend/internal/api/handlers_parse.go:364.70,366.14 2 0
github.com/plc-visualizer/backend/internal/api/handlers_parse.go:366.14,368.3 1 0
github.com/plc-visualizer/backend/internal/api/handlers_parse.go:370.2,372.9 3 0
github.com/plc-visualizer/backend/internal/api/handlers_parse.go:372.9,374.3 1 0
github.com/plc-visualizer/backend/internal/api/handlers_parse.go:376.2,376.42 1 0
github.com/plc-visualizer/backend/internal/api/handlers_parse.go:380.71,382.14 2 0
github.com/plc-visualizer/backend/internal/api/handlers_parse.go:382.14,384.3 1 0
github.com/plc-visualizer/backend/internal/api/handlers_parse.go:386.2,387.16 2 0
github.com/plc-visualizer/backend/internal/api/handlers_parse.go:387.16,389.3 1 0
github.com/plc-visualizer/backend/internal/api/handlers_parse.go:391.2,395.9 4 0
github.com/plc-visualizer/backend/internal/api/handlers_parse.go:395.9,397.3 1 0
github.com/plc-visualizer/backend/internal/api/handlers_parse.go:399.2,399.62 1 0
github.com/plc-visualizer/backend/internal/api/handlers_parse.go:403.68,405.14 2 0
github.com/plc-visualizer/backend/internal/api/handlers_parse.go:405.14,407.3 1 0
github.com/plc-visualizer/backend/internal/api/handlers_parse.go:409.2,413.9 4 0
github.com/plc-visualizer/backend/internal/api/handlers_parse.go:413.9,415.3 1 0
github.com/plc-visualizer/backend/internal/api/handlers_parse.go:417.2,417.36 1 0
github.com/plc-visualizer/backend/internal/api/handlers_parse.go:421.72,423.14 2 0
github.com/plc-visualizer/backend/internal/api/handlers_parse.go:423.14,425.3 1 0
github.com/plc-visualizer/backend/internal/api/handlers_parse.go:427.2,428.16 2 0
github.com/plc-visualizer/backend/internal/api/handlers_parse.go:428.16,430.3 1 0
github.com/plc-visualizer/backend/internal/api/handlers_parse.go:432.2,436.9 4 0
github.com/plc-visualizer/backend/internal/api/handlers_parse.go:436.9,438.3 1 0
github.com/plc-visualizer/backend/internal/api/handlers_parse.go:440.2,440.39 1 0
github.com/plc-visualizer/backend/internal/api/handlers_parse.go:450.57,451.24 1 1
github.com/plc-visualizer/backend/internal/api/handlers_parse.go:451.24,453.3 1 1
github.com/plc-visualizer/backend/internal/api/handlers_parse.go:454.2,454.20 1 1
github.com/plc-visualizer/backend/internal/api/handlers_parse.go:454.20,456.3 1 1
github.com/plc-visualizer/backend/internal/api/handlers_parse.go:457.2,457.12 1 1
github.com/plc-visualizer/backend/internal/api/handlers_parse.go:469.91,473.30 3 1
github.com/plc-visualizer/backend/internal/api/handlers_parse.go:473.30,475.17 2 1
github.com/plc-visualizer/backend/internal/api/handlers_parse.go:475.17,477.4 1 1
github.com/plc-visualizer/backend/internal/api/handlers_parse.go:479.3,480.17 2 1
github.com/plc-visualizer/backend/internal/api/handlers_parse.go:480.17,482.4 1 0
github.com/plc-visualizer/backend/internal/api/handlers_parse.go:484.3,485.38 2 1
github.com/plc-visualizer/backend/internal/api/handlers_parse.go:488.2,488.37 1 1
github.com/plc-visualizer/backend/internal/api/handlers_parse.go:491.80,492.49 1 1
github.com/plc-visualizer/backend/internal/api/handlers_parse.go:492.49,493.28 1 1
github.com/plc-visualizer/backend/internal/api/handlers_parse.go:493.28,494.47 1 1
github.com/plc-visualizer/backend/internal/api/handlers_parse.go:494.47,496.5 1 1
github.com/plc-visualizer/backend/internal/api/handlers_parse.go:498.3,498.12 1 0
github.com/plc-visualizer/backend/internal/api/handlers_parse.go:501.2,501.50 1 1
github.com/plc-visualizer/backend/internal/api/handlers_parse.go:501.50,503.28 2 1
github.com/plc-visualizer/backend/internal/api/handlers_parse.go:503.28,505.4 1 1
github.com/plc-visualizer/backend/internal/api/handlers_parse.go:507.3,509.33 3 1
github.com/plc-visualizer/backend/internal/api/handlers_parse.go:509.33,510.49 1 1
github.com/plc-visualizer/backend/internal/api/handlers_parse.go:510.49,512.20 2 1
github.com/plc-visualizer/backend/internal/api/handlers_parse.go:512.20,513.14 1 0
github.com/plc-visualizer/backend/internal/api/handlers_parse.go:515.5,515.41 1 1
github.com/plc-visualizer/backend/internal/api/handlers_parse.go:515.41,516.14 1 0
github.com/plc-visualizer/backend/internal/api/handlers_parse.go:518.5,519.29 2 1
github.com/plc-visualizer/backend/internal/api/handlers_parse.go:522.3,522.13 1 1
github.com/plc-visualizer/backend/internal/api/handlers_parse.go:525.2,537.3 1 1
github.com/plc-visualizer/backend/internal/api/handlers_parse.go:540.74,544.2 3 0
github.com/plc-visualizer/backend/internal/api/handlers_parse.go:546.73,548.2 1 0
github.com/plc-visualizer/backend/internal/api/handlers_parse.go:578.68,580.21 2 0
github.com/plc-visualizer/backend/internal/api/handlers_parse.go:580.21,582.3 1 0
github.com/plc-visualizer/backend/internal/api/handlers_parse.go:584.2,585.37 2 0
github.com/plc-visualizer/backend/internal/api/handlers_parse.go:585.37,587.3 1 0
github.com/plc-visualizer/backend/internal/api/handlers_parse.go:590.2,591.110 2 0
github.com/plc-visualizer/backend/internal/api/handlers_parse.go:591.110,593.3 1 0
github.com/plc-visualizer/backend/internal/api/handlers_parse.go:595.2,597.9 3 0
github.com/plc-visualizer/backend/internal/api/handlers_parse.go:597.9,599.3 1 0
github.com/plc-visualizer/backend/internal/api/handlers_parse.go:601.2,602.18 2 0
github.com/plc-visualizer/backend/internal/api/handlers_parse.go:603.15,604.50 1 0
github.com/plc-visualizer/backend/internal/api/handlers_parse.go:605.16,606.47 1 0
github.com/plc-visualizer/backend/internal/api/handlers_parse.go:607.25,608.59 1 0
github.com/plc-visualizer/backend/internal/api/handlers_parse.go:609.10,610.71 1 0
github.com/plc-visualizer/backend/internal/api/handlers_parse.go:613.2,613.74 1 0
github.com/plc-visualizer/backend/internal/api/handlers_parse.go:616.77,617.76 1 0
github.com/plc-visualizer/backend/internal/api/handlers_parse.go:617.76,619.3 1 0
github.com/plc-visualizer/backend/internal/api/handlers_parse.go:620.2,622.24 3 0
github.com/plc-visualizer/backend/internal/api/handlers_parse.go:623.16,624.55 1 0
github.com/plc-visualizer/backend/internal/api/handlers_parse.go:625.20,626.55 1 0
github.com/plc-visualizer/backend/internal/api/handlers_parse.go:627.17,628.34 1 0
github.com/plc-visualizer/backend/internal/api/handlers_parse.go:629.14,630.34 1 0
github.com/plc-visualizer/backend/internal/api/handlers_parse.go:631.19,632.43 1 0
github.com/plc-visualizer/backend/internal/api/handlers_parse.go:634.2,634.14 1 0
github.com/plc-visualizer/backend/internal/api/handlers_parse.go:637.37,638.23 1 0
github.com/plc-visualizer/backend/internal/api/handlers_parse.go:639.15,640.11 1 0
github.com/plc-visualizer/backend/internal/api/handlers_parse.go:641.13,642.20 1 0
github.com/plc-visualizer/backend/internal/api/handlers_parse.go:643.11,644.20 1 0
github.com/plc-visualizer/backend/internal/api/handlers_parse.go:645.12,646.8 1 0
github.com/plc-visualizer/backend/internal/api/handlers_parse.go:646.8,648.4 1 0
github.com/plc-visualizer/backend/internal/api/handlers_parse.go:649.3,649.11 1 0
github.com/plc-visualizer/backend/internal/api/handlers_parse.go:651.2,651.10 1 0
github.com/plc-visualizer/backend/internal/api/handlers_parse.go:654.76,655.19 1 0
github.com/plc-visualizer/backend/internal/api/handlers_parse.go:655.19,657.3 1 0
github.com/plc-visualizer/backend/internal/api/handlers_parse.go:658.2,659.22 2 0
github.com/plc-visualizer/backend/internal/api/handlers_parse.go:659.22,661.3 1 0
github.com/plc-visualizer/backend/internal/api/handlers_parse.go:662.2,662.56 1 0
github.com/plc-visualizer/backend/internal/api/handlers_parse.go:662.56,664.3 1 0
github.com/plc-visualizer/backend/internal/api/handlers_parse.go:665.2,665.28 1 0
github.com/plc-visualizer/backend/internal/api/handlers_parse.go:665.28,667.3 1 0
github.com/plc-visualizer/backend/internal/api/handlers_parse.go:668.2,668.16 1 0
github.com/plc-visualizer/backend/internal/api/handlers_parse.go:671.99,675.28 3 0
github.com/plc-visualizer/backend/internal/api/handlers_parse.go:675.28,676.38 1 0
github.com/plc-visualizer/backend/internal/api/handlers_parse.go:676.38,677.12 1 0
github.com/plc-visualizer/backend/internal/api/handlers_parse.go:679.3,680.20 2 0
github.com/plc-visualizer/backend/internal/api/handlers_parse.go:680.20,688.4 2 0
github.com/plc-visualizer/backend/internal/api/handlers_parse.go:689.3,689.15 1 0
github.com/plc-visualizer/backend/internal/api/handlers_parse.go:691.2,691.16 1 0
github.com/plc-visualizer/backend/internal/api/handlers_parse.go:694.96,695.20 1 0
github.com/plc-visualizer/backend/internal/api/handlers_parse.go:695.20,697.3 1 0
github.com/plc-visualizer/backend/internal/api/handlers_parse.go:698.2,701.28 3 0
github.com/plc-visualizer/backend/internal/api/handlers_parse.go:701.28,702.21 1 0
github.com/plc-visualizer/backend/internal/api/handlers_parse.go:702.21,703.38 1 0
github.com/plc-visualizer/backend/internal/api/handlers_parse.go:703.38,706.5 2 0
github.com/plc-visualizer/backend/internal/api/handlers_parse.go:707.9,708.37 1 0
github.com/plc-visualizer/backend/internal/api/handlers_parse.go:708.37,718.5 4 0
github.com/plc-visualizer/backend/internal/api/handlers_parse.go:721.2,721.16 1 0
github.com/plc-visualizer/backend/internal/api/handlers_parse.go:724.108,728.28 3 0
github.com/plc-visualizer/backend/internal/api/handlers_parse.go:728.28,729.79 1 0
github.com/plc-visualizer/backend/internal/api/handlers_parse.go:729.79,730.12 1 0
github.com/plc-visualizer/backend/internal/api/handlers_parse.go:732.3,733.32 2 0
github.com/plc-visualizer/backend/internal/api/handlers_parse.go:733.32,736.4 2 0
github.com/plc-visualizer/backend/internal/api/handlers_parse.go:736.9,736.40 1 0
github.com/plc-visualizer/backend/internal/api/handlers_parse.go:736.40,746.4 4 0
github.com/plc-visualizer/backend/internal/api/handlers_parse.go:748.2,748.16 1 0
github.com/plc-visualizer/backend/internal/api/handlers_parse.go:751.50,754.16 2 1
github.com/plc-visualizer/backend/internal/api/handlers_parse.go:754.16,756.3 1 1
github.com/plc-visualizer/backend/internal/api/handlers_parse.go:757.2,757.44 1 1
github.com/plc-visualizer/backend/internal/api/handlers_parse.go:760.47,762.2 1 0
github.com/plc-visualizer/backend/internal/api/handlers_upload.go:28.168,36.2 1 1
github.com/plc-visualizer/backend/internal/api/handlers_upload.go:39.68,41.37 2 1
github.com/plc-visualizer/backend/internal/api/handlers_upload.go:41.37,43.3 1 0
github.com/plc-visualizer/backend/internal/api/handlers_upload.go:45.2,45.39 1 1
github.com/plc-visualizer/backend/internal/api/handlers_upload.go:45.39,47.3 1 1
github.com/plc-visualizer/backend/internal/api/handlers_upload.go:50.2,51.16 2 1
github.com/plc-visualizer/backend/internal/api/handlers_upload.go:51.16,53.3 1 1
github.com/plc-visualizer/backend/internal/api/handlers_upload.go:56.2,57.16 2 1
github.com/plc-visualizer/backend/internal/api/handlers_upload.go:57.16,59.3 1 0
github.com/plc-visualizer/backend/internal/api/handlers_upload.go:61.2,61.41 1 1
github.com/plc-visualizer/backend/internal/api/handlers_upload.go:65.69,67.37 2 1
github.com/plc-visualizer/backend/internal/api/handlers_upload.go:67.37,69.3 1 0
github.com/plc-visualizer/backend/internal/api/handlers_upload.go:71.2,71.39 1 1
github.com/plc-visualizer/backend/internal/api/handlers_upload.go:71.39,73.3 1 1
github.com/plc-visualizer/backend/internal/api/handlers_upload.go:76.2,77.16 2 1
github.com/plc-visualizer/backend/internal/api/handlers_upload.go:77.16,79.3 1 1
github.com/plc-visualizer/backend/internal/api/handlers_upload.go:82.2,82.86 1 1
github.com/plc-visualizer/backend/internal/api/handlers_upload.go:82.86,84.3 1 0
github.com/plc-visualizer/backend/internal/api/handlers_upload.go:86.2,86.41 1 1
github.com/plc-visualizer/backend/internal/api/handlers_upload.go:90.72,92.37 2 1
github.com/plc-visualizer/backend/internal/api/handlers_upload.go:92.37,94.3 1 0
github.com/plc-visualizer/backend/internal/api/handlers_upload.go:96.2,96.39 1 1
github.com/plc-visualizer/backend/internal/api/handlers_upload.go:96.39,98.3 1 0
github.com/plc-visualizer/backend/internal/api/handlers_upload.go:101.2,113.4 2 1
github.com/plc-visualizer/backend/internal/api/handlers_upload.go:117.70,120.16 2 0
github.com/plc-visualizer/backend/internal/api/handlers_upload.go:120.16,122.3 1 0
github.com/plc-visualizer/backend/internal/api/handlers_upload.go:125.2,126.16 2 0
github.com/plc-visualizer/backend/internal/api/handlers_upload.go:126.16,128.3 1 0
github.com/plc-visualizer/backend/internal/api/handlers_upload.go:129.2,133.16 3 0
github.com/plc-visualizer/backend/internal/api/handlers_upload.go:133.16,135.3 1 0
github.com/plc-visualizer/backend/internal/api/handlers_upload.go:137.2,137.41 1 0
github.com/plc-visualizer/backend/internal/api/handlers_upload.go:141.72,143.16 2 1
github.com/plc-visualizer/backend/internal/api/handlers_upload.go:143.16,145.3 1 0
github.com/plc-visualizer/backend/internal/api/handlers_upload.go:148.2,151.24 2 1
github.com/plc-visualizer/backend/internal/api/handlers_upload.go:151.24,153.3 1 1
github.com/plc-visualizer/backend/internal/api/handlers_upload.go:155.2,155.40 1 1
github.com/plc-visualizer/backend/internal/api/handlers_upload.go:159.65,161.14 2 1
github.com/plc-visualizer/backend/internal/api/handlers_upload.go:161.14,163.3 1 1
github.com/plc-visualizer/backend/internal/api/handlers_upload.go:165.2,166.16 2 1
github.com/plc-visualizer/backend/internal/api/handlers_upload.go:166.16,168.3 1 1
github.com/plc-visualizer/backend/internal/api/handlers_upload.go:170.2,170.36 1 1
github.com/plc-visualizer/backend/internal/api/handlers_upload.go:174.68,176.14 2 1
github.com/plc-visualizer/backend/internal/api/handlers_upload.go:176.14,178.3 1 0
github.com/plc-visualizer/backend/internal/api/handlers_upload.go:180.2,180.43 1 1
github.com/plc-visualizer/backend/internal/api/handlers_upload.go:180.43,182.3 1 1
github.com/plc-visualizer/backend/internal/api/handlers_upload.go:185.2,185.25 1 1
github.com/plc-visualizer/backend/internal/api/handlers_upload.go:185.25,188.3 2 1
github.com/plc-visualizer/backend/internal/api/handlers_upload.go:190.2,190.25 1 1
github.com/plc-visualizer/backend/internal/api/handlers_upload.go:190.25,192.3 1 1
github.com/plc-visualizer/backend/internal/api/handlers_upload.go:194.2,194.29 1 1
github.com/plc-visualizer/backend/internal/api/handlers_upload.go:194.29,196.3 1 1
github.com/plc-visualizer/backend/internal/api/handlers_upload.go:198.2,198.42 1 1
github.com/plc-visualizer/backend/internal/api/handlers_upload.go:202.68,204.14 2 1
github.com/plc-visualizer/backend/internal/api/handlers_upload.go:204.14,206.3 1 0
github.com/plc-visualizer/backend/internal/api/handlers_upload.go:208.2,209.37 2 1
github.com/plc-visualizer/backend/internal/api/handlers_upload.go:209.37,211.3 1 0
github.com/plc-visualizer/backend/internal/api/handlers_upload.go:213.2,213.20 1 1
github.com/plc-visualizer/backend/internal/api/handlers_upload.go:213.20,215.3 1 1
github.com/plc-visualizer/backend/internal/api/handlers_upload.go:217.2,218.16 2 1
github.com/plc-visualizer/backend/internal/api/handlers_upload.go:218.16,220.3 1 1
github.com/plc-visualizer/backend/internal/api/handlers_upload.go:222.2,222.36 1 1
github.com/plc-visualizer/backend/internal/api/handlers_upload.go:227.73,229.17 2 1
github.com/plc-visualizer/backend/internal/api/handlers_upload.go:229.17,231.3 1 0
github.com/plc-visualizer/backend/internal/api/handlers_upload.go:232.2,232.28 1 1
github.com/plc-visualizer/backend/internal/api/handlers_upload.go:232.28,234.3 1 0
github.com/plc-visualizer/backend/internal/api/handlers_upload.go:236.2,237.9 2 1
github.com/plc-visualizer/backend/internal/api/handlers_upload.go:237.9,239.3 1 0
github.com/plc-visualizer/backend/internal/api/handlers_upload.go:241.2,247.45 6 1
github.com/plc-visualizer/backend/internal/api/handlers_upload.go:247.45,251.3 3 1
github.com/plc-visualizer/backend/internal/api/handlers_upload.go:253.2,253.37 1 1
github.com/plc-visualizer/backend/internal/api/handlers_upload.go:253.37,255.3 1 0
github.com/plc-visualizer/backend/internal/api/handlers_upload.go:256.2,256.77 1 1
github.com/plc-visualizer/backend/internal/api/handlers_upload.go:256.77,258.3 1 1
github.com/plc-visualizer/backend/internal/api/handlers_upload.go:260.2,266.6 5 0
github.com/plc-visualizer/backend/internal/api/handlers_upload.go:266.6,267.10 1 0
github.com/plc-visualizer/backend/internal/api/handlers_upload.go:268.39,269.14 1 0
github.com/plc-visualizer/backend/internal/api/handlers_upload.go:270.20,271.14 1 0
github.com/plc-visualizer/backend/internal/api/handlers_upload.go:272.19,274.11 2 0
github.com/plc-visualizer/backend/internal/api/handlers_upload.go:274.11,276.5 1 0
github.com/plc-visualizer/backend/internal/api/handlers_upload.go:277.4,277.43 1 0
github.com/plc-visualizer/backend/internal/api/handlers_upload.go:277.43,279.5 1 0
github.com/plc-visualizer/backend/internal/api/handlers_upload.go:280.4,280.87 1 0
github.com/plc-visualizer/backend/internal/api/handlers_upload.go:280.87,282.5 1 0
github.com/plc-visualizer/backend/internal/api/handlers_upload.go:294.46,295.18 1 1
github.com/plc-visualizer/backend/internal/api/handlers_upload.go:295.18,297.3 1 1
github.com/plc-visualizer/backend/internal/api/handlers_upload.go:298.2,298.18 1 1
github.com/plc-visualizer/backend/internal/api/handlers_upload.go:298.18,300.3 1 1
github.com/plc-visualizer/backend/internal/api/handlers_upload.go:301.2,301.12 1 1
github.com/plc-visualizer/backend/internal/api/handlers_upload.go:312.47,313.22 1 1
github.com/plc-visualizer/backend/internal/api/handlers_upload.go:313.22,315.3 1 1
github.com/plc-visualizer/backend/internal/api/handlers_upload.go:316.2,316.18 1 1
github.com/plc-visualizer/backend/internal/api/handlers_upload.go:316.18,318.3 1 1
github.com/plc-visualizer/backend/internal/api/handlers_upload.go:319.2,319.12 1 1
github.com/plc-visualizer/backend/internal/api/handlers_upload.go:331.50,332.22 1 1
github.com/plc-visualizer/backend/internal/api/handlers_upload.go:332.22,334.3 1 0
github.com/plc-visualizer/backend/internal/api/handlers_upload.go:335.2,335.18 1 1
github.com/plc-visualizer/backend/internal/api/handlers_upload.go:335.18,337.3 1 0
github.com/plc-visualizer/backend/internal/api/handlers_upload.go:338.2,338.24 1 1
github.com/plc-visualizer/backend/internal/api/handlers_upload.go:338.24,340.3 1 0
github.com/plc-visualizer/backend/internal/api/handlers_upload.go:341.2,341.12 1 1
github.com/plc-visualizer/backend/internal/api/handlers_upload.go:351.66,353.26 2 1
github.com/plc-visualizer/backend/internal/api/handlers_upload.go:353.26,358.42 2 1
github.com/plc-visualizer/backend/internal/api/handlers_upload.go:358.42,360.4 1 1
github.com/plc-visualizer/backend/internal/api/handlers_upload.go:362.2,362.17 1 1
github.com/plc-visualizer/backend/internal/api/routes.go:34.48,46.2 3 1
github.com/plc-visualizer/backend/internal/api/routes.go:49.55,101.2 42 0
github.com/plc-visualizer/backend/internal/api/routes.go:104.65,107.2 0 0
github.com/plc-visualizer/backend/internal/api/routes.go:110.36,122.2 1 0
github.com/plc-visualizer/backend/internal/api/websocket.go:134.84,142.44 1 0
github.com/plc-visualizer/backend/internal/api/websocket.go:142.44,145.5 1 0
github.com/plc-visualizer/backend/internal/api/websocket.go:154.68,156.16 2 0
github.com/plc-visualizer/backend/internal/api/websocket.go:156.16,158.3 1 0
github.com/plc-visualizer/backend/internal/api/websocket.go:159.2,173.6 7 0
github.com/plc-visualizer/backend/internal/api/websocket.go:173.6,176.17 3 0
github.com/plc-visualizer/backend/internal/api/websocket.go:176.17,177.103 1 0
github.com/plc-visualizer/backend/internal/api/websocket.go:177.103,179.5 1 0
github.com/plc-visualizer/backend/internal/api/websocket.go:180.4,180.9 1 0
github.com/plc-visualizer/backend/internal/api/websocket.go:184.3,184.19 1 0
github.com/plc-visualizer/backend/internal/api/websocket.go:185.20,187.88 1 0
github.com/plc-visualizer/backend/internal/api/websocket.go:188.26,189.47 1 0
github.com/plc-visualizer/backend/internal/api/websocket.go:190.27,191.34 1 0
github.com/plc-visualizer/backend/internal/api/websocket.go:192.30,193.37 1 0
github.com/plc-visualizer/backend/internal/api/websocket.go:194.25,195.32 1 0
github.com/plc-visualizer/backend/internal/api/websocket.go:196.27,197.34 1 0
github.com/plc-visualizer/backend/internal/api/websocket.go:198.29,199.36 1 0
github.com/plc-visualizer/backend/internal/api/websocket.go:200.11,201.72 1 0
github.com/plc-visualizer/backend/internal/api/websocket.go:205.2,206.12 2 0
github.com/plc-visualizer/backend/internal/api/websocket.go:210.103,212.62 2 0
github.com/plc-visualizer/backend/internal/api/websocket.go:212.62,215.3 2 0
github.com/plc-visualizer/backend/internal/api/websocket.go:217.2,223.51 4 0
github.com/plc-visualizer/backend/internal/api/websocket.go:223.51,226.3 2 0
github.com/plc-visualizer/backend/internal/api/websocket.go:228.2,252.62 6 0
github.com/plc-visualizer/backend/internal/api/websocket.go:256.83,258.62 2 0
github.com/plc-visualizer/backend/internal/api/websocket.go:258.62,261.3 2 0
github.com/plc-visualizer/backend/internal/api/websocket.go:263.2,267.13 4 0
github.com/plc-visualizer/backend/internal/api/websocket.go:267.13,270.3 2 0
github.com/plc-visualizer/backend/internal/api/websocket.go:273.2,274.16 2 0
github.com/plc-visualizer/backend/internal/api/websocket.go:274.16,277.3 2 0
github.com/plc-visualizer/backend/internal/api/websocket.go:280.2,281.65 2 0
github.com/plc-visualizer/backend/internal/api/websocket.go:281.65,284.3 2 0
github.com/plc-visualizer/backend/internal/api/websocket.go:287.2,305.4 4 0
github.com/plc-visualizer/backend/internal/api/websocket.go:311.86,313.62 2 0
github.com/plc-visualizer/backend/internal/api/websocket.go:313.62,316.3 2 0
github.com/plc-visualizer/backend/internal/api/websocket.go:318.2,322.13 4 0
github.com/plc-visualizer/backend/internal/api/websocket.go:322.13,325.3 2 0
github.com/plc-visualizer/backend/internal/api/websocket.go:326.2,329.56 2 0
github.com/plc-visualizer/backend/internal/api/websocket.go:329.56,333.3 2 0
github.com/plc-visualizer/backend/internal/api/websocket.go:336.2,343.16 4 0
github.com/plc-visualizer/backend/internal/api/websocket.go:343.16,346.3 2 0
github.com/plc-visualizer/backend/internal/api/websocket.go:349.2,350.24 2 0
github.com/plc-visualizer/backend/internal/api/websocket.go:350.24,352.3 1 0
github.com/plc-visualizer/backend/internal/api/websocket.go:353.2,353.25 1 0
github.com/plc-visualizer/backend/internal/api/websocket.go:353.25,355.3 1 0
github.com/plc-visualizer/backend/internal/api/websocket.go:357.2,357.43 1 0
github.com/plc-visualizer/backend/internal/api/websocket.go:357.43,360.17 3 0
github.com/plc-visualizer/backend/internal/api/websocket.go:360.17,364.4 3 0
github.com/plc-visualizer/backend/internal/api/websocket.go:365.3,365.59 1 0
github.com/plc-visualizer/backend/internal/api/websocket.go:365.59,369.4 3 0
github.com/plc-visualizer/backend/internal/api/websocket.go:372.3,372.62 1 0
github.com/plc-visualizer/backend/internal/api/websocket.go:372.62,376.4 2 0
github.com/plc-visualizer/backend/internal/api/websocket.go:378.2,383.62 3 0
github.com/plc-visualizer/backend/internal/api/websocket.go:383.62,387.117 3 0
github.com/plc-visualizer/backend/internal/api/websocket.go:387.117,390.4 2 0
github.com/plc-visualizer/backend/internal/api/websocket.go:390.9,392.4 1 0
github.com/plc-visualizer/backend/internal/api/websocket.go:393.8,395.3 1 0
github.com/plc-visualizer/backend/internal/api/websocket.go:398.2,402.16 3 0
github.com/plc-visualizer/backend/internal/api/websocket.go:402.16,405.3 2 0
github.com/plc-visualizer/backend/internal/api/websocket.go:408.2,419.80 2 0
github.com/plc-visualizer/backend/internal/api/websocket.go:423.131,436.2 1 0
github.com/plc-visualizer/backend/internal/api/websocket.go:439.81,441.62 2 0
github.com/plc-visualizer/backend/internal/api/websocket.go:441.62,444.3 2 0
github.com/plc-visualizer/backend/internal/api/websocket.go:447.2,448.16 2 0
github.com/plc-visualizer/backend/internal/api/websocket.go:448.16,451.3 2 0
github.com/plc-visualizer/backend/internal/api/websocket.go:454.2,455.16 2 0
github.com/plc-visualizer/backend/internal/api/websocket.go:455.16,458.3 2 0
github.com/plc-visualizer/backend/internal/api/websocket.go:460.2,460.59 1 0
github.com/plc-visualizer/backend/internal/api/websocket.go:460.59,462.3 1 0
github.com/plc-visualizer/backend/internal/api/websocket.go:465.2,465.51 1 0
github.com/plc-visualizer/backend/internal/api/websocket.go:465.51,467.3 1 0
github.com/plc-visualizer/backend/internal/api/websocket.go:470.2,483.55 2 0
github.com/plc-visualizer/backend/internal/api/websocket.go:487.83,489.62 2 0
github.com/plc-visualizer/backend/internal/api/websocket.go:489.62,492.3 2 0
github.com/plc-visualizer/backend/internal/api/websocket.go:495.2,496.16 2 0
github.com/plc-visualizer/backend/internal/api/websocket.go:496.16,499.3 2 0
github.com/plc-visualizer/backend/internal/api/websocket.go:502.2,503.16 2 0
github.com/plc-visualizer/backend/internal/api/websocket.go:503.16,506.3 2 0
github.com/plc-visualizer/backend/internal/api/websocket.go:509.2,510.16 2 0
github.com/plc-visualizer/backend/internal/api/websocket.go:510.16,513.3 2 0
github.com/plc-visualizer/backend/internal/api/websocket.go:516.2,516.51 1 0
github.com/plc-visualizer/backend/internal/api/websocket.go:516.51,518.3 1 0
github.com/plc-visualizer/backend/internal/api/websocket.go:521.2,537.57 2 0
github.com/plc-visualizer/backend/internal/api/websocket.go:541.85,543.62 2 0
github.com/plc-visualizer/backend/internal/api/websocket.go:543.62,546.3 2 0
github.com/plc-visualizer/backend/internal/api/websocket.go:549.2,550.16 2 0
github.com/plc-visualizer/backend/internal/api/websocket.go:550.16,553.3 2 0
github.com/plc-visualizer/backend/internal/api/websocket.go:556.2,557.16 2 0
github.com/plc-visualizer/backend/internal/api/websocket.go:557.16,560.3 2 0
github.com/plc-visualizer/backend/internal/api/websocket.go:563.2,564.16 2 0
github.com/plc-visualizer/backend/internal/api/websocket.go:564.16,567.3 2 0
github.com/plc-visualizer/backend/internal/api/websocket.go:570.2,583.16 3 0
github.com/plc-visualizer/backend/internal/api/websocket.go:583.16,586.3 2 0
github.com/plc-visualizer/backend/internal/api/websocket.go:589.2,589.26 1 0
github.com/plc-visualizer/backend/internal/api/websocket.go:589.26,591.10 2 0
github.com/plc-visualizer/backend/internal/api/websocket.go:591.10,592.9 1 0
github.com/plc-visualizer/backend/internal/api/websocket.go:594.3,594.72 1 0
github.com/plc-visualizer/backend/internal/api/websocket.go:594.72,595.43 1 0
github.com/plc-visualizer/backend/internal/api/websocket.go:595.43,598.5 2 0
github.com/plc-visualizer/backend/internal/api/websocket.go:599.4,599.9 1 0
github.com/plc-visualizer/backend/internal/api/websocket.go:601.3,601.37 1 0
github.com/plc-visualizer/backend/internal/api/websocket.go:605.2,605.59 1 0
github.com/plc-visualizer/backend/internal/api/websocket.go:605.59,607.3 1 0
github.com/plc-visualizer/backend/internal/api/websocket.go:610.2,623.63 2 0
github.com/plc-visualizer/backend/internal/api/websocket.go:628.77,629.42 1 0
github.com/plc-visualizer/backend/internal/api/websocket.go:629.42,631.3 1 0
github.com/plc-visualizer/backend/internal/api/websocket.go:634.82,644.2 1 0
github.com/plc-visualizer/backend/internal/api/websocket.go:646.68,649.8 3 0
github.com/plc-visualizer/backend/internal/api/websocket.go:649.8,651.3 1 0
github.com/plc-visualizer/backend/internal/api/websocket.go:652.2,654.33 2 0
github.com/plc-visualizer/backend/internal/api/websocket.go:654.33,656.3 1 0
github.com/plc-visualizer/backend/internal/api/websocket.go:659.76,660.24 1 0
github.com/plc-visualizer/backend/internal/api/websocket.go:660.24,662.3 1 0
github.com/plc-visualizer/backend/internal/api/websocket.go:664.2,666.40 3 0
github.com/plc-visualizer/backend/internal/api/websocket.go:666.40,667.43 1 0
github.com/plc-visualizer/backend/internal/api/websocket.go:667.43,669.4 1 0
github.com/plc-visualizer/backend/internal/api/websocket.go:671.2,673.25 2 0
github.com/plc-visualizer/backend/internal/api/websocket.go:673.25,675.3 1 0
github.com/plc-visualizer/backend/internal/api/websocket.go:678.73,679.17 1 0
github.com/plc-visualizer/backend/internal/api/websocket.go:679.17,681.3 1 0
github.com/plc-visualizer/backend/internal/api/websocket.go:683.2,687.40 4 0
github.com/plc-visualizer/backend/internal/api/websocket.go:687.40,688.42 1 0
github.com/plc-visualizer/backend/internal/api/websocket.go:688.42,690.4 1 0
github.com/plc-visualizer/backend/internal/api/websocket.go:692.2,694.29 2 0
github.com/plc-visualizer/backend/internal/api/websocket.go:694.29,696.3 1 0
github.com/plc-visualizer/backend/internal/api/websocket.go:699.32,701.2 1 0
github.com/plc-visualizer/backend/internal/api/websocket.go:703.46,705.16 2 1
github.com/plc-visualizer/backend/internal/api/websocket.go:705.16,707.3 1 0
github.com/plc-visualizer/backend/internal/api/websocket.go:708.2,708.13 1 1
github.com/plc-visualizer/backend/internal/api/websocket.go:711.50,713.16 2 0
github.com/plc-visualizer/backend/internal/api/websocket.go:713.16,715.3 1 0
github.com/plc-visualizer/backend/internal/api/websocket.go:716.2,720.6 4 0
github.com/plc-visualizer/backend/internal/api/websocket.go:720.6,722.12 2 0
github.com/plc-visualizer/backend/internal/api/websocket.go:722.12,724.4 1 0
github.com/plc-visualizer/backend/internal/api/websocket.go:725.3,725.17 1 0
github.com/plc-visualizer/backend/internal/api/websocket.go:725.17,726.28 1 0
github.com/plc-visualizer/backend/internal/api/websocket.go:726.28,727.10 1 0
github.com/plc-visualizer/backend/internal/api/websocket.go:729.4,729.19 1 0
github.com/plc-visualizer/backend/internal/api/websocket.go:732.2,732.20 1 0
github.com/plc-visualizer/backend/internal/api/websocket.go:741.47,743.2 1 0
github.com/plc-visualizer/backend/internal/api/websocket.go:745.51,746.26 1 0
github.com/plc-visualizer/backend/internal/api/websocket.go:746.26,748.3 1 0
github.com/plc-visualizer/backend/internal/api/websocket.go:749.2,751.15 3 0
github.com/plc-visualizer/backend/internal/api/websocket.go:755.82,757.16 2 0
github.com/plc-visualizer/backend/internal/api/websocket.go:757.16,759.3 1 0
github.com/plc-visualizer/backend/internal/api/websocket.go:760.2,763.16 3 0
github.com/plc-visualizer/backend/internal/api/websocket.go:763.16,765.3 1 0
github.com/plc-visualizer/backend/internal/api/websocket.go:766.2,769.16 3 0
github.com/plc-visualizer/backend/internal/api/websocket.go:769.16,771.3 1 0
github.com/plc-visualizer/backend/internal/api/websocket.go:772.2,776.12 4 0
github.com/plc-visualizer/backend/internal/api/websocket.go:780.124,782.16 2 0
github.com/plc-visualizer/backend/internal/api/websocket.go:782.16,784.3 1 0
github.com/plc-visualizer/backend/internal/api/websocket.go:785.2,789.16 3 0
github.com/plc-visualizer/backend/internal/api/websocket.go:789.16,791.3 1 0
github.com/plc-visualizer/backend/internal/api/websocket.go:792.2,795.16 3 0
github.com/plc-visualizer/backend/internal/api/websocket.go:795.16,797.3 1 0
github.com/plc-visualizer/backend/internal/api/websocket.go:798.2,801.16 3 0
github.com/plc-visualizer/backend/internal/api/websocket.go:801.16,803.3 1 0
github.com/plc-visualizer/backend/internal/api/websocket.go:804.2,810.6 5 0
github.com/plc-visualizer/backend/internal/api/websocket.go:810.6,812.12 2 0
github.com/plc-visualizer/backend/internal/api/websocket.go:812.12,813.54 1 0
github.com/plc-visualizer/backend/internal/api/websocket.go:813.54,815.5 1 0
github.com/plc-visualizer/backend/internal/api/websocket.go:816.4,821.21 3 0
github.com/plc-visualizer/backend/internal/api/websocket.go:821.21,823.5 1 0
github.com/plc-visualizer/backend/internal/api/websocket.go:826.4,826.34 1 0
github.com/plc-visualizer/backend/internal/api/websocket.go:826.34,830.5 2 0
github.com/plc-visualizer/backend/internal/api/websocket.go:832.3,832.17 1 0
github.com/plc-visualizer/backend/internal/api/websocket.go:832.17,833.28 1 0
github.com/plc-visualizer/backend/internal/api/websocket.go:833.28,834.10 1 0
github.com/plc-visualizer/backend/internal/api/websocket.go:836.4,836.14 1 0
github.com/plc-visualizer/backend/internal/api/websocket.go:841.2,842.12 2 0
github.com/plc-visualizer/backend/internal/api/websocket.go:846.100,849.16 2 0
github.com/plc-visualizer/backend/internal/api/websocket.go:849.16,851.3 1 0
github.com/plc-visualizer/backend/internal/api/websocket.go:852.2,855.42 2 0
github.com/plc-visualizer/backend/internal/api/websocket.go:858.30,860.2 1 0
github.com/plc-visualizer/backend/cmd/server/main.go:27.13,30.16 2 0
github.com/plc-visualizer/backend/cmd/server/main.go:30.16,33.3 2 0
github.com/plc-visualizer/backend/cmd/server/main.go:34.2,39.16 4 0
github.com/plc-visualizer/backend/cmd/server/main.go:39.16,42.3 2 0
github.com/plc-visualizer/backend/cmd/server/main.go:45.2,45.48 1 0
github.com/plc-visualizer/backend/cmd/server/main.go:45.48,48.3 2 0
github.com/plc-visualizer/backend/cmd/server/main.go:51.2,55.16 3 0
github.com/plc-visualizer/backend/cmd/server/main.go:55.16,58.3 2 0
github.com/plc-visualizer/backend/cmd/server/main.go:61.2,64.12 2 0
github.com/plc-visualizer/backend/cmd/server/main.go:64.12,67.7 3 0
github.com/plc-visualizer/backend/cmd/server/main.go:67.7,68.11 1 0
github.com/plc-visualizer/backend/cmd/server/main.go:69.20,70.101 1 0
github.com/plc-visualizer/backend/cmd/server/main.go:76.2,96.56 5 0
github.com/plc-visualizer/backend/cmd/server/main.go:96.56,98.3 1 0
github.com/plc-visualizer/backend/cmd/server/main.go:98.8,100.3 1 0
github.com/plc-visualizer/backend/cmd/server/main.go:102.2,109.38 3 0
github.com/plc-visualizer/backend/cmd/server/main.go:109.38,111.42 1 0
github.com/plc-visualizer/backend/cmd/server/main.go:111.42,113.5 1 0
github.com/plc-visualizer/backend/cmd/server/main.go:114.4,117.26 2 0
github.com/plc-visualizer/backend/cmd/server/main.go:121.2,129.38 2 0
github.com/plc-visualizer/backend/cmd/server/main.go:129.38,135.4 2 0
github.com/plc-visualizer/backend/cmd/server/main.go:140.2,140.38 1 0
github.com/plc-visualizer/backend/cmd/server/main.go:140.38,143.39 1 0
github.com/plc-visualizer/backend/cmd/server/main.go:143.39,145.5 1 0
github.com/plc-visualizer/backend/cmd/server/main.go:150.2,153.27 2 0
github.com/plc-visualizer/backend/cmd/server/main.go:153.27,154.19 1 0
github.com/plc-visualizer/backend/cmd/server/main.go:154.19,157.27 2 0
github.com/plc-visualizer/backend/cmd/server/main.go:157.27,159.5 1 0
github.com/plc-visualizer/backend/cmd/server/main.go:160.4,160.68 1 0
github.com/plc-visualizer/backend/cmd/server/main.go:160.68,162.5 1 0
github.com/plc-visualizer/backend/cmd/server/main.go:163.4,167.7 1 0
github.com/plc-visualizer/backend/cmd/server/main.go:168.9,179.4 1 0
github.com/plc-visualizer/backend/cmd/server/main.go:183.2,201.36 11 0
github.com/plc-visualizer/backend/cmd/server/main.go:201.36,203.3 1 0
github.com/plc-visualizer/backend/cmd/server/main.go:204.2,247.18 32 0
github.com/plc-visualizer/backend/cmd/server/main.go:247.18,248.53 1 0
github.com/plc-visualizer/backend/cmd/server/main.go:248.53,250.4 1 0
github.com/plc-visualizer/backend/cmd/server/main.go:250.9,252.4 1 0
github.com/plc-visualizer/backend/cmd/server/main.go:256.2,265.18 3 0
github.com/plc-visualizer/backend/cmd/server/main.go:265.18,267.3 1 0
github.com/plc-visualizer/backend/cmd/server/main.go:269.2,285.18 16 0
github.com/plc-visualizer/backend/cmd/server/main.go:285.18,287.3 1 0
github.com/plc-visualizer/backend/cmd/server/main.go:289.2,289.34 1 0
github.com/plc-visualizer/backend/internal/config/xml_config.go:81.33,123.2 1 0
github.com/plc-visualizer/backend/internal/config/xml_config.go:126.56,128.55 1 0
github.com/plc-visualizer/backend/internal/config/xml_config.go:128.55,130.49 2 0
github.com/plc-visualizer/backend/internal/config/xml_config.go:130.49,132.4 1 0
github.com/plc-visualizer/backend/internal/config/xml_config.go:133.3,133.21 1 0
github.com/plc-visualizer/backend/internal/config/xml_config.go:136.2,137.16 2 0
github.com/plc-visualizer/backend/internal/config/xml_config.go:137.16,139.3 1 0
github.com/plc-visualizer/backend/internal/config/xml_config.go:141.2,142.52 2 0
github.com/plc-visualizer/backend/internal/config/xml_config.go:142.52,144.3 1 0
github.com/plc-visualizer/backend/internal/config/xml_config.go:147.2,149.20 2 0
github.com/plc-visualizer/backend/internal/config/xml_config.go:153.51,155.16 2 0
github.com/plc-visualizer/backend/internal/config/xml_config.go:155.16,157.3 1 0
github.com/plc-visualizer/backend/internal/config/xml_config.go:159.2,162.64 3 0
github.com/plc-visualizer/backend/internal/config/xml_config.go:162.64,164.3 1 0
github.com/plc-visualizer/backend/internal/config/xml_config.go:166.2,166.12 1 0
github.com/plc-visualizer/backend/internal/config/xml_config.go:170.52,171.46 1 0
github.com/plc-visualizer/backend/internal/config/xml_config.go:171.46,173.3 1 0
github.com/plc-visualizer/backend/internal/config/xml_config.go:174.2,174.49 1 0
github.com/plc-visualizer/backend/internal/config/xml_config.go:174.49,176.3 1 0
github.com/plc-visualizer/backend/internal/config/xml_config.go:177.2,177.46 1 0
github.com/plc-visualizer/backend/internal/config/xml_config.go:177.46,179.3 1 0
github.com/plc-visualizer/backend/internal/config/xml_config.go:180.2,180.52 1 0
github.com/plc-visualizer/backend/internal/config/xml_config.go:180.52,182.3 1 0
github.com/plc-visualizer/backend/internal/config/xml_config.go:186.41,188.2 1 0
github.com/plc-visualizer/backend/internal/config/xml_config.go:191.43,193.2 1 0
github.com/plc-visualizer/backend/internal/config/xml_config.go:196.44,198.2 1 0
github.com/plc-visualizer/backend/internal/config/xml_config.go:201.47,209.27 2 0
github.com/plc-visualizer/backend/internal/config/xml_config.go:209.27,210.48 1 0
github.com/plc-visualizer/backend/internal/config/xml_config.go:210.48,212.4 1 0
github.com/plc-visualizer/backend/internal/config/xml_config.go:215.2,215.12 1 0
github.com/plc-visualizer/backend/internal/parser/binary_format.go:86.51,93.2 1 1
github.com/plc-visualizer/backend/internal/parser/binary_format.go:96.57,97.37 1 1
github.com/plc-visualizer/backend/internal/parser/binary_format.go:97.37,99.3 1 0
github.com/plc-visualizer/backend/internal/parser/binary_format.go:100.2,103.12 4 1
github.com/plc-visualizer/backend/internal/parser/binary_format.go:107.66,109.22 1 1
github.com/plc-visualizer/backend/internal/parser/binary_format.go:109.22,111.3 1 1
github.com/plc-visualizer/backend/internal/parser/binary_format.go:114.2,116.26 3 1
github.com/plc-visualizer/backend/internal/parser/binary_format.go:116.26,118.27 2 0
github.com/plc-visualizer/backend/internal/parser/binary_format.go:118.28,121.4 0 0
github.com/plc-visualizer/backend/internal/parser/binary_format.go:122.3,123.23 2 0
github.com/plc-visualizer/backend/internal/parser/binary_format.go:123.23,126.4 1 0
github.com/plc-visualizer/backend/internal/parser/binary_format.go:126.9,128.4 1 0
github.com/plc-visualizer/backend/internal/parser/binary_format.go:132.2,136.26 4 1
github.com/plc-visualizer/backend/internal/parser/binary_format.go:136.26,138.3 1 0
github.com/plc-visualizer/backend/internal/parser/binary_format.go:141.2,144.33 3 1
github.com/plc-visualizer/backend/internal/parser/binary_format.go:145.12,146.8 1 0
github.com/plc-visualizer/backend/internal/parser/binary_format.go:146.8,148.4 1 0
github.com/plc-visualizer/backend/internal/parser/binary_format.go:148.9,150.4 1 0
github.com/plc-visualizer/backend/internal/parser/binary_format.go:151.11,152.28 1 1
github.com/plc-visualizer/backend/internal/parser/binary_format.go:152.28,155.4 2 1
github.com/plc-visualizer/backend/internal/parser/binary_format.go:155.9,155.39 1 0
github.com/plc-visualizer/backend/internal/parser/binary_format.go:155.39,158.4 2 0
github.com/plc-visualizer/backend/internal/parser/binary_format.go:158.9,158.49 1 0
github.com/plc-visualizer/backend/internal/parser/binary_format.go:158.49,161.4 2 0
github.com/plc-visualizer/backend/internal/parser/binary_format.go:161.9,164.4 2 0
github.com/plc-visualizer/backend/internal/parser/binary_format.go:165.13,167.10 2 0
github.com/plc-visualizer/backend/internal/parser/binary_format.go:168.15,170.10 2 0
github.com/plc-visualizer/backend/internal/parser/binary_format.go:171.14,173.38 1 0
github.com/plc-visualizer/backend/internal/parser/binary_format.go:173.38,176.4 2 0
github.com/plc-visualizer/backend/internal/parser/binary_format.go:176.9,179.4 2 0
github.com/plc-visualizer/backend/internal/parser/binary_format.go:180.10,182.29 2 0
github.com/plc-visualizer/backend/internal/parser/binary_format.go:185.2,194.12 2 1
github.com/plc-visualizer/backend/internal/parser/binary_format.go:198.42,209.76 2 1
github.com/plc-visualizer/backend/internal/parser/binary_format.go:209.76,211.3 1 0
github.com/plc-visualizer/backend/internal/parser/binary_format.go:215.2,215.47 1 1
github.com/plc-visualizer/backend/internal/parser/binary_format.go:215.47,217.3 1 0
github.com/plc-visualizer/backend/internal/parser/binary_format.go:220.2,220.43 1 1
github.com/plc-visualizer/backend/internal/parser/binary_format.go:220.43,222.3 1 0
github.com/plc-visualizer/backend/internal/parser/binary_format.go:224.2,224.12 1 1
github.com/plc-visualizer/backend/internal/parser/binary_format.go:227.52,229.74 1 1
github.com/plc-visualizer/backend/internal/parser/binary_format.go:229.74,231.3 1 0
github.com/plc-visualizer/backend/internal/parser/binary_format.go:234.2,234.32 1 1
github.com/plc-visualizer/backend/internal/parser/binary_format.go:234.32,236.68 2 1
github.com/plc-visualizer/backend/internal/parser/binary_format.go:236.68,238.4 1 0
github.com/plc-visualizer/backend/internal/parser/binary_format.go:239.3,239.51 1 1
github.com/plc-visualizer/backend/internal/parser/binary_format.go:239.51,241.4 1 0
github.com/plc-visualizer/backend/internal/parser/binary_format.go:244.2,244.12 1 1
github.com/plc-visualizer/backend/internal/parser/binary_format.go:247.48,251.36 2 1
github.com/plc-visualizer/backend/internal/parser/binary_format.go:251.36,253.37 1 1
github.com/plc-visualizer/backend/internal/parser/binary_format.go:253.37,255.85 1 0
github.com/plc-visualizer/backend/internal/parser/binary_format.go:255.85,257.5 1 0
github.com/plc-visualizer/backend/internal/parser/binary_format.go:260.4,260.14 1 0
github.com/plc-visualizer/backend/internal/parser/binary_format.go:260.14,262.5 1 0
github.com/plc-visualizer/backend/internal/parser/binary_format.go:263.4,263.92 1 0
github.com/plc-visualizer/backend/internal/parser/binary_format.go:263.92,265.5 1 0
github.com/plc-visualizer/backend/internal/parser/binary_format.go:266.9,267.91 1 1
github.com/plc-visualizer/backend/internal/parser/binary_format.go:267.91,269.5 1 0
github.com/plc-visualizer/backend/internal/parser/binary_format.go:273.3,273.76 1 1
github.com/plc-visualizer/backend/internal/parser/binary_format.go:273.76,275.4 1 0
github.com/plc-visualizer/backend/internal/parser/binary_format.go:276.3,276.78 1 1
github.com/plc-visualizer/backend/internal/parser/binary_format.go:276.78,278.4 1 0
github.com/plc-visualizer/backend/internal/parser/binary_format.go:281.3,281.38 1 1
github.com/plc-visualizer/backend/internal/parser/binary_format.go:281.38,282.62 1 1
github.com/plc-visualizer/backend/internal/parser/binary_format.go:282.62,284.5 1 0
github.com/plc-visualizer/backend/internal/parser/binary_format.go:285.9,286.77 1 0
github.com/plc-visualizer/backend/internal/parser/binary_format.go:286.77,288.5 1 0
github.com/plc-visualizer/backend/internal/parser/binary_format.go:292.3,292.76 1 1
github.com/plc-visualizer/backend/internal/parser/binary_format.go:292.76,294.4 1 0
github.com/plc-visualizer/backend/internal/parser/binary_format.go:297.3,297.26 1 1
github.com/plc-visualizer/backend/internal/parser/binary_format.go:298.46,298.46 0 0
github.com/plc-visualizer/backend/internal/parser/binary_format.go:300.22,301.89 1 1
github.com/plc-visualizer/backend/internal/parser/binary_format.go:301.89,303.5 1 0
github.com/plc-visualizer/backend/internal/parser/binary_format.go:304.23,305.90 1 0
github.com/plc-visualizer/backend/internal/parser/binary_format.go:305.90,307.5 1 0
github.com/plc-visualizer/backend/internal/parser/binary_format.go:308.23,309.90 1 0
github.com/plc-visualizer/backend/internal/parser/binary_format.go:309.90,311.5 1 0
github.com/plc-visualizer/backend/internal/parser/binary_format.go:312.23,313.90 1 0
github.com/plc-visualizer/backend/internal/parser/binary_format.go:313.90,315.5 1 0
github.com/plc-visualizer/backend/internal/parser/binary_format.go:316.25,317.92 1 0
github.com/plc-visualizer/backend/internal/parser/binary_format.go:317.92,319.5 1 0
github.com/plc-visualizer/backend/internal/parser/binary_format.go:320.29,321.80 1 0
github.com/plc-visualizer/backend/internal/parser/binary_format.go:321.80,323.5 1 0
github.com/plc-visualizer/backend/internal/parser/binary_format.go:324.27,326.69 2 0
github.com/plc-visualizer/backend/internal/parser/binary_format.go:326.69,328.5 1 0
github.com/plc-visualizer/backend/internal/parser/binary_format.go:329.4,329.52 1 0
github.com/plc-visualizer/backend/internal/parser/binary_format.go:329.52,331.5 1 0
github.com/plc-visualizer/backend/internal/parser/binary_format.go:335.3,335.37 1 1
github.com/plc-visualizer/backend/internal/parser/binary_format.go:335.37,337.4 1 1
github.com/plc-visualizer/backend/internal/parser/binary_format.go:340.2,340.12 1 1
github.com/plc-visualizer/backend/internal/parser/binary_format.go:344.49,346.18 2 1
github.com/plc-visualizer/backend/internal/parser/binary_format.go:346.18,349.3 2 1
github.com/plc-visualizer/backend/internal/parser/binary_format.go:350.2,352.12 3 1
github.com/plc-visualizer/backend/internal/parser/binary_format.go:365.51,370.2 1 1
github.com/plc-visualizer/backend/internal/parser/binary_format.go:373.63,374.41 1 0
github.com/plc-visualizer/backend/internal/parser/binary_format.go:374.41,376.3 1 0
github.com/plc-visualizer/backend/internal/parser/binary_format.go:379.2,379.46 1 0
github.com/plc-visualizer/backend/internal/parser/binary_format.go:379.46,381.3 1 0
github.com/plc-visualizer/backend/internal/parser/binary_format.go:384.2,384.42 1 0
github.com/plc-visualizer/backend/internal/parser/binary_format.go:384.42,386.3 1 0
github.com/plc-visualizer/backend/internal/parser/binary_format.go:389.2,392.32 3 0
github.com/plc-visualizer/backend/internal/parser/binary_format.go:392.32,395.3 2 0
github.com/plc-visualizer/backend/internal/parser/binary_format.go:397.2,398.26 2 0
github.com/plc-visualizer/backend/internal/parser/binary_format.go:398.26,403.3 1 0
github.com/plc-visualizer/backend/internal/parser/binary_format.go:405.2,410.8 1 0
github.com/plc-visualizer/backend/internal/parser/binary_format.go:414.69,415.41 1 1
github.com/plc-visualizer/backend/internal/parser/binary_format.go:415.41,417.3 1 0
github.com/plc-visualizer/backend/internal/parser/binary_format.go:419.2,419.46 1 1
github.com/plc-visualizer/backend/internal/parser/binary_format.go:419.46,421.3 1 0
github.com/plc-visualizer/backend/internal/parser/binary_format.go:423.2,424.53 2 1
github.com/plc-visualizer/backend/internal/parser/binary_format.go:424.53,426.17 2 1
github.com/plc-visualizer/backend/internal/parser/binary_format.go:426.17,428.4 1 0
github.com/plc-visualizer/backend/internal/parser/binary_format.go:429.3,429.25 1 1
github.com/plc-visualizer/backend/internal/parser/binary_format.go:432.2,432.12 1 1
github.com/plc-visualizer/backend/internal/parser/binary_format.go:435.46,436.79 1 1
github.com/plc-visualizer/backend/internal/parser/binary_format.go:436.79,438.3 1 0
github.com/plc-visualizer/backend/internal/parser/binary_format.go:440.2,440.37 1 1
github.com/plc-visualizer/backend/internal/parser/binary_format.go:440.37,442.3 1 0
github.com/plc-visualizer/backend/internal/parser/binary_format.go:444.2,444.41 1 1
github.com/plc-visualizer/backend/internal/parser/binary_format.go:444.41,446.3 1 0
github.com/plc-visualizer/backend/internal/parser/binary_format.go:448.2,448.12 1 1
github.com/plc-visualizer/backend/internal/parser/binary_format.go:451.51,454.16 2 1
github.com/plc-visualizer/backend/internal/parser/binary_format.go:454.16,456.3 1 0
github.com/plc-visualizer/backend/internal/parser/binary_format.go:458.2,460.37 2 1
github.com/plc-visualizer/backend/internal/parser/binary_format.go:460.37,462.17 2 1
github.com/plc-visualizer/backend/internal/parser/binary_format.go:462.17,464.4 1 0
github.com/plc-visualizer/backend/internal/parser/binary_format.go:466.3,467.58 2 1
github.com/plc-visualizer/backend/internal/parser/binary_format.go:467.58,469.4 1 0
github.com/plc-visualizer/backend/internal/parser/binary_format.go:472.3,473.41 2 1
github.com/plc-visualizer/backend/internal/parser/binary_format.go:476.2,476.12 1 1
github.com/plc-visualizer/backend/internal/parser/binary_format.go:479.47,484.53 3 0
github.com/plc-visualizer/backend/internal/parser/binary_format.go:484.53,486.17 2 0
github.com/plc-visualizer/backend/internal/parser/binary_format.go:486.17,488.4 1 0
github.com/plc-visualizer/backend/internal/parser/binary_format.go:489.3,489.43 1 0
github.com/plc-visualizer/backend/internal/parser/binary_format.go:492.2,492.12 1 0
github.com/plc-visualizer/backend/internal/parser/binary_format.go:495.88,497.74 2 1
github.com/plc-visualizer/backend/internal/parser/binary_format.go:497.74,499.3 1 0
github.com/plc-visualizer/backend/internal/parser/binary_format.go:501.2,502.21 2 1
github.com/plc-visualizer/backend/internal/parser/binary_format.go:502.21,504.76 2 0
github.com/plc-visualizer/backend/internal/parser/binary_format.go:504.76,506.4 1 0
github.com/plc-visualizer/backend/internal/parser/binary_format.go:507.3,508.26 2 0
github.com/plc-visualizer/backend/internal/parser/binary_format.go:509.8,512.3 2 1
github.com/plc-visualizer/backend/internal/parser/binary_format.go:514.2,515.16 2 1
github.com/plc-visualizer/backend/internal/parser/binary_format.go:515.16,517.3 1 0
github.com/plc-visualizer/backend/internal/parser/binary_format.go:518.2,519.16 2 1
github.com/plc-visualizer/backend/internal/parser/binary_format.go:519.16,521.3 1 0
github.com/plc-visualizer/backend/internal/parser/binary_format.go:522.2,523.16 2 1
github.com/plc-visualizer/backend/internal/parser/binary_format.go:523.16,525.3 1 0
github.com/plc-visualizer/backend/internal/parser/binary_format.go:527.2,528.59 2 1
github.com/plc-visualizer/backend/internal/parser/binary_format.go:528.59,530.3 1 0
github.com/plc-visualizer/backend/internal/parser/binary_format.go:531.2,536.17 4 1
github.com/plc-visualizer/backend/internal/parser/binary_format.go:537.26,539.40 2 0
github.com/plc-visualizer/backend/internal/parser/binary_format.go:540.25,542.40 2 0
github.com/plc-visualizer/backend/internal/parser/binary_format.go:543.21,545.71 2 1
github.com/plc-visualizer/backend/internal/parser/binary_format.go:545.71,547.4 1 0
github.com/plc-visualizer/backend/internal/parser/binary_format.go:548.3,549.40 2 1
github.com/plc-visualizer/backend/internal/parser/binary_format.go:550.22,552.71 2 0
github.com/plc-visualizer/backend/internal/parser/binary_format.go:552.71,554.4 1 0
github.com/plc-visualizer/backend/internal/parser/binary_format.go:555.3,556.40 2 0
github.com/plc-visualizer/backend/internal/parser/binary_format.go:557.22,559.71 2 0
github.com/plc-visualizer/backend/internal/parser/binary_format.go:559.71,561.4 1 0
github.com/plc-visualizer/backend/internal/parser/binary_format.go:562.3,563.40 2 0
github.com/plc-visualizer/backend/internal/parser/binary_format.go:564.22,566.71 2 0
github.com/plc-visualizer/backend/internal/parser/binary_format.go:566.71,568.4 1 0
github.com/plc-visualizer/backend/internal/parser/binary_format.go:569.3,570.40 2 0
github.com/plc-visualizer/backend/internal/parser/binary_format.go:571.24,573.71 2 0
github.com/plc-visualizer/backend/internal/parser/binary_format.go:573.71,575.4 1 0
github.com/plc-visualizer/backend/internal/parser/binary_format.go:576.3,577.39 2 0
github.com/plc-visualizer/backend/internal/parser/binary_format.go:578.28,580.17 2 0
github.com/plc-visualizer/backend/internal/parser/binary_format.go:580.17,582.4 1 0
github.com/plc-visualizer/backend/internal/parser/binary_format.go:583.3,584.39 2 0
github.com/plc-visualizer/backend/internal/parser/binary_format.go:585.26,587.17 2 0
github.com/plc-visualizer/backend/internal/parser/binary_format.go:587.17,589.4 1 0
github.com/plc-visualizer/backend/internal/parser/binary_format.go:590.3,591.58 2 0
github.com/plc-visualizer/backend/internal/parser/binary_format.go:591.58,593.4 1 0
github.com/plc-visualizer/backend/internal/parser/binary_format.go:594.3,595.39 2 0
github.com/plc-visualizer/backend/internal/parser/binary_format.go:596.10,597.78 1 0
github.com/plc-visualizer/backend/internal/parser/binary_format.go:600.2,601.31 2 1
github.com/plc-visualizer/backend/internal/parser/binary_format.go:601.31,603.3 1 0
github.com/plc-visualizer/backend/internal/parser/binary_format.go:605.2,612.8 1 1
github.com/plc-visualizer/backend/internal/parser/binary_format.go:616.46,621.6 4 1
github.com/plc-visualizer/backend/internal/parser/binary_format.go:621.6,622.40 1 1
github.com/plc-visualizer/backend/internal/parser/binary_format.go:622.40,624.4 1 0
github.com/plc-visualizer/backend/internal/parser/binary_format.go:625.3,627.22 3 1
github.com/plc-visualizer/backend/internal/parser/binary_format.go:627.22,628.9 1 1
github.com/plc-visualizer/backend/internal/parser/binary_format.go:630.3,631.18 2 1
github.com/plc-visualizer/backend/internal/parser/binary_format.go:631.18,633.4 1 0
github.com/plc-visualizer/backend/internal/parser/binary_format.go:636.2,636.20 1 1
github.com/plc-visualizer/backend/internal/parser/binary_format.go:640.56,642.16 2 1
github.com/plc-visualizer/backend/internal/parser/binary_format.go:642.16,644.3 1 0
github.com/plc-visualizer/backend/internal/parser/binary_format.go:645.2,648.68 3 1
github.com/plc-visualizer/backend/internal/parser/binary_format.go:648.68,650.3 1 0
github.com/plc-visualizer/backend/internal/parser/binary_format.go:652.2,652.34 1 1
github.com/plc-visualizer/backend/internal/parser/binary_format.go:658.50,660.2 1 1
github.com/plc-visualizer/backend/internal/parser/binary_format.go:662.44,664.2 1 1
github.com/plc-visualizer/backend/internal/parser/binary_format.go:666.70,668.2 1 1
github.com/plc-visualizer/backend/internal/parser/binary_format.go:670.102,672.2 1 0
github.com/plc-visualizer/backend/internal/parser/binary_format.go:674.143,676.16 2 0
github.com/plc-visualizer/backend/internal/parser/binary_format.go:676.16,678.3 1 0
github.com/plc-visualizer/backend/internal/parser/binary_format.go:679.2,684.21 4 0
github.com/plc-visualizer/backend/internal/parser/binary_format.go:684.21,686.3 1 0
github.com/plc-visualizer/backend/internal/parser/binary_format.go:689.2,689.23 1 0
github.com/plc-visualizer/backend/internal/parser/binary_format.go:689.23,691.3 1 0
github.com/plc-visualizer/backend/internal/parser/binary_format.go:693.2,695.16 3 0
github.com/plc-visualizer/backend/internal/parser/binary_format.go:695.16,697.3 1 0
github.com/plc-visualizer/backend/internal/parser/binary_format.go:700.2,700.23 1 0
github.com/plc-visualizer/backend/internal/parser/binary_format.go:700.23,702.3 1 0
github.com/plc-visualizer/backend/internal/parser/binary_format.go:704.2,704.25 1 0
github.com/plc-visualizer/backend/internal/parser/binary_format.go:707.141,709.16 2 1
github.com/plc-visualizer/backend/internal/parser/binary_format.go:709.16,711.3 1 0
github.com/plc-visualizer/backend/internal/parser/binary_format.go:712.2,716.21 4 1
github.com/plc-visualizer/backend/internal/parser/binary_format.go:716.21,718.3 1 1
github.com/plc-visualizer/backend/internal/parser/binary_format.go:720.2,720.23 1 1
github.com/plc-visualizer/backend/internal/parser/binary_format.go:720.23,722.3 1 0
github.com/plc-visualizer/backend/internal/parser/binary_format.go:724.2,725.57 2 1
github.com/plc-visualizer/backend/internal/parser/binary_format.go:725.57,727.3 1 0
github.com/plc-visualizer/backend/internal/parser/binary_format.go:729.2,729.23 1 1
github.com/plc-visualizer/backend/internal/parser/binary_format.go:729.23,731.3 1 0
github.com/plc-visualizer/backend/internal/parser/binary_format.go:733.2,733.17 1 1
github.com/plc-visualizer/backend/internal/parser/compact_storage.go:44.44,53.2 1 1
github.com/plc-visualizer/backend/internal/parser/compact_storage.go:55.61,61.26 4 1
github.com/plc-visualizer/backend/internal/parser/compact_storage.go:61.26,63.3 1 1
github.com/plc-visualizer/backend/internal/parser/compact_storage.go:65.2,72.17 7 1
github.com/plc-visualizer/backend/internal/parser/compact_storage.go:75.62,76.25 1 1
github.com/plc-visualizer/backend/internal/parser/compact_storage.go:77.12,78.45 1 1
github.com/plc-visualizer/backend/internal/parser/compact_storage.go:79.11,80.50 1 1
github.com/plc-visualizer/backend/internal/parser/compact_storage.go:81.13,82.43 1 0
github.com/plc-visualizer/backend/internal/parser/compact_storage.go:83.15,84.47 1 0
github.com/plc-visualizer/backend/internal/parser/compact_storage.go:85.14,86.64 1 1
github.com/plc-visualizer/backend/internal/parser/compact_storage.go:87.10,88.47 1 0
github.com/plc-visualizer/backend/internal/parser/compact_storage.go:92.46,99.2 1 0
github.com/plc-visualizer/backend/internal/parser/compact_storage.go:102.60,113.55 4 1
github.com/plc-visualizer/backend/internal/parser/compact_storage.go:113.55,115.23 1 1
github.com/plc-visualizer/backend/internal/parser/compact_storage.go:116.33,117.33 1 1
github.com/plc-visualizer/backend/internal/parser/compact_storage.go:117.33,119.5 1 1
github.com/plc-visualizer/backend/internal/parser/compact_storage.go:119.10,119.39 1 0
[...]
github.com/plc-visualizer/backend/internal/session/parsedstore.go:111.82,112.27 1 1
github.com/plc-visualizer/backend/internal/session/parsedstore.go:112.27,114.3 1 0
github.com/plc-visualizer/backend/internal/session/parsedstore.go:116.2,121.43 4 1
github.com/plc-visualizer/backend/internal/session/parsedstore.go:121.43,127.3 4 0
github.com/plc-visualizer/backend/internal/session/parsedstore.go:129.2,133.16 3 1
github.com/plc-visualizer/backend/internal/session/parsedstore.go:133.16,135.3 1 0
github.com/plc-visualizer/backend/internal/session/parsedstore.go:137.2,137.19 1 1
github.com/plc-visualizer/backend/internal/session/parsedstore.go:142.91,152.16 5 1
github.com/plc-visualizer/backend/internal/session/parsedstore.go:152.16,154.3 1 0
github.com/plc-visualizer/backend/internal/session/parsedstore.go:156.2,156.19 1 1
github.com/plc-visualizer/backend/internal/session/parsedstore.go:160.63,165.2 4 1
github.com/plc-visualizer/backend/internal/session/parsedstore.go:168.63,174.65 5 0
github.com/plc-visualizer/backend/internal/session/parsedstore.go:174.65,176.3 1 0
github.com/plc-visualizer/backend/internal/session/parsedstore.go:178.2,179.12 2 0
github.com/plc-visualizer/backend/internal/session/parsedstore.go:183.51,188.28 4 0
github.com/plc-visualizer/backend/internal/session/parsedstore.go:188.28,190.3 1 0
github.com/plc-visualizer/backend/internal/session/parsedstore.go:191.2,191.16 1 0
github.com/plc-visualizer/backend/internal/session/parsedstore.go:195.66,200.40 4 0
github.com/plc-visualizer/backend/internal/session/parsedstore.go:200.40,201.47 1 0
github.com/plc-visualizer/backend/internal/session/parsedstore.go:201.47,203.4 1 0
github.com/plc-visualizer/backend/internal/session/parsedstore.go:203.9,206.4 1 0
github.com/plc-visualizer/backend/internal/session/parsedstore.go:209.2,213.3 1 0
github.com/plc-visualizer/backend/internal/session/parsedstore.go:218.76,220.32 2 0
github.com/plc-visualizer/backend/internal/session/parsedstore.go:220.32,222.3 1 0
github.com/plc-visualizer/backend/internal/session/parsedstore.go:224.2,228.32 4 0
github.com/plc-visualizer/backend/internal/session/parsedstore.go:228.32,229.24 1 0
github.com/plc-visualizer/backend/internal/session/parsedstore.go:229.24,235.4 5 0
github.com/plc-visualizer/backend/internal/session/parsedstore.go:238.2,238.16 1 0
github.com/plc-visualizer/backend/internal/models/parsed_log.go:20.32,26.2 1 0
github.com/plc-visualizer/backend/internal/models/session.go:37.55,45.2 1 0
github.com/plc-visualizer/backend/internal/storage/manager.go:40.59,41.53 1 1
github.com/plc-visualizer/backend/internal/storage/manager.go:41.53,43.3 1 0
github.com/plc-visualizer/backend/internal/storage/manager.go:45.2,46.51 2 1
github.com/plc-visualizer/backend/internal/storage/manager.go:46.51,48.3 1 0
github.com/plc-visualizer/backend/internal/storage/manager.go:50.2,55.45 2 1
github.com/plc-visualizer/backend/internal/storage/manager.go:55.45,57.3 1 0
github.com/plc-visualizer/backend/internal/storage/manager.go:59.2,59.19 1 1
github.com/plc-visualizer/backend/internal/storage/manager.go:63.79,68.16 4 1
github.com/plc-visualizer/backend/internal/storage/manager.go:68.16,70.3 1 0
github.com/plc-visualizer/backend/internal/storage/manager.go:71.2,74.16 3 1
github.com/plc-visualizer/backend/internal/storage/manager.go:74.16,77.3 2 1
github.com/plc-visualizer/backend/internal/storage/manager.go:79.2,87.48 2 1
github.com/plc-visualizer/backend/internal/storage/manager.go:87.48,90.3 2 0
github.com/plc-visualizer/backend/internal/storage/manager.go:92.2,96.18 4 1
github.com/plc-visualizer/backend/internal/storage/manager.go:100.84,104.55 3 1
github.com/plc-visualizer/backend/internal/storage/manager.go:104.55,106.3 1 0
github.com/plc-visualizer/backend/internal/storage/manager.go:108.2,116.48 2 1
github.com/plc-visualizer/backend/internal/storage/manager.go:116.48,119.3 2 0
github.com/plc-visualizer/backend/internal/storage/manager.go:121.2,125.18 4 1
github.com/plc-visualizer/backend/internal/storage/manager.go:129.63,134.9 4 1
github.com/plc-visualizer/backend/internal/storage/manager.go:134.9,136.3 1 1
github.com/plc-visualizer/backend/internal/storage/manager.go:138.2,138.18 1 1
github.com/plc-visualizer/backend/internal/storage/manager.go:142.66,147.31 4 1
github.com/plc-visualizer/backend/internal/storage/manager.go:147.31,149.3 1 1
github.com/plc-visualizer/backend/internal/storage/manager.go:152.2,152.39 1 1
github.com/plc-visualizer/backend/internal/storage/manager.go:152.39,154.3 1 1
github.com/plc-visualizer/backend/internal/storage/manager.go:156.2,156.23 1 1
github.com/plc-visualizer/backend/internal/storage/manager.go:156.23,158.3 1 1
github.com/plc-visualizer/backend/internal/storage/manager.go:160.2,160.18 1 1
github.com/plc-visualizer/backend/internal/storage/manager.go:164.46,169.9 4 1
github.com/plc-visualizer/backend/internal/storage/manager.go:169.9,171.3 1 1
github.com/plc-visualizer/backend/internal/storage/manager.go:173.2,174.63 2 1
github.com/plc-visualizer/backend/internal/storage/manager.go:174.63,176.3 1 0
github.com/plc-visualizer/backend/internal/storage/manager.go:178.2,180.45 2 1
github.com/plc-visualizer/backend/internal/storage/manager.go:180.45,183.3 2 0
github.com/plc-visualizer/backend/internal/storage/manager.go:185.2,185.12 1 1
github.com/plc-visualizer/backend/internal/storage/manager.go:189.82,194.9 4 1
github.com/plc-visualizer/backend/internal/storage/manager.go:194.9,196.3 1 1
github.com/plc-visualizer/backend/internal/storage/manager.go:198.2,200.48 3 1
github.com/plc-visualizer/backend/internal/storage/manager.go:200.48,203.3 2 0
github.com/plc-visualizer/backend/internal/storage/manager.go:204.2,204.18 1 1
github.com/plc-visualizer/backend/internal/storage/manager.go:208.61,212.31 3 1
github.com/plc-visualizer/backend/internal/storage/manager.go:212.31,214.3 1 1
github.com/plc-visualizer/backend/internal/storage/manager.go:216.2,216.44 1 1
github.com/plc-visualizer/backend/internal/storage/manager.go:220.84,222.52 2 1
github.com/plc-visualizer/backend/internal/storage/manager.go:222.52,224.3 1 0
github.com/plc-visualizer/backend/internal/storage/manager.go:226.2,228.16 3 1
github.com/plc-visualizer/backend/internal/storage/manager.go:228.16,230.3 1 0
github.com/plc-visualizer/backend/internal/storage/manager.go:231.2,234.16 3 1
github.com/plc-visualizer/backend/internal/storage/manager.go:234.16,236.3 1 0
github.com/plc-visualizer/backend/internal/storage/manager.go:238.2,238.12 1 1
github.com/plc-visualizer/backend/internal/storage/manager.go:242.89,244.52 2 1
github.com/plc-visualizer/backend/internal/storage/manager.go:244.52,246.3 1 0
github.com/plc-visualizer/backend/internal/storage/manager.go:248.2,249.55 2 1
github.com/plc-visualizer/backend/internal/storage/manager.go:249.55,251.3 1 0
github.com/plc-visualizer/backend/internal/storage/manager.go:253.2,253.12 1 1
github.com/plc-visualizer/backend/internal/storage/manager.go:257.117,263.16 5 1
github.com/plc-visualizer/backend/internal/storage/manager.go:263.16,265.3 1 0
github.com/plc-visualizer/backend/internal/storage/manager.go:266.2,269.35 3 1
github.com/plc-visualizer/backend/internal/storage/manager.go:269.35,272.17 3 1
github.com/plc-visualizer/backend/internal/storage/manager.go:272.17,274.4 1 1
github.com/plc-visualizer/backend/internal/storage/manager.go:276.3,278.17 3 1
github.com/plc-visualizer/backend/internal/storage/manager.go:278.17,280.4 1 0
github.com/plc-visualizer/backend/internal/storage/manager.go:281.3,281.17 1 1
github.com/plc-visualizer/backend/internal/storage/manager.go:285.2,293.48 2 1
github.com/plc-visualizer/backend/internal/storage/manager.go:293.48,296.3 2 0
github.com/plc-visualizer/backend/internal/storage/manager.go:298.2,305.18 5 1
github.com/plc-visualizer/backend/internal/storage/manager.go:309.58,313.48 4 1
github.com/plc-visualizer/backend/internal/storage/manager.go:313.48,315.3 1 0
github.com/plc-visualizer/backend/internal/storage/manager.go:318.53,320.2 1 1
github.com/plc-visualizer/backend/internal/storage/manager.go:322.67,324.16 2 1
github.com/plc-visualizer/backend/internal/storage/manager.go:324.16,326.3 1 0
github.com/plc-visualizer/backend/internal/storage/manager.go:327.2,327.74 1 1
github.com/plc-visualizer/backend/internal/storage/manager.go:327.74,329.3 1 0
github.com/plc-visualizer/backend/internal/storage/manager.go:330.2,330.12 1 1
github.com/plc-visualizer/backend/internal/storage/manager.go:333.54,334.77 1 1
github.com/plc-visualizer/backend/internal/storage/manager.go:334.77,336.3 1 0
github.com/plc-visualizer/backend/internal/storage/manager.go:337.2,337.12 1 1
github.com/plc-visualizer/backend/internal/storage/manager.go:340.43,342.16 2 1
github.com/plc-visualizer/backend/internal/storage/manager.go:342.16,344.3 1 0
github.com/plc-visualizer/backend/internal/storage/manager.go:346.2,346.32 1 1
github.com/plc-visualizer/backend/internal/storage/manager.go:346.32,347.61 1 1
github.com/plc-visualizer/backend/internal/storage/manager.go:347.61,348.12 1 0
github.com/plc-visualizer/backend/internal/storage/manager.go:351.3,353.17 3 1
github.com/plc-visualizer/backend/internal/storage/manager.go:353.17,355.4 1 0
github.com/plc-visualizer/backend/internal/storage/manager.go:357.3,358.53 2 1
github.com/plc-visualizer/backend/internal/storage/manager.go:358.53,360.4 1 0
github.com/plc-visualizer/backend/internal/storage/manager.go:361.3,361.20 1 1
github.com/plc-visualizer/backend/internal/storage/manager.go:361.20,362.12 1 0
github.com/plc-visualizer/backend/internal/storage/manager.go:365.3,366.45 2 1
github.com/plc-visualizer/backend/internal/storage/manager.go:366.45,367.26 1 0
github.com/plc-visualizer/backend/internal/storage/manager.go:367.26,369.13 2 0
github.com/plc-visualizer/backend/internal/storage/manager.go:371.4,371.66 1 0
github.com/plc-visualizer/backend/internal/storage/manager.go:374.3,375.31 2 1
github.com/plc-visualizer/backend/internal/storage/manager.go:378.2,378.12 1 1
github.com/plc-visualizer/backend/internal/upload/manager.go:61.57,67.2 1 1
github.com/plc-visualizer/backend/internal/upload/manager.go:70.130,94.2 6 1
github.com/plc-visualizer/backend/internal/upload/manager.go:97.50,102.2 4 1
github.com/plc-visualizer/backend/internal/upload/manager.go:105.40,112.16 4 1
github.com/plc-visualizer/backend/internal/upload/manager.go:112.16,115.3 2 1
github.com/plc-visualizer/backend/internal/upload/manager.go:117.2,121.61 3 1
github.com/plc-visualizer/backend/internal/upload/manager.go:121.61,127.68 3 1
github.com/plc-visualizer/backend/internal/upload/manager.go:127.68,131.4 1 1
github.com/plc-visualizer/backend/internal/upload/manager.go:131.9,136.4 3 1
github.com/plc-visualizer/backend/internal/upload/manager.go:138.3,138.73 1 1
github.com/plc-visualizer/backend/internal/upload/manager.go:142.2,144.99 3 1
github.com/plc-visualizer/backend/internal/upload/manager.go:148.77,150.16 2 1
github.com/plc-visualizer/backend/internal/upload/manager.go:150.16,152.3 1 0
github.com/plc-visualizer/backend/internal/upload/manager.go:155.2,156.16 2 1
github.com/plc-visualizer/backend/internal/upload/manager.go:156.16,158.3 1 0
github.com/plc-visualizer/backend/internal/upload/manager.go:159.2,163.54 3 1
github.com/plc-visualizer/backend/internal/upload/manager.go:163.54,165.3 1 0
github.com/plc-visualizer/backend/internal/upload/manager.go:166.2,166.42 1 1
github.com/plc-visualizer/backend/internal/upload/manager.go:166.42,168.3 1 1
github.com/plc-visualizer/backend/internal/upload/manager.go:171.2,175.16 3 1
github.com/plc-visualizer/backend/internal/upload/manager.go:175.16,177.3 1 0
github.com/plc-visualizer/backend/internal/upload/manager.go:178.2,183.16 4 1
github.com/plc-visualizer/backend/internal/upload/manager.go:183.16,185.3 1 0
github.com/plc-visualizer/backend/internal/upload/manager.go:188.2,192.6 4 1
github.com/plc-visualizer/backend/internal/upload/manager.go:192.6,194.12 2 1
github.com/plc-visualizer/backend/internal/upload/manager.go:194.12,196.23 2 1
github.com/plc-visualizer/backend/internal/upload/manager.go:196.23,200.5 3 0
github.com/plc-visualizer/backend/internal/upload/manager.go:201.4,204.61 2 1
github.com/plc-visualizer/backend/internal/upload/manager.go:204.61,207.22 2 0
github.com/plc-visualizer/backend/internal/upload/manager.go:207.22,209.6 1 0
github.com/plc-visualizer/backend/internal/upload/manager.go:210.5,211.36 2 0
github.com/plc-visualizer/backend/internal/upload/manager.go:214.3,214.21 1 1
github.com/plc-visualizer/backend/internal/upload/manager.go:214.21,215.25 1 1
github.com/plc-visualizer/backend/internal/upload/manager.go:215.25,219.5 3 0
github.com/plc-visualizer/backend/internal/upload/manager.go:220.4,220.9 1 1
github.com/plc-visualizer/backend/internal/upload/manager.go:224.2,227.33 2 1
github.com/plc-visualizer/backend/internal/upload/manager.go:227.33,230.3 2 1
github.com/plc-visualizer/backend/internal/upload/manager.go:233.2,233.50 1 1
github.com/plc-visualizer/backend/internal/upload/manager.go:233.50,236.3 2 0
github.com/plc-visualizer/backend/internal/upload/manager.go:238.2,238.12 1 1
github.com/plc-visualizer/backend/internal/upload/manager.go:242.97,252.16 6 1
github.com/plc-visualizer/backend/internal/upload/manager.go:253.24,254.37 1 1
github.com/plc-visualizer/backend/internal/upload/manager.go:255.27,256.40 1 1
github.com/plc-visualizer/backend/internal/upload/manager.go:257.22,258.21 1 1
github.com/plc-visualizer/backend/internal/upload/manager.go:263.45,271.2 6 1
github.com/plc-visualizer/backend/internal/upload/manager.go:274.57,283.2 7 1
github.com/plc-visualizer/backend/internal/upload/manager.go:286.56,291.30 4 1
github.com/plc-visualizer/backend/internal/upload/manager.go:291.30,292.64 1 1
github.com/plc-visualizer/backend/internal/upload/manager.go:292.64,293.64 1 1
github.com/plc-visualizer/backend/internal/upload/manager.go:293.64,295.5 1 1
github.com/plc-visualizer/backend/internal/web/embed.go:19.37,21.2 1 1
github.com/plc-visualizer/backend/internal/web/embed.go:25.47,27.16 2 1
github.com/plc-visualizer/backend/internal/web/embed.go:27.16,29.3 1 0
github.com/plc-visualizer/backend/internal/web/embed.go:32.2,35.41 2 1
github.com/plc-visualizer/backend/internal/web/embed.go:35.41,40.25 3 1
github.com/plc-visualizer/backend/internal/web/embed.go:40.25,42.4 1 0
github.com/plc-visualizer/backend/internal/web/embed.go:45.3,46.17 2 1
github.com/plc-visualizer/backend/internal/web/embed.go:46.17,50.4 1 1
github.com/plc-visualizer/backend/internal/web/embed.go:51.3,55.17 3 1
github.com/plc-visualizer/backend/internal/web/embed.go:55.17,57.4 1 0
github.com/plc-visualizer/backend/internal/web/embed.go:59.3,59.19 1 1
github.com/plc-visualizer/backend/internal/web/embed.go:59.19,63.18 3 0
github.com/plc-visualizer/backend/internal/web/embed.go:63.18,66.5 1 0
github.com/plc-visualizer/backend/internal/web/embed.go:67.4,70.14 3 0
github.com/plc-visualizer/backend/internal/web/embed.go:74.3,75.13 2 1
github.com/plc-visualizer/backend/internal/web/embed.go:78.2,78.12 1 1
github.com/plc-visualizer/backend/internal/web/embed.go:82.59,84.16 2 1
github.com/plc-visualizer/backend/internal/web/embed.go:84.16,86.3 1 1
github.com/plc-visualizer/backend/internal/web/embed.go:87.2,90.16 3 1
github.com/plc-visualizer/backend/internal/web/embed.go:90.16,92.3 1 0
github.com/plc-visualizer/backend/internal/web/embed.go:94.2,94.43 1 1
github.com/plc-visualizer/backend/internal/web/embed.go:98.30,100.16 2 1
github.com/plc-visualizer/backend/internal/web/embed.go:100.16,102.3 1 0
github.com/plc-visualizer/backend/internal/web/embed.go:104.2,104.32 1 1
github.com/plc-visualizer/backend/internal/web/embed.go:104.32,105.35 1 1
github.com/plc-visualizer/backend/internal/web/embed.go:105.35,107.4 1 1
github.com/plc-visualizer/backend/internal/web/embed.go:109.2,109.14 1 0
github.com/plc-visualizer/backend/internal/web/embed.go:114.52,116.16 2 1
github.com/plc-visualizer/backend/internal/web/embed.go:116.16,118.3 1 0
github.com/plc-visualizer/backend/internal/web/embed.go:119.2,119.28 1 1
github.com/plc-visualizer/backend/internal/testutil/mock_storage.go:27.36,33.2 1 0
github.com/plc-visualizer/backend/internal/testutil/mock_storage.go:35.80,37.16 2 0
github.com/plc-visualizer/backend/internal/testutil/mock_storage.go:37.16,39.3 1 0
github.com/plc-visualizer/backend/internal/testutil/mock_storage.go:40.2,40.32 1 0
github.com/plc-visualizer/backend/internal/testutil/mock_storage.go:43.85,58.2 7 0
github.com/plc-visualizer/backend/internal/testutil/mock_storage.go:60.64,65.9 4 0
github.com/plc-visualizer/backend/internal/testutil/mock_storage.go:65.9,67.3 1 0
github.com/plc-visualizer/backend/internal/testutil/mock_storage.go:68.2,68.18 1 0
github.com/plc-visualizer/backend/internal/testutil/mock_storage.go:71.67,76.31 4 0
github.com/plc-visualizer/backend/internal/testutil/mock_storage.go:76.31,78.39 2 0
github.com/plc-visualizer/backend/internal/testutil/mock_storage.go:78.39,79.9 1 0
github.com/plc-visualizer/backend/internal/testutil/mock_storage.go:82.2,82.19 1 0
github.com/plc-visualizer/backend/internal/testutil/mock_storage.go:85.47,89.39 3 0
github.com/plc-visualizer/backend/internal/testutil/mock_storage.go:89.39,91.3 1 0
github.com/plc-visualizer/backend/internal/testutil/mock_storage.go:93.2,95.12 3 0
github.com/plc-visualizer/backend/internal/testutil/mock_storage.go:98.83,103.9 4 0
github.com/plc-visualizer/backend/internal/testutil/mock_storage.go:103.9,105.3 1 0
github.com/plc-visualizer/backend/internal/testutil/mock_storage.go:107.2,108.18 2 0
github.com/plc-visualizer/backend/internal/testutil/mock_storage.go:111.62,113.2 1 0
github.com/plc-visualizer/backend/internal/testutil/mock_storage.go:115.85,117.16 2 0
github.com/plc-visualizer/backend/internal/testutil/mock_storage.go:117.16,119.3 1 0
github.com/plc-visualizer/backend/internal/testutil/mock_storage.go:120.2,120.53 1 0
github.com/plc-visualizer/backend/internal/testutil/mock_storage.go:123.90,127.31 3 0
github.com/plc-visualizer/backend/internal/testutil/mock_storage.go:127.31,129.3 1 0
github.com/plc-visualizer/backend/internal/testutil/mock_storage.go:130.2,131.12 2 0
github.com/plc-visualizer/backend/internal/testutil/mock_storage.go:134.118,139.9 4 0
github.com/plc-visualizer/backend/internal/testutil/mock_storage.go:139.9,141.3 1 0
github.com/plc-visualizer/backend/internal/testutil/mock_storage.go:144.2,145.35 2 0
github.com/plc-visualizer/backend/internal/testutil/mock_storage.go:145.35,147.10 2 0
github.com/plc-visualizer/backend/internal/testutil/mock_storage.go:147.10,149.4 1 0
github.com/plc-visualizer/backend/internal/testutil/mock_storage.go:150.3,150.20 1 0
github.com/plc-visualizer/backend/internal/testutil/mock_storage.go:154.2,166.18 6 0
github.com/plc-visualizer/backend/internal/testutil/mock_storage.go:175.85,188.2 6 0
github.com/plc-visualizer/backend/internal/testutil/mock_storage.go:191.62,196.9 4 0
github.com/plc-visualizer/backend/internal/testutil/mock_storage.go:196.9,198.3 1 0
github.com/plc-visualizer/backend/internal/testutil/mock_storage.go:199.2,199.18 1 0
github.com/plc-visualizer/backend/internal/testutil/mock_storage.go:203.42,207.2 3 0
github.com/plc-visualizer/backend/internal/testutil/mock_storage.go:210.31,216.2 5 0
github.com/plc-visualizer/backend/internal/testutil/mock_storage.go:222.30,227.2 4 0
github.com/plc-visualizer/backend/internal/testutil/mock_storage.go:237.72,246.2 1 0
github.com/plc-visualizer/backend/internal/testutil/mock_storage.go:249.96,255.59 4 0
github.com/plc-visualizer/backend/internal/testutil/mock_storage.go:255.59,256.59 1 0
github.com/plc-visualizer/backend/internal/testutil/mock_storage.go:259.2,267.13 4 0
github.com/plc-visualizer/backend/internal/testutil/mock_storage.go:271.73,276.9 4 0
github.com/plc-visualizer/backend/internal/testutil/mock_storage.go:276.9,278.3 1 0
github.com/plc-visualizer/backend/internal/testutil/mock_storage.go:280.2,280.56 1 0
