mode: set
github.com/plc-visualizer/backend/cmd/server/main.go:27.13,30.16 2 0
github.com/plc-visualizer/backend/cmd/server/main.go:30.16,33.3 2 0
github.com/plc-visualizer/backend/cmd/server/main.go:34.2,39.16 4 0
github.com/plc-visualizer/backend/cmd/server/main.go:39.16,42.3 2 0
github.com/plc-visualizer/backend/cmd/server/main.go:45.2,45.48 1 0
github.com/plc-visualizer/backend/cmd/server/main.go:45.48,48.3 2 0
github.com/plc-visualizer/backend/cmd/server/main.go:51.2,55.16 3 0
github.com/plc-visualizer/backend/cmd/server/main.go:55.16,58.3 2 0
github.com/plc-visualizer/backend/cmd/server/main.go:61.2,64.12 2 0
github.com/plc-visualizer/backend/cmd/server/main.go:64.12,67.7 3 0
github.com/plc-visualizer/backend/cmd/server/main.go:67.7,68.11 1 0
github.com/plc-visualizer/backend/cmd/server/main.go:69.20,70.101 1 0
github.com/plc-visualizer/backend/cmd/server/main.go:76.2,94.56 5 0
github.com/plc-visualizer/backend/cmd/server/main.go:94.56,96.3 1 0
github.com/plc-visualizer/backend/cmd/server/main.go:96.8,98.3 1 0
github.com/plc-visualizer/backend/cmd/server/main.go:100.2,104.38 2 0
github.com/plc-visualizer/backend/cmd/server/main.go:104.38,106.42 1 0
github.com/plc-visualizer/backend/cmd/server/main.go:106.42,108.5 1 0
github.com/plc-visualizer/backend/cmd/server/main.go:109.4,112.26 2 0
github.com/plc-visualizer/backend/cmd/server/main.go:116.2,124.38 2 0
github.com/plc-visualizer/backend/cmd/server/main.go:124.38,130.4 2 0
github.com/plc-visualizer/backend/cmd/server/main.go:135.2,135.38 1 0
github.com/plc-visualizer/backend/cmd/server/main.go:135.38,138.39 1 0
github.com/plc-visualizer/backend/cmd/server/main.go:138.39,140.5 1 0
github.com/plc-visualizer/backend/cmd/server/main.go:145.2,148.27 2 0
github.com/plc-visualizer/backend/cmd/server/main.go:148.27,149.19 1 0
github.com/plc-visualizer/backend/cmd/server/main.go:149.19,152.27 2 0
github.com/plc-visualizer/backend/cmd/server/main.go:152.27,154.5 1 0
github.com/plc-visualizer/backend/cmd/server/main.go:155.4,155.68 1 0
github.com/plc-visualizer/backend/cmd/server/main.go:155.68,157.5 1 0
github.com/plc-visualizer/backend/cmd/server/main.go:158.4,162.7 1 0
github.com/plc-visualizer/backend/cmd/server/main.go:163.9,174.4 1 0
github.com/plc-visualizer/backend/cmd/server/main.go:178.2,196.36 11 0
github.com/plc-visualizer/backend/cmd/server/main.go:196.36,198.3 1 0
github.com/plc-visualizer/backend/cmd/server/main.go:199.2,240.18 30 0
github.com/plc-visualizer/backend/cmd/server/main.go:240.18,241.53 1 0
github.com/plc-visualizer/backend/cmd/server/main.go:241.53,243.4 1 0
github.com/plc-visualizer/backend/cmd/server/main.go:243.9,245.4 1 0
github.com/plc-visualizer/backend/cmd/server/main.go:249.2,258.18 3 0
github.com/plc-visualizer/backend/cmd/server/main.go:258.18,260.3 1 0
github.com/plc-visualizer/backend/cmd/server/main.go:262.2,278.18 16 0
github.com/plc-visualizer/backend/cmd/server/main.go:278.18,280.3 1 0
github.com/plc-visualizer/backend/cmd/server/main.go:282.2,282.34 1 0
github.com/plc-visualizer/backend/internal/api/errors.go:20.35,22.2 1 0
github.com/plc-visualizer/backend/internal/api/errors.go:27.64,33.18 2 1
github.com/plc-visualizer/backend/internal/api/errors.go:33.18,35.3 1 1
github.com/plc-visualizer/backend/internal/api/errors.go:36.2,36.12 1 1
github.com/plc-visualizer/backend/internal/api/errors.go:40.49,46.2 1 1
github.com/plc-visualizer/backend/internal/api/errors.go:49.61,55.2 1 1
github.com/plc-visualizer/backend/internal/api/errors.go:58.49,64.2 1 0
github.com/plc-visualizer/backend/internal/api/errors.go:67.62,73.18 2 0
github.com/plc-visualizer/backend/internal/api/errors.go:73.18,75.3 1 0
github.com/plc-visualizer/backend/internal/api/errors.go:76.2,76.12 1 0
github.com/plc-visualizer/backend/internal/api/errors.go:80.59,86.2 1 0
github.com/plc-visualizer/backend/internal/api/errors.go:90.46,91.28 1 0
github.com/plc-visualizer/backend/internal/api/errors.go:91.28,93.3 1 0
github.com/plc-visualizer/backend/internal/api/errors.go:95.2,97.25 2 0
github.com/plc-visualizer/backend/internal/api/errors.go:98.17,99.13 1 0
github.com/plc-visualizer/backend/internal/api/errors.go:100.23,105.4 1 0
github.com/plc-visualizer/backend/internal/api/errors.go:106.10,113.22 2 0
github.com/plc-visualizer/backend/internal/api/errors.go:113.22,115.4 1 0
github.com/plc-visualizer/backend/internal/api/errors.go:119.2,119.29 1 0
github.com/plc-visualizer/backend/internal/api/errors.go:119.29,121.3 1 0
github.com/plc-visualizer/backend/internal/api/errors.go:126.27,129.2 1 0
github.com/plc-visualizer/backend/internal/api/errors.go:132.60,134.2 1 0
github.com/plc-visualizer/backend/internal/api/handlers_carrier.go:22.60,27.2 1 1
github.com/plc-visualizer/backend/internal/api/handlers_carrier.go:30.59,32.2 1 1
github.com/plc-visualizer/backend/internal/api/handlers_carrier.go:35.68,37.2 1 1
github.com/plc-visualizer/backend/internal/api/handlers_carrier.go:40.75,42.37 2 1
github.com/plc-visualizer/backend/internal/api/handlers_carrier.go:42.37,44.3 1 0
github.com/plc-visualizer/backend/internal/api/handlers_carrier.go:46.2,46.39 1 1
github.com/plc-visualizer/backend/internal/api/handlers_carrier.go:46.39,48.3 1 1
github.com/plc-visualizer/backend/internal/api/handlers_carrier.go:51.2,52.16 2 1
github.com/plc-visualizer/backend/internal/api/handlers_carrier.go:52.16,54.3 1 1
github.com/plc-visualizer/backend/internal/api/handlers_carrier.go:57.2,58.16 2 1
github.com/plc-visualizer/backend/internal/api/handlers_carrier.go:58.16,60.3 1 0
github.com/plc-visualizer/backend/internal/api/handlers_carrier.go:62.2,66.16 3 1
github.com/plc-visualizer/backend/internal/api/handlers_carrier.go:66.16,68.3 1 0
github.com/plc-visualizer/backend/internal/api/handlers_carrier.go:70.2,75.4 2 1
github.com/plc-visualizer/backend/internal/api/handlers_carrier.go:79.72,80.30 1 1
github.com/plc-visualizer/backend/internal/api/handlers_carrier.go:80.30,84.3 1 1
github.com/plc-visualizer/backend/internal/api/handlers_carrier.go:86.2,87.16 2 1
github.com/plc-visualizer/backend/internal/api/handlers_carrier.go:87.16,89.3 1 0
github.com/plc-visualizer/backend/internal/api/handlers_carrier.go:91.2,95.4 1 1
github.com/plc-visualizer/backend/internal/api/handlers_carrier.go:99.76,100.30 1 1
github.com/plc-visualizer/backend/internal/api/handlers_carrier.go:100.30,102.3 1 1
github.com/plc-visualizer/backend/internal/api/handlers_carrier.go:105.2,110.44 4 1
github.com/plc-visualizer/backend/internal/api/handlers_carrier.go:110.44,114.42 3 1
github.com/plc-visualizer/backend/internal/api/handlers_carrier.go:114.42,115.66 1 0
github.com/plc-visualizer/backend/internal/api/handlers_carrier.go:115.66,117.5 1 0
github.com/plc-visualizer/backend/internal/api/handlers_carrier.go:119.8,121.3 1 1
github.com/plc-visualizer/backend/internal/api/handlers_carrier.go:123.2,123.47 1 1
github.com/plc-visualizer/backend/internal/api/handlers_carrier.go:127.90,137.2 3 1
github.com/plc-visualizer/backend/internal/api/handlers_carrier.go:146.52,147.18 1 1
github.com/plc-visualizer/backend/internal/api/handlers_carrier.go:147.18,149.3 1 1
github.com/plc-visualizer/backend/internal/api/handlers_carrier.go:150.2,150.18 1 1
github.com/plc-visualizer/backend/internal/api/handlers_carrier.go:150.18,152.3 1 1
github.com/plc-visualizer/backend/internal/api/handlers_carrier.go:153.2,153.12 1 1
github.com/plc-visualizer/backend/internal/api/handlers_carrier.go:158.58,161.16 3 1
github.com/plc-visualizer/backend/internal/api/handlers_carrier.go:161.16,163.3 1 1
github.com/plc-visualizer/backend/internal/api/handlers_carrier.go:164.2,164.12 1 1
github.com/plc-visualizer/backend/internal/api/handlers_health.go:16.53,20.2 1 1
github.com/plc-visualizer/backend/internal/api/handlers_health.go:23.64,28.2 1 0
github.com/plc-visualizer/backend/internal/api/handlers_map.go:28.68,33.2 1 1
github.com/plc-visualizer/backend/internal/api/handlers_map.go:36.54,38.2 1 1
github.com/plc-visualizer/backend/internal/api/handlers_map.go:41.49,43.2 1 1
github.com/plc-visualizer/backend/internal/api/handlers_map.go:46.82,49.2 2 1
github.com/plc-visualizer/backend/internal/api/handlers_map.go:52.71,54.2 1 0
github.com/plc-visualizer/backend/internal/api/handlers_map.go:57.51,59.54 2 0
github.com/plc-visualizer/backend/internal/api/handlers_map.go:59.54,61.3 1 0
github.com/plc-visualizer/backend/internal/api/handlers_map.go:63.2,64.16 2 0
github.com/plc-visualizer/backend/internal/api/handlers_map.go:64.16,66.3 1 0
github.com/plc-visualizer/backend/internal/api/handlers_map.go:67.2,70.16 3 0
github.com/plc-visualizer/backend/internal/api/handlers_map.go:70.16,72.3 1 0
github.com/plc-visualizer/backend/internal/api/handlers_map.go:74.2,76.12 3 0
github.com/plc-visualizer/backend/internal/api/handlers_map.go:80.67,81.26 1 1
github.com/plc-visualizer/backend/internal/api/handlers_map.go:81.26,85.3 1 1
github.com/plc-visualizer/backend/internal/api/handlers_map.go:87.2,88.16 2 1
github.com/plc-visualizer/backend/internal/api/handlers_map.go:88.16,90.3 1 0
github.com/plc-visualizer/backend/internal/api/handlers_map.go:92.2,93.16 2 1
github.com/plc-visualizer/backend/internal/api/handlers_map.go:93.16,95.3 1 0
github.com/plc-visualizer/backend/internal/api/handlers_map.go:97.2,102.4 1 1
github.com/plc-visualizer/backend/internal/api/handlers_map.go:106.70,108.37 2 1
github.com/plc-visualizer/backend/internal/api/handlers_map.go:108.37,110.3 1 0
github.com/plc-visualizer/backend/internal/api/handlers_map.go:112.2,112.39 1 1
github.com/plc-visualizer/backend/internal/api/handlers_map.go:112.39,114.3 1 1
github.com/plc-visualizer/backend/internal/api/handlers_map.go:117.2,118.16 2 1
github.com/plc-visualizer/backend/internal/api/handlers_map.go:118.16,120.3 1 1
github.com/plc-visualizer/backend/internal/api/handlers_map.go:123.2,124.16 2 1
github.com/plc-visualizer/backend/internal/api/handlers_map.go:124.16,126.3 1 0
github.com/plc-visualizer/backend/internal/api/handlers_map.go:129.2,131.41 2 1
github.com/plc-visualizer/backend/internal/api/handlers_map.go:135.67,137.37 2 1
github.com/plc-visualizer/backend/internal/api/handlers_map.go:137.37,139.3 1 0
github.com/plc-visualizer/backend/internal/api/handlers_map.go:141.2,141.21 1 1
github.com/plc-visualizer/backend/internal/api/handlers_map.go:141.21,143.3 1 1
github.com/plc-visualizer/backend/internal/api/handlers_map.go:146.2,146.46 1 1
github.com/plc-visualizer/backend/internal/api/handlers_map.go:146.46,150.47 3 1
github.com/plc-visualizer/backend/internal/api/handlers_map.go:150.47,152.4 1 0
github.com/plc-visualizer/backend/internal/api/handlers_map.go:153.8,155.51 1 1
github.com/plc-visualizer/backend/internal/api/handlers_map.go:155.51,157.4 1 1
github.com/plc-visualizer/backend/internal/api/handlers_map.go:160.2,161.74 2 1
github.com/plc-visualizer/backend/internal/api/handlers_map.go:165.69,167.37 2 0
github.com/plc-visualizer/backend/internal/api/handlers_map.go:167.37,169.3 1 0
github.com/plc-visualizer/backend/internal/api/handlers_map.go:171.2,171.39 1 0
github.com/plc-visualizer/backend/internal/api/handlers_map.go:171.39,173.3 1 0
github.com/plc-visualizer/backend/internal/api/handlers_map.go:176.2,177.16 2 0
github.com/plc-visualizer/backend/internal/api/handlers_map.go:177.16,179.3 1 0
github.com/plc-visualizer/backend/internal/api/handlers_map.go:182.2,183.16 2 0
github.com/plc-visualizer/backend/internal/api/handlers_map.go:183.16,185.3 1 0
github.com/plc-visualizer/backend/internal/api/handlers_map.go:188.2,189.16 2 0
github.com/plc-visualizer/backend/internal/api/handlers_map.go:189.16,191.3 1 0
github.com/plc-visualizer/backend/internal/api/handlers_map.go:194.2,197.41 3 0
github.com/plc-visualizer/backend/internal/api/handlers_map.go:201.66,202.27 1 1
github.com/plc-visualizer/backend/internal/api/handlers_map.go:202.27,206.3 1 1
github.com/plc-visualizer/backend/internal/api/handlers_map.go:208.2,211.4 1 1
github.com/plc-visualizer/backend/internal/api/handlers_map.go:215.69,217.16 2 1
github.com/plc-visualizer/backend/internal/api/handlers_map.go:217.16,219.3 1 0
github.com/plc-visualizer/backend/internal/api/handlers_map.go:222.2,223.26 2 1
github.com/plc-visualizer/backend/internal/api/handlers_map.go:223.26,227.41 2 1
github.com/plc-visualizer/backend/internal/api/handlers_map.go:227.41,229.4 1 1
github.com/plc-visualizer/backend/internal/api/handlers_map.go:232.2,232.40 1 1
github.com/plc-visualizer/backend/internal/api/handlers_map.go:236.69,245.2 4 0
github.com/plc-visualizer/backend/internal/api/handlers_map.go:248.69,252.37 2 0
github.com/plc-visualizer/backend/internal/api/handlers_map.go:252.37,254.3 1 0
github.com/plc-visualizer/backend/internal/api/handlers_map.go:256.2,256.20 1 0
github.com/plc-visualizer/backend/internal/api/handlers_map.go:256.20,258.3 1 0
github.com/plc-visualizer/backend/internal/api/handlers_map.go:260.2,266.4 3 0
github.com/plc-visualizer/backend/internal/api/handlers_map.go:270.73,275.2 1 0
github.com/plc-visualizer/backend/internal/api/handlers_map.go:278.76,284.2 1 0
github.com/plc-visualizer/backend/internal/api/handlers_map.go:288.79,289.42 1 1
github.com/plc-visualizer/backend/internal/api/handlers_map.go:289.42,293.3 3 0
github.com/plc-visualizer/backend/internal/api/handlers_map.go:295.2,296.16 2 1
github.com/plc-visualizer/backend/internal/api/handlers_map.go:296.16,298.3 1 0
github.com/plc-visualizer/backend/internal/api/handlers_map.go:300.2,301.16 2 1
github.com/plc-visualizer/backend/internal/api/handlers_map.go:301.16,303.3 1 0
github.com/plc-visualizer/backend/internal/api/handlers_map.go:305.2,305.29 1 1
github.com/plc-visualizer/backend/internal/api/handlers_map.go:315.45,316.18 1 1
github.com/plc-visualizer/backend/internal/api/handlers_map.go:316.18,318.3 1 1
github.com/plc-visualizer/backend/internal/api/handlers_map.go:319.2,319.18 1 1
github.com/plc-visualizer/backend/internal/api/handlers_map.go:319.18,321.3 1 1
github.com/plc-visualizer/backend/internal/api/handlers_map.go:322.2,322.12 1 1
github.com/plc-visualizer/backend/internal/api/handlers_map.go:330.47,331.18 1 0
github.com/plc-visualizer/backend/internal/api/handlers_map.go:331.18,333.3 1 0
github.com/plc-visualizer/backend/internal/api/handlers_map.go:334.2,334.18 1 0
github.com/plc-visualizer/backend/internal/api/handlers_map.go:334.18,336.3 1 0
github.com/plc-visualizer/backend/internal/api/handlers_map.go:337.2,337.12 1 0
github.com/plc-visualizer/backend/internal/api/handlers_parse.go:24.83,29.2 1 1
github.com/plc-visualizer/backend/internal/api/handlers_parse.go:32.67,34.37 2 1
github.com/plc-visualizer/backend/internal/api/handlers_parse.go:34.37,36.3 1 0
github.com/plc-visualizer/backend/internal/api/handlers_parse.go:39.2,40.23 2 1
github.com/plc-visualizer/backend/internal/api/handlers_parse.go:40.23,42.3 1 1
github.com/plc-visualizer/backend/internal/api/handlers_parse.go:45.2,46.16 2 1
github.com/plc-visualizer/backend/internal/api/handlers_parse.go:46.16,48.3 1 1
github.com/plc-visualizer/backend/internal/api/handlers_parse.go:51.2,52.16 2 1
github.com/plc-visualizer/backend/internal/api/handlers_parse.go:52.16,54.3 1 0
github.com/plc-visualizer/backend/internal/api/handlers_parse.go:56.2,56.42 1 1
github.com/plc-visualizer/backend/internal/api/handlers_parse.go:60.68,62.14 2 1
github.com/plc-visualizer/backend/internal/api/handlers_parse.go:62.14,64.3 1 1
github.com/plc-visualizer/backend/internal/api/handlers_parse.go:66.2,67.9 2 1
github.com/plc-visualizer/backend/internal/api/handlers_parse.go:67.9,69.3 1 1
github.com/plc-visualizer/backend/internal/api/handlers_parse.go:72.2,74.36 2 1
github.com/plc-visualizer/backend/internal/api/handlers_parse.go:78.73,80.14 2 1
github.com/plc-visualizer/backend/internal/api/handlers_parse.go:80.14,82.3 1 1
github.com/plc-visualizer/backend/internal/api/handlers_parse.go:84.2,84.46 1 1
github.com/plc-visualizer/backend/internal/api/handlers_parse.go:84.46,86.3 1 1
github.com/plc-visualizer/backend/internal/api/handlers_parse.go:88.2,88.42 1 1
github.com/plc-visualizer/backend/internal/api/handlers_parse.go:92.76,94.14 2 0
github.com/plc-visualizer/backend/internal/api/handlers_parse.go:94.14,96.3 1 0
github.com/plc-visualizer/backend/internal/api/handlers_parse.go:99.2,107.9 7 0
github.com/plc-visualizer/backend/internal/api/handlers_parse.go:107.9,110.3 2 0
github.com/plc-visualizer/backend/internal/api/handlers_parse.go:113.2,122.6 6 0
github.com/plc-visualizer/backend/internal/api/handlers_parse.go:122.6,123.10 1 0
github.com/plc-visualizer/backend/internal/api/handlers_parse.go:124.19,126.11 2 0
github.com/plc-visualizer/backend/internal/api/handlers_parse.go:126.11,129.5 2 0
github.com/plc-visualizer/backend/internal/api/handlers_parse.go:131.4,135.46 2 0
github.com/plc-visualizer/backend/internal/api/handlers_parse.go:135.46,137.5 1 0
github.com/plc-visualizer/backend/internal/api/handlers_parse.go:139.20,141.14 2 0
github.com/plc-visualizer/backend/internal/api/handlers_parse.go:147.69,149.14 2 0
github.com/plc-visualizer/backend/internal/api/handlers_parse.go:149.14,151.3 1 0
github.com/plc-visualizer/backend/internal/api/handlers_parse.go:154.2,155.14 2 0
github.com/plc-visualizer/backend/internal/api/handlers_parse.go:155.14,157.3 1 0
github.com/plc-visualizer/backend/internal/api/handlers_parse.go:158.2,159.37 2 0
github.com/plc-visualizer/backend/internal/api/handlers_parse.go:159.37,161.3 1 0
github.com/plc-visualizer/backend/internal/api/handlers_parse.go:164.2,168.9 4 0
github.com/plc-visualizer/backend/internal/api/handlers_parse.go:168.9,170.3 1 0
github.com/plc-visualizer/backend/internal/api/handlers_parse.go:172.2,177.4 1 0
github.com/plc-visualizer/backend/internal/api/handlers_parse.go:181.76,185.2 1 0
github.com/plc-visualizer/backend/internal/api/handlers_parse.go:188.68,190.14 2 0
github.com/plc-visualizer/backend/internal/api/handlers_parse.go:190.14,192.3 1 0
github.com/plc-visualizer/backend/internal/api/handlers_parse.go:195.2,204.6 7 0
github.com/plc-visualizer/backend/internal/api/handlers_parse.go:204.6,207.10 3 0
github.com/plc-visualizer/backend/internal/api/handlers_parse.go:207.10,210.4 2 0
github.com/plc-visualizer/backend/internal/api/handlers_parse.go:212.3,219.50 2 0
github.com/plc-visualizer/backend/internal/api/handlers_parse.go:219.50,221.4 1 0
github.com/plc-visualizer/backend/internal/api/handlers_parse.go:223.3,224.23 2 0
github.com/plc-visualizer/backend/internal/api/handlers_parse.go:229.67,231.14 2 0
github.com/plc-visualizer/backend/internal/api/handlers_parse.go:231.14,233.3 1 0
github.com/plc-visualizer/backend/internal/api/handlers_parse.go:236.2,237.16 2 0
github.com/plc-visualizer/backend/internal/api/handlers_parse.go:237.16,239.3 1 0
github.com/plc-visualizer/backend/internal/api/handlers_parse.go:240.2,241.16 2 0
github.com/plc-visualizer/backend/internal/api/handlers_parse.go:241.16,243.3 1 0
github.com/plc-visualizer/backend/internal/api/handlers_parse.go:246.2,250.9 4 0
github.com/plc-visualizer/backend/internal/api/handlers_parse.go:250.9,252.3 1 0
github.com/plc-visualizer/backend/internal/api/handlers_parse.go:254.2,254.39 1 0
github.com/plc-visualizer/backend/internal/api/handlers_parse.go:258.77,260.14 2 0
github.com/plc-visualizer/backend/internal/api/handlers_parse.go:260.14,262.3 1 0
github.com/plc-visualizer/backend/internal/api/handlers_parse.go:265.2,266.16 2 0
github.com/plc-visualizer/backend/internal/api/handlers_parse.go:266.16,268.3 1 0
github.com/plc-visualizer/backend/internal/api/handlers_parse.go:269.2,270.16 2 0
github.com/plc-visualizer/backend/internal/api/handlers_parse.go:270.16,272.3 1 0
github.com/plc-visualizer/backend/internal/api/handlers_parse.go:274.2,278.9 4 0
github.com/plc-visualizer/backend/internal/api/handlers_parse.go:278.9,280.3 1 0
github.com/plc-visualizer/backend/internal/api/handlers_parse.go:282.2,282.42 1 0
github.com/plc-visualizer/backend/internal/api/handlers_parse.go:286.67,288.14 2 0
github.com/plc-visualizer/backend/internal/api/handlers_parse.go:288.14,290.3 1 0
github.com/plc-visualizer/backend/internal/api/handlers_parse.go:292.2,293.9 2 0
github.com/plc-visualizer/backend/internal/api/handlers_parse.go:293.9,295.3 1 0
github.com/plc-visualizer/backend/internal/api/handlers_parse.go:297.2,297.39 1 0
github.com/plc-visualizer/backend/internal/api/handlers_parse.go:301.71,303.14 2 0
github.com/plc-visualizer/backend/internal/api/handlers_parse.go:303.14,305.3 1 0
github.com/plc-visualizer/backend/internal/api/handlers_parse.go:307.2,308.9 2 0
github.com/plc-visualizer/backend/internal/api/handlers_parse.go:308.9,310.3 1 0
github.com/plc-visualizer/backend/internal/api/handlers_parse.go:312.2,312.43 1 0
github.com/plc-visualizer/backend/internal/api/handlers_parse.go:316.70,318.14 2 0
github.com/plc-visualizer/backend/internal/api/handlers_parse.go:318.14,320.3 1 0
github.com/plc-visualizer/backend/internal/api/handlers_parse.go:322.2,324.9 3 0
github.com/plc-visualizer/backend/internal/api/handlers_parse.go:324.9,326.3 1 0
github.com/plc-visualizer/backend/internal/api/handlers_parse.go:328.2,328.42 1 0
github.com/plc-visualizer/backend/internal/api/handlers_parse.go:332.71,334.14 2 0
github.com/plc-visualizer/backend/internal/api/handlers_parse.go:334.14,336.3 1 0
github.com/plc-visualizer/backend/internal/api/handlers_parse.go:338.2,339.16 2 0
github.com/plc-visualizer/backend/internal/api/handlers_parse.go:339.16,341.3 1 0
github.com/plc-visualizer/backend/internal/api/handlers_parse.go:343.2,347.9 4 0
github.com/plc-visualizer/backend/internal/api/handlers_parse.go:347.9,349.3 1 0
github.com/plc-visualizer/backend/internal/api/handlers_parse.go:351.2,351.62 1 0
github.com/plc-visualizer/backend/internal/api/handlers_parse.go:355.68,357.14 2 0
github.com/plc-visualizer/backend/internal/api/handlers_parse.go:357.14,359.3 1 0
github.com/plc-visualizer/backend/internal/api/handlers_parse.go:361.2,365.9 4 0
github.com/plc-visualizer/backend/internal/api/handlers_parse.go:365.9,367.3 1 0
github.com/plc-visualizer/backend/internal/api/handlers_parse.go:369.2,369.36 1 0
github.com/plc-visualizer/backend/internal/api/handlers_parse.go:373.72,375.14 2 0
github.com/plc-visualizer/backend/internal/api/handlers_parse.go:375.14,377.3 1 0
github.com/plc-visualizer/backend/internal/api/handlers_parse.go:379.2,380.16 2 0
github.com/plc-visualizer/backend/internal/api/handlers_parse.go:380.16,382.3 1 0
github.com/plc-visualizer/backend/internal/api/handlers_parse.go:384.2,388.9 4 0
github.com/plc-visualizer/backend/internal/api/handlers_parse.go:388.9,390.3 1 0
github.com/plc-visualizer/backend/internal/api/handlers_parse.go:392.2,392.39 1 0
github.com/plc-visualizer/backend/internal/api/handlers_parse.go:402.57,403.24 1 1
github.com/plc-visualizer/backend/internal/api/handlers_parse.go:403.24,405.3 1 1
github.com/plc-visualizer/backend/internal/api/handlers_parse.go:406.2,406.20 1 1
github.com/plc-visualizer/backend/internal/api/handlers_parse.go:406.20,408.3 1 1
github.com/plc-visualizer/backend/internal/api/handlers_parse.go:409.2,409.12 1 1
github.com/plc-visualizer/backend/internal/api/handlers_parse.go:421.91,425.30 3 1
github.com/plc-visualizer/backend/internal/api/handlers_parse.go:425.30,427.17 2 1
github.com/plc-visualizer/backend/internal/api/handlers_parse.go:427.17,429.4 1 1
github.com/plc-visualizer/backend/internal/api/handlers_parse.go:431.3,432.17 2 1
github.com/plc-visualizer/backend/internal/api/handlers_parse.go:432.17,434.4 1 0
github.com/plc-visualizer/backend/internal/api/handlers_parse.go:436.3,437.38 2 1
github.com/plc-visualizer/backend/internal/api/handlers_parse.go:440.2,440.37 1 1
github.com/plc-visualizer/backend/internal/api/handlers_parse.go:443.80,455.2 1 0
github.com/plc-visualizer/backend/internal/api/handlers_parse.go:457.74,461.2 3 0
github.com/plc-visualizer/backend/internal/api/handlers_parse.go:463.73,465.2 1 0
github.com/plc-visualizer/backend/internal/api/handlers_parse.go:467.50,469.16 2 1
github.com/plc-visualizer/backend/internal/api/handlers_parse.go:469.16,471.3 1 1
github.com/plc-visualizer/backend/internal/api/handlers_parse.go:472.2,472.32 1 1
github.com/plc-visualizer/backend/internal/api/handlers_parse.go:475.47,477.2 1 0
github.com/plc-visualizer/backend/internal/api/handlers_upload.go:25.114,31.2 1 1
github.com/plc-visualizer/backend/internal/api/handlers_upload.go:34.68,36.37 2 1
github.com/plc-visualizer/backend/internal/api/handlers_upload.go:36.37,38.3 1 0
github.com/plc-visualizer/backend/internal/api/handlers_upload.go:40.2,40.39 1 1
github.com/plc-visualizer/backend/internal/api/handlers_upload.go:40.39,42.3 1 1
github.com/plc-visualizer/backend/internal/api/handlers_upload.go:45.2,46.16 2 1
github.com/plc-visualizer/backend/internal/api/handlers_upload.go:46.16,48.3 1 1
github.com/plc-visualizer/backend/internal/api/handlers_upload.go:51.2,52.16 2 1
github.com/plc-visualizer/backend/internal/api/handlers_upload.go:52.16,54.3 1 0
github.com/plc-visualizer/backend/internal/api/handlers_upload.go:56.2,56.41 1 1
github.com/plc-visualizer/backend/internal/api/handlers_upload.go:60.69,62.37 2 1
github.com/plc-visualizer/backend/internal/api/handlers_upload.go:62.37,64.3 1 0
github.com/plc-visualizer/backend/internal/api/handlers_upload.go:66.2,66.39 1 1
github.com/plc-visualizer/backend/internal/api/handlers_upload.go:66.39,68.3 1 1
github.com/plc-visualizer/backend/internal/api/handlers_upload.go:71.2,72.16 2 1
github.com/plc-visualizer/backend/internal/api/handlers_upload.go:72.16,74.3 1 1
github.com/plc-visualizer/backend/internal/api/handlers_upload.go:77.2,77.86 1 1
github.com/plc-visualizer/backend/internal/api/handlers_upload.go:77.86,79.3 1 0
github.com/plc-visualizer/backend/internal/api/handlers_upload.go:81.2,81.41 1 1
github.com/plc-visualizer/backend/internal/api/handlers_upload.go:85.72,87.37 2 0
github.com/plc-visualizer/backend/internal/api/handlers_upload.go:87.37,89.3 1 0
github.com/plc-visualizer/backend/internal/api/handlers_upload.go:91.2,91.39 1 0
github.com/plc-visualizer/backend/internal/api/handlers_upload.go:91.39,93.3 1 0
github.com/plc-visualizer/backend/internal/api/handlers_upload.go:96.2,108.4 2 0
github.com/plc-visualizer/backend/internal/api/handlers_upload.go:112.70,115.16 2 0
github.com/plc-visualizer/backend/internal/api/handlers_upload.go:115.16,117.3 1 0
github.com/plc-visualizer/backend/internal/api/handlers_upload.go:120.2,121.16 2 0
github.com/plc-visualizer/backend/internal/api/handlers_upload.go:121.16,123.3 1 0
github.com/plc-visualizer/backend/internal/api/handlers_upload.go:124.2,128.16 3 0
github.com/plc-visualizer/backend/internal/api/handlers_upload.go:128.16,130.3 1 0
github.com/plc-visualizer/backend/internal/api/handlers_upload.go:132.2,132.41 1 0
github.com/plc-visualizer/backend/internal/api/handlers_upload.go:136.72,138.16 2 1
github.com/plc-visualizer/backend/internal/api/handlers_upload.go:138.16,140.3 1 0
github.com/plc-visualizer/backend/internal/api/handlers_upload.go:143.2,146.24 2 1
github.com/plc-visualizer/backend/internal/api/handlers_upload.go:146.24,148.3 1 1
github.com/plc-visualizer/backend/internal/api/handlers_upload.go:150.2,150.40 1 1
github.com/plc-visualizer/backend/internal/api/handlers_upload.go:154.65,156.14 2 1
github.com/plc-visualizer/backend/internal/api/handlers_upload.go:156.14,158.3 1 1
github.com/plc-visualizer/backend/internal/api/handlers_upload.go:160.2,161.16 2 1
github.com/plc-visualizer/backend/internal/api/handlers_upload.go:161.16,163.3 1 1
github.com/plc-visualizer/backend/internal/api/handlers_upload.go:165.2,165.36 1 1
github.com/plc-visualizer/backend/internal/api/handlers_upload.go:169.68,171.14 2 1
github.com/plc-visualizer/backend/internal/api/handlers_upload.go:171.14,173.3 1 0
github.com/plc-visualizer/backend/internal/api/handlers_upload.go:175.2,175.43 1 1
github.com/plc-visualizer/backend/internal/api/handlers_upload.go:175.43,177.3 1 1
github.com/plc-visualizer/backend/internal/api/handlers_upload.go:180.2,180.25 1 1
github.com/plc-visualizer/backend/internal/api/handlers_upload.go:180.25,182.3 1 0
github.com/plc-visualizer/backend/internal/api/handlers_upload.go:184.2,184.42 1 1
github.com/plc-visualizer/backend/internal/api/handlers_upload.go:188.68,190.14 2 1
github.com/plc-visualizer/backend/internal/api/handlers_upload.go:190.14,192.3 1 0
github.com/plc-visualizer/backend/internal/api/handlers_upload.go:194.2,195.37 2 1
github.com/plc-visualizer/backend/internal/api/handlers_upload.go:195.37,197.3 1 0
github.com/plc-visualizer/backend/internal/api/handlers_upload.go:199.2,199.20 1 1
github.com/plc-visualizer/backend/internal/api/handlers_upload.go:199.20,201.3 1 1
github.com/plc-visualizer/backend/internal/api/handlers_upload.go:203.2,204.16 2 1
github.com/plc-visualizer/backend/internal/api/handlers_upload.go:204.16,206.3 1 1
github.com/plc-visualizer/backend/internal/api/handlers_upload.go:208.2,208.36 1 1
github.com/plc-visualizer/backend/internal/api/handlers_upload.go:213.73,222.2 6 0
github.com/plc-visualizer/backend/internal/api/handlers_upload.go:231.46,232.18 1 1
github.com/plc-visualizer/backend/internal/api/handlers_upload.go:232.18,234.3 1 1
github.com/plc-visualizer/backend/internal/api/handlers_upload.go:235.2,235.18 1 1
github.com/plc-visualizer/backend/internal/api/handlers_upload.go:235.18,237.3 1 1
github.com/plc-visualizer/backend/internal/api/handlers_upload.go:238.2,238.12 1 1
github.com/plc-visualizer/backend/internal/api/handlers_upload.go:249.47,250.22 1 1
github.com/plc-visualizer/backend/internal/api/handlers_upload.go:250.22,252.3 1 1
github.com/plc-visualizer/backend/internal/api/handlers_upload.go:253.2,253.18 1 1
github.com/plc-visualizer/backend/internal/api/handlers_upload.go:253.18,255.3 1 1
github.com/plc-visualizer/backend/internal/api/handlers_upload.go:256.2,256.12 1 1
github.com/plc-visualizer/backend/internal/api/handlers_upload.go:268.50,269.22 1 0
github.com/plc-visualizer/backend/internal/api/handlers_upload.go:269.22,271.3 1 0
github.com/plc-visualizer/backend/internal/api/handlers_upload.go:272.2,272.18 1 0
github.com/plc-visualizer/backend/internal/api/handlers_upload.go:272.18,274.3 1 0
github.com/plc-visualizer/backend/internal/api/handlers_upload.go:275.2,275.24 1 0
github.com/plc-visualizer/backend/internal/api/handlers_upload.go:275.24,277.3 1 0
github.com/plc-visualizer/backend/internal/api/handlers_upload.go:278.2,278.12 1 0
github.com/plc-visualizer/backend/internal/api/handlers_upload.go:288.66,290.26 2 1
github.com/plc-visualizer/backend/internal/api/handlers_upload.go:290.26,295.42 2 1
github.com/plc-visualizer/backend/internal/api/handlers_upload.go:295.42,297.4 1 1
github.com/plc-visualizer/backend/internal/api/handlers_upload.go:299.2,299.17 1 1
github.com/plc-visualizer/backend/internal/api/routes.go:32.48,41.2 1 1
github.com/plc-visualizer/backend/internal/api/routes.go:44.55,95.2 41 0
github.com/plc-visualizer/backend/internal/api/routes.go:98.65,101.2 0 0
github.com/plc-visualizer/backend/internal/api/routes.go:104.36,116.2 1 0
github.com/plc-visualizer/backend/internal/api/websocket.go:132.84,139.44 1 0
github.com/plc-visualizer/backend/internal/api/websocket.go:139.44,142.5 1 0
github.com/plc-visualizer/backend/internal/api/websocket.go:151.68,153.16 2 0
github.com/plc-visualizer/backend/internal/api/websocket.go:153.16,155.3 1 0
github.com/plc-visualizer/backend/internal/api/websocket.go:156.2,167.6 4 0
github.com/plc-visualizer/backend/internal/api/websocket.go:167.6,170.17 3 0
github.com/plc-visualizer/backend/internal/api/websocket.go:170.17,171.103 1 0
github.com/plc-visualizer/backend/internal/api/websocket.go:171.103,173.5 1 0
github.com/plc-visualizer/backend/internal/api/websocket.go:174.4,174.9 1 0
github.com/plc-visualizer/backend/internal/api/websocket.go:178.3,178.19 1 0
github.com/plc-visualizer/backend/internal/api/websocket.go:179.20,181.88 1 0
github.com/plc-visualizer/backend/internal/api/websocket.go:182.26,183.33 1 0
github.com/plc-visualizer/backend/internal/api/websocket.go:184.27,185.34 1 0
github.com/plc-visualizer/backend/internal/api/websocket.go:186.30,187.37 1 0
github.com/plc-visualizer/backend/internal/api/websocket.go:188.25,189.32 1 0
github.com/plc-visualizer/backend/internal/api/websocket.go:190.27,191.34 1 0
github.com/plc-visualizer/backend/internal/api/websocket.go:192.29,193.36 1 0
github.com/plc-visualizer/backend/internal/api/websocket.go:194.11,195.72 1 0
github.com/plc-visualizer/backend/internal/api/websocket.go:199.2,200.12 2 0
github.com/plc-visualizer/backend/internal/api/websocket.go:204.82,206.62 2 0
github.com/plc-visualizer/backend/internal/api/websocket.go:206.62,209.3 2 0
github.com/plc-visualizer/backend/internal/api/websocket.go:211.2,215.51 3 0
github.com/plc-visualizer/backend/internal/api/websocket.go:215.51,218.3 2 0
github.com/plc-visualizer/backend/internal/api/websocket.go:220.2,243.62 6 0
github.com/plc-visualizer/backend/internal/api/websocket.go:247.83,249.62 2 0
github.com/plc-visualizer/backend/internal/api/websocket.go:249.62,252.3 2 0
github.com/plc-visualizer/backend/internal/api/websocket.go:254.2,258.13 4 0
github.com/plc-visualizer/backend/internal/api/websocket.go:258.13,261.3 2 0
github.com/plc-visualizer/backend/internal/api/websocket.go:264.2,265.16 2 0
github.com/plc-visualizer/backend/internal/api/websocket.go:265.16,268.3 2 0
github.com/plc-visualizer/backend/internal/api/websocket.go:271.2,272.65 2 0
github.com/plc-visualizer/backend/internal/api/websocket.go:272.65,275.3 2 0
github.com/plc-visualizer/backend/internal/api/websocket.go:278.2,296.4 4 0
github.com/plc-visualizer/backend/internal/api/websocket.go:302.86,304.62 2 0
github.com/plc-visualizer/backend/internal/api/websocket.go:304.62,307.3 2 0
github.com/plc-visualizer/backend/internal/api/websocket.go:309.2,313.13 4 0
github.com/plc-visualizer/backend/internal/api/websocket.go:313.13,316.3 2 0
github.com/plc-visualizer/backend/internal/api/websocket.go:319.2,319.56 1 0
github.com/plc-visualizer/backend/internal/api/websocket.go:319.56,323.3 2 0
github.com/plc-visualizer/backend/internal/api/websocket.go:326.2,333.16 4 0
github.com/plc-visualizer/backend/internal/api/websocket.go:333.16,336.3 2 0
github.com/plc-visualizer/backend/internal/api/websocket.go:339.2,340.24 2 0
github.com/plc-visualizer/backend/internal/api/websocket.go:340.24,342.3 1 0
github.com/plc-visualizer/backend/internal/api/websocket.go:343.2,343.25 1 0
github.com/plc-visualizer/backend/internal/api/websocket.go:343.25,345.3 1 0
github.com/plc-visualizer/backend/internal/api/websocket.go:347.2,347.43 1 0
github.com/plc-visualizer/backend/internal/api/websocket.go:347.43,350.17 3 0
github.com/plc-visualizer/backend/internal/api/websocket.go:350.17,354.4 3 0
github.com/plc-visualizer/backend/internal/api/websocket.go:355.3,355.59 1 0
github.com/plc-visualizer/backend/internal/api/websocket.go:355.59,359.4 3 0
github.com/plc-visualizer/backend/internal/api/websocket.go:362.3,362.62 1 0
github.com/plc-visualizer/backend/internal/api/websocket.go:362.62,366.4 2 0
github.com/plc-visualizer/backend/internal/api/websocket.go:368.2,373.62 3 0
github.com/plc-visualizer/backend/internal/api/websocket.go:373.62,377.117 3 0
github.com/plc-visualizer/backend/internal/api/websocket.go:377.117,380.4 2 0
github.com/plc-visualizer/backend/internal/api/websocket.go:380.9,382.4 1 0
github.com/plc-visualizer/backend/internal/api/websocket.go:383.8,385.3 1 0
github.com/plc-visualizer/backend/internal/api/websocket.go:388.2,392.16 3 0
github.com/plc-visualizer/backend/internal/api/websocket.go:392.16,395.3 2 0
github.com/plc-visualizer/backend/internal/api/websocket.go:398.2,417.80 6 0
github.com/plc-visualizer/backend/internal/api/websocket.go:421.131,434.2 1 0
github.com/plc-visualizer/backend/internal/api/websocket.go:437.81,439.62 2 0
github.com/plc-visualizer/backend/internal/api/websocket.go:439.62,442.3 2 0
github.com/plc-visualizer/backend/internal/api/websocket.go:445.2,446.16 2 0
github.com/plc-visualizer/backend/internal/api/websocket.go:446.16,449.3 2 0
github.com/plc-visualizer/backend/internal/api/websocket.go:452.2,453.16 2 0
github.com/plc-visualizer/backend/internal/api/websocket.go:453.16,456.3 2 0
github.com/plc-visualizer/backend/internal/api/websocket.go:459.2,459.51 1 0
github.com/plc-visualizer/backend/internal/api/websocket.go:459.51,461.3 1 0
github.com/plc-visualizer/backend/internal/api/websocket.go:464.2,477.55 2 0
github.com/plc-visualizer/backend/internal/api/websocket.go:481.83,483.62 2 0
github.com/plc-visualizer/backend/internal/api/websocket.go:483.62,486.3 2 0
github.com/plc-visualizer/backend/internal/api/websocket.go:489.2,490.16 2 0
github.com/plc-visualizer/backend/internal/api/websocket.go:490.16,493.3 2 0
github.com/plc-visualizer/backend/internal/api/websocket.go:496.2,497.16 2 0
github.com/plc-visualizer/backend/internal/api/websocket.go:497.16,500.3 2 0
github.com/plc-visualizer/backend/internal/api/websocket.go:503.2,504.16 2 0
github.com/plc-visualizer/backend/internal/api/websocket.go:504.16,507.3 2 0
github.com/plc-visualizer/backend/internal/api/websocket.go:510.2,510.51 1 0
github.com/plc-visualizer/backend/internal/api/websocket.go:510.51,512.3 1 0
github.com/plc-visualizer/backend/internal/api/websocket.go:515.2,531.57 2 0
github.com/plc-visualizer/backend/internal/api/websocket.go:535.85,537.62 2 0
github.com/plc-visualizer/backend/internal/api/websocket.go:537.62,540.3 2 0
github.com/plc-visualizer/backend/internal/api/websocket.go:543.2,544.16 2 0
github.com/plc-visualizer/backend/internal/api/websocket.go:544.16,547.3 2 0
github.com/plc-visualizer/backend/internal/api/websocket.go:550.2,551.16 2 0
github.com/plc-visualizer/backend/internal/api/websocket.go:551.16,554.3 2 0
github.com/plc-visualizer/backend/internal/api/websocket.go:557.2,558.16 2 0
github.com/plc-visualizer/backend/internal/api/websocket.go:558.16,561.3 2 0
github.com/plc-visualizer/backend/internal/api/websocket.go:564.2,577.16 3 0
github.com/plc-visualizer/backend/internal/api/websocket.go:577.16,580.3 2 0
github.com/plc-visualizer/backend/internal/api/websocket.go:583.2,583.26 1 0
github.com/plc-visualizer/backend/internal/api/websocket.go:583.26,585.10 2 0
github.com/plc-visualizer/backend/internal/api/websocket.go:585.10,586.9 1 0
github.com/plc-visualizer/backend/internal/api/websocket.go:588.3,588.72 1 0
github.com/plc-visualizer/backend/internal/api/websocket.go:588.72,589.43 1 0
github.com/plc-visualizer/backend/internal/api/websocket.go:589.43,592.5 2 0
github.com/plc-visualizer/backend/internal/api/websocket.go:593.4,593.9 1 0
github.com/plc-visualizer/backend/internal/api/websocket.go:595.3,595.37 1 0
github.com/plc-visualizer/backend/internal/api/websocket.go:599.2,599.59 1 0
github.com/plc-visualizer/backend/internal/api/websocket.go:599.59,601.3 1 0
github.com/plc-visualizer/backend/internal/api/websocket.go:604.2,617.63 2 0
github.com/plc-visualizer/backend/internal/api/websocket.go:622.77,623.42 1 0
github.com/plc-visualizer/backend/internal/api/websocket.go:623.42,625.3 1 0
github.com/plc-visualizer/backend/internal/api/websocket.go:628.82,638.2 1 0
github.com/plc-visualizer/backend/internal/api/websocket.go:640.32,642.2 1 0
github.com/plc-visualizer/backend/internal/api/websocket.go:644.46,646.16 2 0
github.com/plc-visualizer/backend/internal/api/websocket.go:646.16,648.3 1 0
github.com/plc-visualizer/backend/internal/api/websocket.go:649.2,649.13 1 0
github.com/plc-visualizer/backend/internal/api/websocket.go:652.50,654.16 2 0
github.com/plc-visualizer/backend/internal/api/websocket.go:654.16,656.3 1 0
github.com/plc-visualizer/backend/internal/api/websocket.go:657.2,661.6 4 0
github.com/plc-visualizer/backend/internal/api/websocket.go:661.6,663.12 2 0
github.com/plc-visualizer/backend/internal/api/websocket.go:663.12,665.4 1 0
github.com/plc-visualizer/backend/internal/api/websocket.go:666.3,666.17 1 0
github.com/plc-visualizer/backend/internal/api/websocket.go:666.17,667.28 1 0
github.com/plc-visualizer/backend/internal/api/websocket.go:667.28,668.10 1 0
github.com/plc-visualizer/backend/internal/api/websocket.go:670.4,670.19 1 0
github.com/plc-visualizer/backend/internal/api/websocket.go:673.2,673.20 1 0
github.com/plc-visualizer/backend/internal/api/websocket.go:682.47,684.2 1 0
github.com/plc-visualizer/backend/internal/api/websocket.go:686.51,687.26 1 0
github.com/plc-visualizer/backend/internal/api/websocket.go:687.26,689.3 1 0
github.com/plc-visualizer/backend/internal/api/websocket.go:690.2,692.15 3 0
github.com/plc-visualizer/backend/internal/api/websocket.go:696.82,698.16 2 0
github.com/plc-visualizer/backend/internal/api/websocket.go:698.16,700.3 1 0
github.com/plc-visualizer/backend/internal/api/websocket.go:701.2,704.16 3 0
github.com/plc-visualizer/backend/internal/api/websocket.go:704.16,706.3 1 0
github.com/plc-visualizer/backend/internal/api/websocket.go:707.2,710.16 3 0
github.com/plc-visualizer/backend/internal/api/websocket.go:710.16,712.3 1 0
github.com/plc-visualizer/backend/internal/api/websocket.go:713.2,717.12 4 0
github.com/plc-visualizer/backend/internal/api/websocket.go:721.124,723.16 2 0
github.com/plc-visualizer/backend/internal/api/websocket.go:723.16,725.3 1 0
github.com/plc-visualizer/backend/internal/api/websocket.go:726.2,730.16 3 0
github.com/plc-visualizer/backend/internal/api/websocket.go:730.16,732.3 1 0
github.com/plc-visualizer/backend/internal/api/websocket.go:733.2,736.16 3 0
github.com/plc-visualizer/backend/internal/api/websocket.go:736.16,738.3 1 0
github.com/plc-visualizer/backend/internal/api/websocket.go:739.2,742.16 3 0
github.com/plc-visualizer/backend/internal/api/websocket.go:742.16,744.3 1 0
github.com/plc-visualizer/backend/internal/api/websocket.go:745.2,751.6 5 0
github.com/plc-visualizer/backend/internal/api/websocket.go:751.6,753.12 2 0
github.com/plc-visualizer/backend/internal/api/websocket.go:753.12,754.54 1 0
github.com/plc-visualizer/backend/internal/api/websocket.go:754.54,756.5 1 0
github.com/plc-visualizer/backend/internal/api/websocket.go:757.4,762.21 3 0
github.com/plc-visualizer/backend/internal/api/websocket.go:762.21,764.5 1 0
github.com/plc-visualizer/backend/internal/api/websocket.go:767.4,767.34 1 0
github.com/plc-visualizer/backend/internal/api/websocket.go:767.34,771.5 2 0
github.com/plc-visualizer/backend/internal/api/websocket.go:773.3,773.17 1 0
github.com/plc-visualizer/backend/internal/api/websocket.go:773.17,774.28 1 0
github.com/plc-visualizer/backend/internal/api/websocket.go:774.28,775.10 1 0
github.com/plc-visualizer/backend/internal/api/websocket.go:777.4,777.14 1 0
github.com/plc-visualizer/backend/internal/api/websocket.go:782.2,783.12 2 0
github.com/plc-visualizer/backend/internal/api/websocket.go:787.100,790.16 2 0
github.com/plc-visualizer/backend/internal/api/websocket.go:790.16,792.3 1 0
github.com/plc-visualizer/backend/internal/api/websocket.go:793.2,796.42 2 0
github.com/plc-visualizer/backend/internal/api/websocket.go:799.30,801.2 1 0
github.com/plc-visualizer/backend/internal/config/xml_config.go:81.33,123.2 1 0
github.com/plc-visualizer/backend/internal/config/xml_config.go:126.56,128.55 1 0
github.com/plc-visualizer/backend/internal/config/xml_config.go:128.55,130.49 2 0
github.com/plc-visualizer/backend/internal/config/xml_config.go:130.49,132.4 1 0
github.com/plc-visualizer/backend/internal/config/xml_config.go:133.3,133.21 1 0
github.com/plc-visualizer/backend/internal/config/xml_config.go:136.2,137.16 2 0
github.com/plc-visualizer/backend/internal/config/xml_config.go:137.16,139.3 1 0
github.com/plc-visualizer/backend/internal/config/xml_config.go:141.2,142.52 2 0
github.com/plc-visualizer/backend/internal/config/xml_config.go:142.52,144.3 1 0
github.com/plc-visualizer/backend/internal/config/xml_config.go:147.2,149.20 2 0
github.com/plc-visualizer/backend/internal/config/xml_config.go:153.51,155.16 2 0
github.com/plc-visualizer/backend/internal/config/xml_config.go:155.16,157.3 1 0
github.com/plc-visualizer/backend/internal/config/xml_config.go:159.2,162.64 3 0
github.com/plc-visualizer/backend/internal/config/xml_config.go:162.64,164.3 1 0
github.com/plc-visualizer/backend/internal/config/xml_config.go:166.2,166.12 1 0
github.com/plc-visualizer/backend/internal/config/xml_config.go:170.52,171.46 1 0
github.com/plc-visualizer/backend/internal/config/xml_config.go:171.46,173.3 1 0
github.com/plc-visualizer/backend/internal/config/xml_config.go:174.2,174.49 1 0
github.com/plc-visualizer/backend/internal/config/xml_config.go:174.49,176.3 1 0
github.com/plc-visualizer/backend/internal/config/xml_config.go:177.2,177.46 1 0
github.com/plc-visualizer/backend/internal/config/xml_config.go:177.46,179.3 1 0
github.com/plc-visualizer/backend/internal/config/xml_config.go:180.2,180.52 1 0
github.com/plc-visualizer/backend/internal/config/xml_config.go:180.52,182.3 1 0
github.com/plc-visualizer/backend/internal/config/xml_config.go:186.41,188.2 1 0
github.com/plc-visualizer/backend/internal/config/xml_config.go:191.43,193.2 1 0
github.com/plc-visualizer/backend/internal/config/xml_config.go:196.44,198.2 1 0
github.com/plc-visualizer/backend/internal/config/xml_config.go:201.47,209.27 2 0
github.com/plc-visualizer/backend/internal/config/xml_config.go:209.27,210.48 1 0
github.com/plc-visualizer/backend/internal/config/xml_config.go:210.48,212.4 1 0
github.com/plc-visualizer/backend/internal/config/xml_config.go:215.2,215.12 1 0
github.com/plc-visualizer/backend/internal/models/parsed_log.go:20.32,26.2 1 0
github.com/plc-visualizer/backend/internal/models/session.go:37.55,45.2 1 0
github.com/plc-visualizer/backend/internal/session/manager.go:44.28,46.19 2 1
github.com/plc-visualizer/backend/internal/session/manager.go:46.19,48.3 1 0
github.com/plc-visualizer/backend/internal/session/manager.go:50.2,51.39 2 1
github.com/plc-visualizer/backend/internal/session/manager.go:55.53,62.2 1 1
github.com/plc-visualizer/backend/internal/session/manager.go:66.87,85.36 9 1
github.com/plc-visualizer/backend/internal/session/manager.go:85.36,89.3 2 0
github.com/plc-visualizer/backend/internal/session/manager.go:89.8,92.3 1 1
github.com/plc-visualizer/backend/internal/session/manager.go:94.2,94.21 1 1
github.com/plc-visualizer/backend/internal/session/manager.go:100.79,104.36 3 0
github.com/plc-visualizer/backend/internal/session/manager.go:104.36,105.29 1 0
github.com/plc-visualizer/backend/internal/session/manager.go:105.29,106.12 1 0
github.com/plc-visualizer/backend/internal/session/manager.go:108.3,108.63 1 0
github.com/plc-visualizer/backend/internal/session/manager.go:108.63,113.4 3 0
github.com/plc-visualizer/backend/internal/session/manager.go:118.69,127.16 4 0
github.com/plc-visualizer/backend/internal/session/manager.go:127.16,131.3 3 0
github.com/plc-visualizer/backend/internal/session/manager.go:133.2,133.18 1 0
github.com/plc-visualizer/backend/internal/session/manager.go:133.18,138.3 3 0
github.com/plc-visualizer/backend/internal/session/manager.go:140.2,146.9 5 0
github.com/plc-visualizer/backend/internal/session/manager.go:146.9,149.3 2 0
github.com/plc-visualizer/backend/internal/session/manager.go:151.2,159.43 8 0
github.com/plc-visualizer/backend/internal/session/manager.go:159.43,162.3 2 0
github.com/plc-visualizer/backend/internal/session/manager.go:164.2,165.64 1 0
github.com/plc-visualizer/backend/internal/session/manager.go:168.64,170.15 1 1
github.com/plc-visualizer/backend/internal/session/manager.go:170.15,171.31 1 1
github.com/plc-visualizer/backend/internal/session/manager.go:171.31,174.4 2 0
github.com/plc-visualizer/backend/internal/session/manager.go:176.3,176.29 1 1
github.com/plc-visualizer/backend/internal/session/manager.go:179.2,183.48 3 1
github.com/plc-visualizer/backend/internal/session/manager.go:183.48,185.3 1 0
github.com/plc-visualizer/backend/internal/session/manager.go:185.8,187.3 1 1
github.com/plc-visualizer/backend/internal/session/manager.go:189.2,190.16 2 1
github.com/plc-visualizer/backend/internal/session/manager.go:190.16,194.3 3 0
github.com/plc-visualizer/backend/internal/session/manager.go:196.2,199.44 3 1
github.com/plc-visualizer/backend/internal/session/manager.go:199.44,202.3 2 1
github.com/plc-visualizer/backend/internal/session/manager.go:203.2,208.61 3 1
github.com/plc-visualizer/backend/internal/session/manager.go:208.61,210.21 2 1
github.com/plc-visualizer/backend/internal/session/manager.go:210.21,212.4 1 1
github.com/plc-visualizer/backend/internal/session/manager.go:212.9,214.4 1 0
github.com/plc-visualizer/backend/internal/session/manager.go:216.3,216.22 1 1
github.com/plc-visualizer/backend/internal/session/manager.go:216.22,218.4 1 1
github.com/plc-visualizer/backend/internal/session/manager.go:220.3,221.45 2 1
github.com/plc-visualizer/backend/internal/session/manager.go:221.45,225.4 2 1
github.com/plc-visualizer/backend/internal/session/manager.go:226.3,229.24 2 1
github.com/plc-visualizer/backend/internal/session/manager.go:229.24,239.22 7 0
github.com/plc-visualizer/backend/internal/session/manager.go:239.22,242.5 2 0
github.com/plc-visualizer/backend/internal/session/manager.go:247.2,247.53 1 1
github.com/plc-visualizer/backend/internal/session/manager.go:247.53,250.3 2 1
github.com/plc-visualizer/backend/internal/session/manager.go:253.2,254.16 2 0
github.com/plc-visualizer/backend/internal/session/manager.go:254.16,258.3 3 0
github.com/plc-visualizer/backend/internal/session/manager.go:260.2,268.9 6 0
github.com/plc-visualizer/backend/internal/session/manager.go:268.9,270.3 1 0
github.com/plc-visualizer/backend/internal/session/manager.go:272.2,280.29 8 0
github.com/plc-visualizer/backend/internal/session/manager.go:280.29,283.3 2 0
github.com/plc-visualizer/backend/internal/session/manager.go:285.2,286.32 2 0
github.com/plc-visualizer/backend/internal/session/manager.go:286.32,287.15 1 0
github.com/plc-visualizer/backend/internal/session/manager.go:287.15,289.4 1 0
github.com/plc-visualizer/backend/internal/session/manager.go:291.2,291.29 1 0
github.com/plc-visualizer/backend/internal/session/manager.go:295.154,297.15 1 1
github.com/plc-visualizer/backend/internal/session/manager.go:297.15,298.31 1 1
github.com/plc-visualizer/backend/internal/session/manager.go:298.31,301.4 2 0
github.com/plc-visualizer/backend/internal/session/manager.go:305.2,307.16 3 1
github.com/plc-visualizer/backend/internal/session/manager.go:307.16,311.3 3 0
github.com/plc-visualizer/backend/internal/session/manager.go:312.2,316.16 3 1
github.com/plc-visualizer/backend/internal/session/manager.go:316.16,322.3 5 0
github.com/plc-visualizer/backend/internal/session/manager.go:324.2,336.9 8 1
github.com/plc-visualizer/backend/internal/session/manager.go:336.9,339.3 2 0
github.com/plc-visualizer/backend/internal/session/manager.go:341.2,349.43 8 1
github.com/plc-visualizer/backend/internal/session/manager.go:349.43,352.3 2 1
github.com/plc-visualizer/backend/internal/session/manager.go:354.2,355.32 2 1
github.com/plc-visualizer/backend/internal/session/manager.go:355.32,356.15 1 0
github.com/plc-visualizer/backend/internal/session/manager.go:356.15,358.4 1 0
github.com/plc-visualizer/backend/internal/session/manager.go:360.2,360.29 1 1
github.com/plc-visualizer/backend/internal/session/manager.go:363.64,368.9 4 0
github.com/plc-visualizer/backend/internal/session/manager.go:368.9,370.3 1 0
github.com/plc-visualizer/backend/internal/session/manager.go:372.2,375.4 2 0
github.com/plc-visualizer/backend/internal/session/manager.go:379.48,383.35 3 1
github.com/plc-visualizer/backend/internal/session/manager.go:383.35,385.3 1 1
github.com/plc-visualizer/backend/internal/session/manager.go:388.2,389.36 2 0
github.com/plc-visualizer/backend/internal/session/manager.go:389.36,391.54 1 0
github.com/plc-visualizer/backend/internal/session/manager.go:391.54,393.4 1 0
github.com/plc-visualizer/backend/internal/session/manager.go:398.2,400.30 3 0
github.com/plc-visualizer/backend/internal/session/manager.go:400.30,401.24 1 0
github.com/plc-visualizer/backend/internal/session/manager.go:401.24,402.9 1 0
github.com/plc-visualizer/backend/internal/session/manager.go:404.3,404.38 1 0
github.com/plc-visualizer/backend/internal/session/manager.go:404.38,406.30 1 0
github.com/plc-visualizer/backend/internal/session/manager.go:406.30,408.5 1 0
github.com/plc-visualizer/backend/internal/session/manager.go:409.4,411.78 3 0
github.com/plc-visualizer/backend/internal/session/manager.go:418.60,425.36 5 0
github.com/plc-visualizer/backend/internal/session/manager.go:425.36,428.54 1 0
github.com/plc-visualizer/backend/internal/session/manager.go:428.54,429.12 1 0
github.com/plc-visualizer/backend/internal/session/manager.go:433.3,433.48 1 0
github.com/plc-visualizer/backend/internal/session/manager.go:433.48,434.12 1 0
github.com/plc-visualizer/backend/internal/session/manager.go:439.3,440.27 2 0
github.com/plc-visualizer/backend/internal/session/manager.go:440.27,443.4 1 0
github.com/plc-visualizer/backend/internal/session/manager.go:445.3,445.33 1 0
github.com/plc-visualizer/backend/internal/session/manager.go:445.33,446.30 1 0
github.com/plc-visualizer/backend/internal/session/manager.go:446.30,448.5 1 0
github.com/plc-visualizer/backend/internal/session/manager.go:449.4,451.63 2 0
github.com/plc-visualizer/backend/internal/session/manager.go:457.70,462.9 4 1
github.com/plc-visualizer/backend/internal/session/manager.go:462.9,464.3 1 0
github.com/plc-visualizer/backend/internal/session/manager.go:465.2,465.28 1 1
github.com/plc-visualizer/backend/internal/session/manager.go:471.48,476.9 4 0
github.com/plc-visualizer/backend/internal/session/manager.go:476.9,478.3 1 0
github.com/plc-visualizer/backend/internal/session/manager.go:479.2,480.13 2 0
github.com/plc-visualizer/backend/internal/session/manager.go:484.142,489.9 4 0
github.com/plc-visualizer/backend/internal/session/manager.go:489.9,491.3 1 0
github.com/plc-visualizer/backend/internal/session/manager.go:494.2,494.28 1 0
github.com/plc-visualizer/backend/internal/session/manager.go:494.28,496.17 2 0
github.com/plc-visualizer/backend/internal/session/manager.go:496.17,497.66 1 0
github.com/plc-visualizer/backend/internal/session/manager.go:497.66,499.5 1 0
github.com/plc-visualizer/backend/internal/session/manager.go:499.10,501.5 1 0
github.com/plc-visualizer/backend/internal/session/manager.go:502.4,502.24 1 0
github.com/plc-visualizer/backend/internal/session/manager.go:504.3,504.30 1 0
github.com/plc-visualizer/backend/internal/session/manager.go:508.2,509.27 2 0
github.com/plc-visualizer/backend/internal/session/manager.go:513.82,518.9 4 0
github.com/plc-visualizer/backend/internal/session/manager.go:518.9,520.3 1 0
github.com/plc-visualizer/backend/internal/session/manager.go:522.2,522.28 1 0
github.com/plc-visualizer/backend/internal/session/manager.go:522.28,524.3 1 0
github.com/plc-visualizer/backend/internal/session/manager.go:526.2,527.16 2 0
github.com/plc-visualizer/backend/internal/session/manager.go:527.16,529.3 1 0
github.com/plc-visualizer/backend/internal/session/manager.go:530.2,530.19 1 0
github.com/plc-visualizer/backend/internal/session/manager.go:534.115,539.9 4 0
github.com/plc-visualizer/backend/internal/session/manager.go:539.9,541.3 1 0
github.com/plc-visualizer/backend/internal/session/manager.go:543.2,543.28 1 0
github.com/plc-visualizer/backend/internal/session/manager.go:543.28,545.17 2 0
github.com/plc-visualizer/backend/internal/session/manager.go:545.17,548.4 2 0
github.com/plc-visualizer/backend/internal/session/manager.go:549.3,549.21 1 0
github.com/plc-visualizer/backend/internal/session/manager.go:553.2,553.25 1 0
github.com/plc-visualizer/backend/internal/session/manager.go:553.25,554.46 1 0
github.com/plc-visualizer/backend/internal/session/manager.go:554.46,555.41 1 0
github.com/plc-visualizer/backend/internal/session/manager.go:555.41,557.5 1 0
github.com/plc-visualizer/backend/internal/session/manager.go:559.3,559.18 1 0
github.com/plc-visualizer/backend/internal/session/manager.go:562.2,562.17 1 0
github.com/plc-visualizer/backend/internal/session/manager.go:566.121,571.9 4 0
github.com/plc-visualizer/backend/internal/session/manager.go:571.9,573.3 1 0
github.com/plc-visualizer/backend/internal/session/manager.go:575.2,575.28 1 0
github.com/plc-visualizer/backend/internal/session/manager.go:575.28,577.17 2 0
github.com/plc-visualizer/backend/internal/session/manager.go:577.17,580.4 2 0
github.com/plc-visualizer/backend/internal/session/manager.go:581.3,581.23 1 0
github.com/plc-visualizer/backend/internal/session/manager.go:584.2,584.19 1 0
github.com/plc-visualizer/backend/internal/session/manager.go:588.113,593.9 4 1
github.com/plc-visualizer/backend/internal/session/manager.go:593.9,595.3 1 0
github.com/plc-visualizer/backend/internal/session/manager.go:598.2,598.28 1 1
github.com/plc-visualizer/backend/internal/session/manager.go:598.28,601.17 3 1
github.com/plc-visualizer/backend/internal/session/manager.go:601.17,603.4 1 0
github.com/plc-visualizer/backend/internal/session/manager.go:604.3,604.22 1 1
github.com/plc-visualizer/backend/internal/session/manager.go:604.22,606.4 1 0
github.com/plc-visualizer/backend/internal/session/manager.go:608.3,609.18 2 1
github.com/plc-visualizer/backend/internal/session/manager.go:609.18,611.4 1 1
github.com/plc-visualizer/backend/internal/session/manager.go:613.3,614.17 2 1
github.com/plc-visualizer/backend/internal/session/manager.go:614.17,616.4 1 0
github.com/plc-visualizer/backend/internal/session/manager.go:617.3,617.30 1 1
github.com/plc-visualizer/backend/internal/session/manager.go:621.2,621.25 1 0
github.com/plc-visualizer/backend/internal/session/manager.go:621.25,623.3 1 0
github.com/plc-visualizer/backend/internal/session/manager.go:625.2,627.15 3 0
github.com/plc-visualizer/backend/internal/session/manager.go:627.15,629.3 1 0
github.com/plc-visualizer/backend/internal/session/manager.go:630.2,630.20 1 0
github.com/plc-visualizer/backend/internal/session/manager.go:630.20,632.3 1 0
github.com/plc-visualizer/backend/internal/session/manager.go:634.2,635.17 2 0
github.com/plc-visualizer/backend/internal/session/manager.go:635.17,637.3 1 0
github.com/plc-visualizer/backend/internal/session/manager.go:639.2,639.53 1 0
github.com/plc-visualizer/backend/internal/session/manager.go:643.130,648.9 4 0
github.com/plc-visualizer/backend/internal/session/manager.go:648.9,650.3 1 0
github.com/plc-visualizer/backend/internal/session/manager.go:652.2,652.28 1 0
github.com/plc-visualizer/backend/internal/session/manager.go:652.28,654.3 1 0
github.com/plc-visualizer/backend/internal/session/manager.go:656.2,657.16 2 0
github.com/plc-visualizer/backend/internal/session/manager.go:657.16,659.3 1 0
github.com/plc-visualizer/backend/internal/session/manager.go:660.2,660.22 1 0
github.com/plc-visualizer/backend/internal/session/manager.go:664.125,669.9 4 0
github.com/plc-visualizer/backend/internal/session/manager.go:669.9,671.3 1 0
github.com/plc-visualizer/backend/internal/session/manager.go:673.2,673.28 1 0
github.com/plc-visualizer/backend/internal/session/manager.go:673.28,675.3 1 0
github.com/plc-visualizer/backend/internal/session/manager.go:677.2,678.16 2 0
github.com/plc-visualizer/backend/internal/session/manager.go:678.16,680.3 1 0
github.com/plc-visualizer/backend/internal/session/manager.go:681.2,681.22 1 0
github.com/plc-visualizer/backend/internal/session/manager.go:685.144,690.9 4 0
github.com/plc-visualizer/backend/internal/session/manager.go:690.9,692.3 1 0
github.com/plc-visualizer/backend/internal/session/manager.go:694.2,694.28 1 0
github.com/plc-visualizer/backend/internal/session/manager.go:694.28,696.3 1 0
github.com/plc-visualizer/backend/internal/session/manager.go:698.2,699.16 2 0
github.com/plc-visualizer/backend/internal/session/manager.go:699.16,701.3 1 0
github.com/plc-visualizer/backend/internal/session/manager.go:702.2,702.25 1 0
github.com/plc-visualizer/backend/internal/session/manager.go:706.71,711.9 4 0
github.com/plc-visualizer/backend/internal/session/manager.go:711.9,713.3 1 0
github.com/plc-visualizer/backend/internal/session/manager.go:716.2,716.28 1 0
github.com/plc-visualizer/backend/internal/session/manager.go:716.28,718.17 2 0
github.com/plc-visualizer/backend/internal/session/manager.go:718.17,720.4 1 0
github.com/plc-visualizer/backend/internal/session/manager.go:721.3,722.27 2 0
github.com/plc-visualizer/backend/internal/session/manager.go:722.27,724.4 1 0
github.com/plc-visualizer/backend/internal/session/manager.go:725.3,725.22 1 0
github.com/plc-visualizer/backend/internal/session/manager.go:729.2,729.25 1 0
github.com/plc-visualizer/backend/internal/session/manager.go:729.25,731.3 1 0
github.com/plc-visualizer/backend/internal/session/manager.go:733.2,734.45 2 0
github.com/plc-visualizer/backend/internal/session/manager.go:734.45,736.40 2 0
github.com/plc-visualizer/backend/internal/session/manager.go:736.40,738.4 1 0
github.com/plc-visualizer/backend/internal/session/manager.go:740.2,740.21 1 0
github.com/plc-visualizer/backend/internal/session/manager.go:744.58,749.9 4 0
github.com/plc-visualizer/backend/internal/session/manager.go:749.9,751.3 1 0
github.com/plc-visualizer/backend/internal/session/manager.go:754.2,754.28 1 0
github.com/plc-visualizer/backend/internal/session/manager.go:754.28,757.25 3 0
github.com/plc-visualizer/backend/internal/session/manager.go:757.25,759.4 1 0
github.com/plc-visualizer/backend/internal/session/manager.go:760.3,760.23 1 0
github.com/plc-visualizer/backend/internal/session/manager.go:764.2,764.25 1 0
github.com/plc-visualizer/backend/internal/session/manager.go:764.25,766.3 1 0
github.com/plc-visualizer/backend/internal/session/manager.go:768.2,769.38 2 0
github.com/plc-visualizer/backend/internal/session/manager.go:769.38,771.3 1 0
github.com/plc-visualizer/backend/internal/session/manager.go:773.2,773.22 1 0
github.com/plc-visualizer/backend/internal/session/manager.go:777.105,778.57 1 0
github.com/plc-visualizer/backend/internal/session/manager.go:778.57,780.3 1 0
github.com/plc-visualizer/backend/internal/session/manager.go:783.2,783.23 1 0
github.com/plc-visualizer/backend/internal/session/manager.go:783.23,785.3 1 0
github.com/plc-visualizer/backend/internal/session/manager.go:787.2,805.21 10 0
github.com/plc-visualizer/backend/internal/session/manager.go:808.80,816.37 5 0
github.com/plc-visualizer/backend/internal/session/manager.go:816.37,818.17 2 0
github.com/plc-visualizer/backend/internal/session/manager.go:818.17,821.4 2 0
github.com/plc-visualizer/backend/internal/session/manager.go:823.3,823.23 1 0
github.com/plc-visualizer/backend/internal/session/manager.go:823.23,825.4 1 0
github.com/plc-visualizer/backend/internal/session/manager.go:827.3,828.17 2 0
github.com/plc-visualizer/backend/internal/session/manager.go:828.17,831.4 2 0
github.com/plc-visualizer/backend/internal/session/manager.go:833.3,835.33 2 0
github.com/plc-visualizer/backend/internal/session/manager.go:835.33,836.16 1 0
github.com/plc-visualizer/backend/internal/session/manager.go:836.16,838.5 1 0
github.com/plc-visualizer/backend/internal/session/manager.go:842.3,844.45 3 0
github.com/plc-visualizer/backend/internal/session/manager.go:844.45,846.4 1 0
github.com/plc-visualizer/backend/internal/session/manager.go:847.3,847.16 1 0
github.com/plc-visualizer/backend/internal/session/manager.go:851.2,856.16 3 0
github.com/plc-visualizer/backend/internal/session/manager.go:856.16,859.3 2 0
github.com/plc-visualizer/backend/internal/session/manager.go:862.2,862.32 1 0
github.com/plc-visualizer/backend/internal/session/manager.go:862.32,864.3 1 0
github.com/plc-visualizer/backend/internal/session/manager.go:867.2,867.41 1 0
github.com/plc-visualizer/backend/internal/session/manager.go:867.41,871.3 3 0
github.com/plc-visualizer/backend/internal/session/manager.go:873.2,879.9 5 0
github.com/plc-visualizer/backend/internal/session/manager.go:879.9,882.3 2 0
github.com/plc-visualizer/backend/internal/session/manager.go:884.2,893.43 9 0
github.com/plc-visualizer/backend/internal/session/manager.go:893.43,896.3 2 0
github.com/plc-visualizer/backend/internal/session/manager.go:900.57,902.2 1 0
github.com/plc-visualizer/backend/internal/session/manager.go:905.64,907.2 1 0
github.com/plc-visualizer/backend/internal/session/manager.go:910.66,912.2 1 0
github.com/plc-visualizer/backend/internal/session/parsedstore.go:13.32,14.18 1 1
github.com/plc-visualizer/backend/internal/session/parsedstore.go:14.18,16.3 1 1
github.com/plc-visualizer/backend/internal/session/parsedstore.go:17.2,17.15 1 1
github.com/plc-visualizer/backend/internal/session/parsedstore.go:32.56,34.21 2 1
github.com/plc-visualizer/backend/internal/session/parsedstore.go:34.21,36.3 1 0
github.com/plc-visualizer/backend/internal/session/parsedstore.go:37.2,37.51 1 1
github.com/plc-visualizer/backend/internal/session/parsedstore.go:41.79,54.2 4 1
github.com/plc-visualizer/backend/internal/session/parsedstore.go:57.50,59.16 2 1
github.com/plc-visualizer/backend/internal/session/parsedstore.go:59.16,62.3 2 0
github.com/plc-visualizer/backend/internal/session/parsedstore.go:64.2,64.32 1 1
github.com/plc-visualizer/backend/internal/session/parsedstore.go:64.32,65.20 1 0
github.com/plc-visualizer/backend/internal/session/parsedstore.go:65.20,66.12 1 0
github.com/plc-visualizer/backend/internal/session/parsedstore.go:69.3,70.78 2 0
github.com/plc-visualizer/backend/internal/session/parsedstore.go:70.78,75.4 4 0
github.com/plc-visualizer/backend/internal/session/parsedstore.go:78.2,78.84 1 1
github.com/plc-visualizer/backend/internal/session/parsedstore.go:82.67,84.2 1 1
github.com/plc-visualizer/backend/internal/session/parsedstore.go:87.64,92.8 4 1
github.com/plc-visualizer/backend/internal/session/parsedstore.go:92.8,94.3 1 0
github.com/plc-visualizer/backend/internal/session/parsedstore.go:97.2,98.43 2 1
github.com/plc-visualizer/backend/internal/session/parsedstore.go:98.43,104.3 4 0
github.com/plc-visualizer/backend/internal/session/parsedstore.go:106.2,106.14 1 1
github.com/plc-visualizer/backend/internal/session/parsedstore.go:111.82,112.27 1 0
github.com/plc-visualizer/backend/internal/session/parsedstore.go:112.27,114.3 1 0
github.com/plc-visualizer/backend/internal/session/parsedstore.go:116.2,121.43 4 0
github.com/plc-visualizer/backend/internal/session/parsedstore.go:121.43,127.3 4 0
github.com/plc-visualizer/backend/internal/session/parsedstore.go:129.2,133.16 3 0
github.com/plc-visualizer/backend/internal/session/parsedstore.go:133.16,135.3 1 0
github.com/plc-visualizer/backend/internal/session/parsedstore.go:137.2,137.19 1 0
github.com/plc-visualizer/backend/internal/session/parsedstore.go:142.91,152.16 5 1
github.com/plc-visualizer/backend/internal/session/parsedstore.go:152.16,154.3 1 0
github.com/plc-visualizer/backend/internal/session/parsedstore.go:156.2,156.19 1 1
github.com/plc-visualizer/backend/internal/session/parsedstore.go:160.63,165.2 4 1
github.com/plc-visualizer/backend/internal/session/parsedstore.go:168.63,174.65 5 0
github.com/plc-visualizer/backend/internal/session/parsedstore.go:174.65,176.3 1 0
github.com/plc-visualizer/backend/internal/session/parsedstore.go:178.2,179.12 2 0
github.com/plc-visualizer/backend/internal/session/parsedstore.go:183.51,188.28 4 0
github.com/plc-visualizer/backend/internal/session/parsedstore.go:188.28,190.3 1 0
github.com/plc-visualizer/backend/internal/session/parsedstore.go:191.2,191.16 1 0
github.com/plc-visualizer/backend/internal/session/parsedstore.go:195.66,200.40 4 0
github.com/plc-visualizer/backend/internal/session/parsedstore.go:200.40,201.47 1 0
github.com/plc-visualizer/backend/internal/session/parsedstore.go:201.47,203.4 1 0
github.com/plc-visualizer/backend/internal/session/parsedstore.go:203.9,206.4 1 0
github.com/plc-visualizer/backend/internal/session/parsedstore.go:209.2,213.3 1 0
github.com/plc-visualizer/backend/internal/session/parsedstore.go:218.76,220.32 2 0
github.com/plc-visualizer/backend/internal/session/parsedstore.go:220.32,222.3 1 0
github.com/plc-visualizer/backend/internal/session/parsedstore.go:224.2,228.32 4 0
github.com/plc-visualizer/backend/internal/session/parsedstore.go:228.32,229.24 1 0
github.com/plc-visualizer/backend/internal/session/parsedstore.go:229.24,235.4 5 0
github.com/plc-visualizer/backend/internal/session/parsedstore.go:238.2,238.16 1 0
github.com/plc-visualizer/backend/internal/parser/binary_format.go:86.51,93.2 1 0
github.com/plc-visualizer/backend/internal/parser/binary_format.go:96.57,97.37 1 0
github.com/plc-visualizer/backend/internal/parser/binary_format.go:97.37,99.3 1 0
github.com/plc-visualizer/backend/internal/parser/binary_format.go:100.2,103.12 4 0
github.com/plc-visualizer/backend/internal/parser/binary_format.go:107.66,109.22 1 0
github.com/plc-visualizer/backend/internal/parser/binary_format.go:109.22,111.3 1 0
github.com/plc-visualizer/backend/internal/parser/binary_format.go:114.2,116.26 3 0
github.com/plc-visualizer/backend/internal/parser/binary_format.go:116.26,118.27 2 0
github.com/plc-visualizer/backend/internal/parser/binary_format.go:118.28,121.4 0 0
github.com/plc-visualizer/backend/internal/parser/binary_format.go:122.3,123.23 2 0
github.com/plc-visualizer/backend/internal/parser/binary_format.go:123.23,126.4 1 0
github.com/plc-visualizer/backend/internal/parser/binary_format.go:126.9,128.4 1 0
github.com/plc-visualizer/backend/internal/parser/binary_format.go:132.2,136.26 4 0
github.com/plc-visualizer/backend/internal/parser/binary_format.go:136.26,138.3 1 0
github.com/plc-visualizer/backend/internal/parser/binary_format.go:141.2,144.33 3 0
github.com/plc-visualizer/backend/internal/parser/binary_format.go:145.12,146.8 1 0
github.com/plc-visualizer/backend/internal/parser/binary_format.go:146.8,148.4 1 0
github.com/plc-visualizer/backend/internal/parser/binary_format.go:148.9,150.4 1 0
github.com/plc-visualizer/backend/internal/parser/binary_format.go:151.11,152.28 1 0
github.com/plc-visualizer/backend/internal/parser/binary_format.go:152.28,155.4 2 0
github.com/plc-visualizer/backend/internal/parser/binary_format.go:155.9,155.39 1 0
github.com/plc-visualizer/backend/internal/parser/binary_format.go:155.39,158.4 2 0
github.com/plc-visualizer/backend/internal/parser/binary_format.go:158.9,158.49 1 0
github.com/plc-visualizer/backend/internal/parser/binary_format.go:158.49,161.4 2 0
github.com/plc-visualizer/backend/internal/parser/binary_format.go:161.9,164.4 2 0
github.com/plc-visualizer/backend/internal/parser/binary_format.go:165.13,167.10 2 0
github.com/plc-visualizer/backend/internal/parser/binary_format.go:168.15,170.10 2 0
github.com/plc-visualizer/backend/internal/parser/binary_format.go:171.14,173.38 1 0
github.com/plc-visualizer/backend/internal/parser/binary_format.go:173.38,176.4 2 0
github.com/plc-visualizer/backend/internal/parser/binary_format.go:176.9,179.4 2 0
github.com/plc-visualizer/backend/internal/parser/binary_format.go:180.10,182.29 2 0
github.com/plc-visualizer/backend/internal/parser/binary_format.go:185.2,194.12 2 0
github.com/plc-visualizer/backend/internal/parser/binary_format.go:198.42,209.76 2 0
github.com/plc-visualizer/backend/internal/parser/binary_format.go:209.76,211.3 1 0
github.com/plc-visualizer/backend/internal/parser/binary_format.go:215.2,215.47 1 0
github.com/plc-visualizer/backend/internal/parser/binary_format.go:215.47,217.3 1 0
github.com/plc-visualizer/backend/internal/parser/binary_format.go:220.2,220.43 1 0
github.com/plc-visualizer/backend/internal/parser/binary_format.go:220.43,222.3 1 0
github.com/plc-visualizer/backend/internal/parser/binary_format.go:224.2,224.12 1 0
github.com/plc-visualizer/backend/internal/parser/binary_format.go:227.52,229.74 1 0
github.com/plc-visualizer/backend/internal/parser/binary_format.go:229.74,231.3 1 0
github.com/plc-visualizer/backend/internal/parser/binary_format.go:234.2,234.32 1 0
github.com/plc-visualizer/backend/internal/parser/binary_format.go:234.32,236.68 2 0
github.com/plc-visualizer/backend/internal/parser/binary_format.go:236.68,238.4 1 0
github.com/plc-visualizer/backend/internal/parser/binary_format.go:239.3,239.51 1 0
github.com/plc-visualizer/backend/internal/parser/binary_format.go:239.51,241.4 1 0
github.com/plc-visualizer/backend/internal/parser/binary_format.go:244.2,244.12 1 0
github.com/plc-visualizer/backend/internal/parser/binary_format.go:247.48,251.36 2 0
github.com/plc-visualizer/backend/internal/parser/binary_format.go:251.36,253.37 1 0
github.com/plc-visualizer/backend/internal/parser/binary_format.go:253.37,255.85 1 0
github.com/plc-visualizer/backend/internal/parser/binary_format.go:255.85,257.5 1 0
github.com/plc-visualizer/backend/internal/parser/binary_format.go:260.4,260.14 1 0
github.com/plc-visualizer/backend/internal/parser/binary_format.go:260.14,262.5 1 0
github.com/plc-visualizer/backend/internal/parser/binary_format.go:263.4,263.92 1 0
github.com/plc-visualizer/backend/internal/parser/binary_format.go:263.92,265.5 1 0
github.com/plc-visualizer/backend/internal/parser/binary_format.go:266.9,267.91 1 0
github.com/plc-visualizer/backend/internal/parser/binary_format.go:267.91,269.5 1 0
github.com/plc-visualizer/backend/internal/parser/binary_format.go:273.3,273.76 1 0
github.com/plc-visualizer/backend/internal/parser/binary_format.go:273.76,275.4 1 0
github.com/plc-visualizer/backend/internal/parser/binary_format.go:276.3,276.78 1 0
github.com/plc-visualizer/backend/internal/parser/binary_format.go:276.78,278.4 1 0
github.com/plc-visualizer/backend/internal/parser/binary_format.go:281.3,281.38 1 0
github.com/plc-visualizer/backend/internal/parser/binary_format.go:281.38,282.62 1 0
github.com/plc-visualizer/backend/internal/parser/binary_format.go:282.62,284.5 1 0
github.com/plc-visualizer/backend/internal/parser/binary_format.go:285.9,286.77 1 0
github.com/plc-visualizer/backend/internal/parser/binary_format.go:286.77,288.5 1 0
github.com/plc-visualizer/backend/internal/parser/binary_format.go:292.3,292.76 1 0
github.com/plc-visualizer/backend/internal/parser/binary_format.go:292.76,294.4 1 0
github.com/plc-visualizer/backend/internal/parser/binary_format.go:297.3,297.26 1 0
github.com/plc-visualizer/backend/internal/parser/binary_format.go:298.46,298.46 0 0
github.com/plc-visualizer/backend/internal/parser/binary_format.go:300.22,301.89 1 0
github.com/plc-visualizer/backend/internal/parser/binary_format.go:301.89,303.5 1 0
github.com/plc-visualizer/backend/internal/parser/binary_format.go:304.23,305.90 1 0
github.com/plc-visualizer/backend/internal/parser/binary_format.go:305.90,307.5 1 0
github.com/plc-visualizer/backend/internal/parser/binary_format.go:308.23,309.90 1 0
github.com/plc-visualizer/backend/internal/parser/binary_format.go:309.90,311.5 1 0
github.com/plc-visualizer/backend/internal/parser/binary_format.go:312.23,313.90 1 0
github.com/plc-visualizer/backend/internal/parser/binary_format.go:313.90,315.5 1 0
github.com/plc-visualizer/backend/internal/parser/binary_format.go:316.25,317.92 1 0
github.com/plc-visualizer/backend/internal/parser/binary_format.go:317.92,319.5 1 0
github.com/plc-visualizer/backend/internal/parser/binary_format.go:320.29,321.80 1 0
github.com/plc-visualizer/backend/internal/parser/binary_format.go:321.80,323.5 1 0
github.com/plc-visualizer/backend/internal/parser/binary_format.go:324.27,326.69 2 0
github.com/plc-visualizer/backend/internal/parser/binary_format.go:326.69,328.5 1 0
github.com/plc-visualizer/backend/internal/parser/binary_format.go:329.4,329.52 1 0
github.com/plc-visualizer/backend/internal/parser/binary_format.go:329.52,331.5 1 0
github.com/plc-visualizer/backend/internal/parser/binary_format.go:335.3,335.37 1 0
github.com/plc-visualizer/backend/internal/parser/binary_format.go:335.37,337.4 1 0
github.com/plc-visualizer/backend/internal/parser/binary_format.go:340.2,340.12 1 0
github.com/plc-visualizer/backend/internal/parser/binary_format.go:344.49,346.18 2 0
github.com/plc-visualizer/backend/internal/parser/binary_format.go:346.18,349.3 2 0
github.com/plc-visualizer/backend/internal/parser/binary_format.go:350.2,352.12 3 0
github.com/plc-visualizer/backend/internal/parser/binary_format.go:365.51,370.2 1 0
github.com/plc-visualizer/backend/internal/parser/binary_format.go:373.63,375.79 1 0
github.com/plc-visualizer/backend/internal/parser/binary_format.go:375.79,377.3 1 0
github.com/plc-visualizer/backend/internal/parser/binary_format.go:380.2,380.37 1 0
github.com/plc-visualizer/backend/internal/parser/binary_format.go:380.37,382.3 1 0
github.com/plc-visualizer/backend/internal/parser/binary_format.go:385.2,385.41 1 0
github.com/plc-visualizer/backend/internal/parser/binary_format.go:385.41,387.3 1 0
github.com/plc-visualizer/backend/internal/parser/binary_format.go:390.2,390.46 1 0
github.com/plc-visualizer/backend/internal/parser/binary_format.go:390.46,392.3 1 0
github.com/plc-visualizer/backend/internal/parser/binary_format.go:395.2,395.42 1 0
github.com/plc-visualizer/backend/internal/parser/binary_format.go:395.42,397.3 1 0
github.com/plc-visualizer/backend/internal/parser/binary_format.go:400.2,403.32 3 0
github.com/plc-visualizer/backend/internal/parser/binary_format.go:403.32,406.3 2 0
github.com/plc-visualizer/backend/internal/parser/binary_format.go:408.2,409.26 2 0
github.com/plc-visualizer/backend/internal/parser/binary_format.go:409.26,414.3 1 0
github.com/plc-visualizer/backend/internal/parser/binary_format.go:416.2,421.8 1 0
github.com/plc-visualizer/backend/internal/parser/binary_format.go:424.51,427.16 2 0
github.com/plc-visualizer/backend/internal/parser/binary_format.go:427.16,429.3 1 0
github.com/plc-visualizer/backend/internal/parser/binary_format.go:431.2,433.37 2 0
github.com/plc-visualizer/backend/internal/parser/binary_format.go:433.37,435.17 2 0
github.com/plc-visualizer/backend/internal/parser/binary_format.go:435.17,437.4 1 0
github.com/plc-visualizer/backend/internal/parser/binary_format.go:439.3,440.58 2 0
github.com/plc-visualizer/backend/internal/parser/binary_format.go:440.58,442.4 1 0
github.com/plc-visualizer/backend/internal/parser/binary_format.go:445.3,446.41 2 0
github.com/plc-visualizer/backend/internal/parser/binary_format.go:449.2,449.12 1 0
github.com/plc-visualizer/backend/internal/parser/binary_format.go:452.47,457.53 3 0
github.com/plc-visualizer/backend/internal/parser/binary_format.go:457.53,460.75 2 0
github.com/plc-visualizer/backend/internal/parser/binary_format.go:460.75,462.4 1 0
github.com/plc-visualizer/backend/internal/parser/binary_format.go:464.3,465.22 2 0
github.com/plc-visualizer/backend/internal/parser/binary_format.go:465.22,468.77 2 0
github.com/plc-visualizer/backend/internal/parser/binary_format.go:468.77,470.5 1 0
github.com/plc-visualizer/backend/internal/parser/binary_format.go:471.4,472.26 2 0
github.com/plc-visualizer/backend/internal/parser/binary_format.go:473.9,476.4 2 0
github.com/plc-visualizer/backend/internal/parser/binary_format.go:479.3,480.17 2 0
github.com/plc-visualizer/backend/internal/parser/binary_format.go:480.17,482.4 1 0
github.com/plc-visualizer/backend/internal/parser/binary_format.go:483.3,484.17 2 0
github.com/plc-visualizer/backend/internal/parser/binary_format.go:484.17,486.4 1 0
github.com/plc-visualizer/backend/internal/parser/binary_format.go:487.3,488.17 2 0
github.com/plc-visualizer/backend/internal/parser/binary_format.go:488.17,490.4 1 0
github.com/plc-visualizer/backend/internal/parser/binary_format.go:493.3,494.60 2 0
github.com/plc-visualizer/backend/internal/parser/binary_format.go:494.60,496.4 1 0
github.com/plc-visualizer/backend/internal/parser/binary_format.go:497.3,503.18 4 0
github.com/plc-visualizer/backend/internal/parser/binary_format.go:504.27,506.41 2 0
github.com/plc-visualizer/backend/internal/parser/binary_format.go:507.26,509.41 2 0
github.com/plc-visualizer/backend/internal/parser/binary_format.go:510.22,514.41 4 0
github.com/plc-visualizer/backend/internal/parser/binary_format.go:515.23,519.41 4 0
github.com/plc-visualizer/backend/internal/parser/binary_format.go:520.23,524.41 4 0
[...]
github.com/plc-visualizer/backend/internal/parser/plc_tab.go:121.3,122.22 2 1
github.com/plc-visualizer/backend/internal/parser/plc_tab.go:122.22,124.12 2 0
github.com/plc-visualizer/backend/internal/parser/plc_tab.go:127.3,134.51 5 1
github.com/plc-visualizer/backend/internal/parser/plc_tab.go:134.51,136.40 1 1
github.com/plc-visualizer/backend/internal/parser/plc_tab.go:136.40,137.29 1 1
github.com/plc-visualizer/backend/internal/parser/plc_tab.go:137.29,140.6 1 1
github.com/plc-visualizer/backend/internal/parser/plc_tab.go:140.11,140.47 1 1
github.com/plc-visualizer/backend/internal/parser/plc_tab.go:140.47,143.6 1 1
github.com/plc-visualizer/backend/internal/parser/plc_tab.go:145.9,145.58 1 1
github.com/plc-visualizer/backend/internal/parser/plc_tab.go:145.58,146.39 1 1
github.com/plc-visualizer/backend/internal/parser/plc_tab.go:146.39,148.5 1 1
github.com/plc-visualizer/backend/internal/parser/plc_tab.go:149.9,152.4 1 0
github.com/plc-visualizer/backend/internal/parser/plc_tab.go:155.2,155.38 1 1
github.com/plc-visualizer/backend/internal/parser/plc_tab.go:155.38,157.3 1 0
github.com/plc-visualizer/backend/internal/parser/plc_tab.go:160.2,160.23 1 1
github.com/plc-visualizer/backend/internal/parser/plc_tab.go:160.23,162.3 1 0
github.com/plc-visualizer/backend/internal/parser/plc_tab.go:166.2,166.25 1 1
github.com/plc-visualizer/backend/internal/parser/plc_tab.go:166.25,168.56 2 1
github.com/plc-visualizer/backend/internal/parser/plc_tab.go:168.56,169.101 1 1
github.com/plc-visualizer/backend/internal/parser/plc_tab.go:169.101,172.33 2 0
github.com/plc-visualizer/backend/internal/parser/plc_tab.go:172.33,174.6 1 0
github.com/plc-visualizer/backend/internal/parser/plc_tab.go:174.11,176.6 1 0
github.com/plc-visualizer/backend/internal/parser/plc_tab.go:181.2,182.22 2 1
github.com/plc-visualizer/backend/internal/parser/plc_tab.go:182.22,187.3 1 1
github.com/plc-visualizer/backend/internal/parser/plc_tab.go:189.2,194.16 1 1
github.com/plc-visualizer/backend/internal/parser/plc_tab.go:197.121,200.18 2 1
github.com/plc-visualizer/backend/internal/parser/plc_tab.go:200.18,202.3 1 1
github.com/plc-visualizer/backend/internal/parser/plc_tab.go:205.2,206.14 2 0
github.com/plc-visualizer/backend/internal/parser/plc_tab.go:206.14,212.3 1 0
github.com/plc-visualizer/backend/internal/parser/plc_tab.go:214.2,221.16 6 0
github.com/plc-visualizer/backend/internal/parser/plc_tab.go:221.16,223.3 1 0
github.com/plc-visualizer/backend/internal/parser/plc_tab.go:225.2,226.20 2 0
github.com/plc-visualizer/backend/internal/parser/plc_tab.go:226.20,228.3 1 0
github.com/plc-visualizer/backend/internal/parser/plc_tab.go:231.2,243.8 5 0
github.com/plc-visualizer/backend/internal/parser/plc_tab.go:246.90,250.22 2 1
github.com/plc-visualizer/backend/internal/parser/plc_tab.go:250.22,252.3 1 0
github.com/plc-visualizer/backend/internal/parser/plc_tab.go:254.2,255.21 2 1
github.com/plc-visualizer/backend/internal/parser/plc_tab.go:255.21,257.3 1 0
github.com/plc-visualizer/backend/internal/parser/plc_tab.go:259.2,264.16 3 1
github.com/plc-visualizer/backend/internal/parser/plc_tab.go:264.16,266.3 1 0
github.com/plc-visualizer/backend/internal/parser/plc_tab.go:267.2,271.16 4 1
github.com/plc-visualizer/backend/internal/parser/plc_tab.go:271.16,273.3 1 0
github.com/plc-visualizer/backend/internal/parser/plc_tab.go:274.2,278.16 4 1
github.com/plc-visualizer/backend/internal/parser/plc_tab.go:278.16,280.3 1 0
github.com/plc-visualizer/backend/internal/parser/plc_tab.go:283.2,286.16 4 1
github.com/plc-visualizer/backend/internal/parser/plc_tab.go:286.16,288.3 1 0
github.com/plc-visualizer/backend/internal/parser/plc_tab.go:288.8,290.3 1 1
github.com/plc-visualizer/backend/internal/parser/plc_tab.go:292.2,293.16 2 1
github.com/plc-visualizer/backend/internal/parser/plc_tab.go:293.16,295.3 1 0
github.com/plc-visualizer/backend/internal/parser/plc_tab.go:297.2,298.20 2 1
github.com/plc-visualizer/backend/internal/parser/plc_tab.go:298.20,300.3 1 0
github.com/plc-visualizer/backend/internal/parser/plc_tab.go:303.2,315.3 5 1
github.com/plc-visualizer/backend/internal/parser/registry.go:16.30,26.2 1 1
github.com/plc-visualizer/backend/internal/parser/registry.go:29.36,31.2 1 0
github.com/plc-visualizer/backend/internal/parser/registry.go:34.39,36.2 1 1
github.com/plc-visualizer/backend/internal/parser/registry.go:39.64,40.30 1 1
github.com/plc-visualizer/backend/internal/parser/registry.go:40.30,42.17 2 1
github.com/plc-visualizer/backend/internal/parser/registry.go:42.17,43.12 1 0
github.com/plc-visualizer/backend/internal/parser/registry.go:45.3,45.10 1 1
github.com/plc-visualizer/backend/internal/parser/registry.go:45.10,47.4 1 1
github.com/plc-visualizer/backend/internal/parser/registry.go:49.2,49.75 1 1
github.com/plc-visualizer/backend/internal/parser/registry.go:53.65,55.30 2 1
github.com/plc-visualizer/backend/internal/parser/registry.go:55.30,56.40 1 1
github.com/plc-visualizer/backend/internal/parser/registry.go:56.40,58.4 1 1
github.com/plc-visualizer/backend/internal/parser/registry.go:60.2,60.54 1 0
github.com/plc-visualizer/backend/internal/parser/rules_parser.go:13.63,15.16 2 1
github.com/plc-visualizer/backend/internal/parser/rules_parser.go:15.16,17.3 1 0
github.com/plc-visualizer/backend/internal/parser/rules_parser.go:18.2,20.38 2 1
github.com/plc-visualizer/backend/internal/parser/rules_parser.go:24.69,26.16 2 1
github.com/plc-visualizer/backend/internal/parser/rules_parser.go:26.16,28.3 1 0
github.com/plc-visualizer/backend/internal/parser/rules_parser.go:30.2,30.37 1 1
github.com/plc-visualizer/backend/internal/parser/rules_parser.go:34.68,36.53 2 1
github.com/plc-visualizer/backend/internal/parser/rules_parser.go:36.53,38.3 1 0
github.com/plc-visualizer/backend/internal/parser/rules_parser.go:40.2,40.20 1 1
github.com/plc-visualizer/backend/internal/storage/manager.go:38.59,39.53 1 1
github.com/plc-visualizer/backend/internal/storage/manager.go:39.53,41.3 1 0
github.com/plc-visualizer/backend/internal/storage/manager.go:43.2,46.8 1 1
github.com/plc-visualizer/backend/internal/storage/manager.go:50.79,55.16 4 1
github.com/plc-visualizer/backend/internal/storage/manager.go:55.16,57.3 1 0
github.com/plc-visualizer/backend/internal/storage/manager.go:58.2,61.16 3 1
github.com/plc-visualizer/backend/internal/storage/manager.go:61.16,64.3 2 1
github.com/plc-visualizer/backend/internal/storage/manager.go:66.2,78.18 5 1
github.com/plc-visualizer/backend/internal/storage/manager.go:82.84,86.55 3 1
github.com/plc-visualizer/backend/internal/storage/manager.go:86.55,88.3 1 0
github.com/plc-visualizer/backend/internal/storage/manager.go:90.2,102.18 5 1
github.com/plc-visualizer/backend/internal/storage/manager.go:106.63,111.9 4 1
github.com/plc-visualizer/backend/internal/storage/manager.go:111.9,113.3 1 1
github.com/plc-visualizer/backend/internal/storage/manager.go:115.2,115.18 1 1
github.com/plc-visualizer/backend/internal/storage/manager.go:119.66,124.31 4 1
github.com/plc-visualizer/backend/internal/storage/manager.go:124.31,126.3 1 1
github.com/plc-visualizer/backend/internal/storage/manager.go:129.2,129.39 1 1
github.com/plc-visualizer/backend/internal/storage/manager.go:129.39,131.3 1 1
github.com/plc-visualizer/backend/internal/storage/manager.go:133.2,133.23 1 1
github.com/plc-visualizer/backend/internal/storage/manager.go:133.23,135.3 1 1
github.com/plc-visualizer/backend/internal/storage/manager.go:137.2,137.18 1 1
github.com/plc-visualizer/backend/internal/storage/manager.go:141.46,146.9 4 1
github.com/plc-visualizer/backend/internal/storage/manager.go:146.9,148.3 1 1
github.com/plc-visualizer/backend/internal/storage/manager.go:150.2,151.63 2 1
github.com/plc-visualizer/backend/internal/storage/manager.go:151.63,153.3 1 0
github.com/plc-visualizer/backend/internal/storage/manager.go:155.2,158.12 3 1
github.com/plc-visualizer/backend/internal/storage/manager.go:162.82,167.9 4 1
github.com/plc-visualizer/backend/internal/storage/manager.go:167.9,169.3 1 1
github.com/plc-visualizer/backend/internal/storage/manager.go:171.2,172.18 2 1
github.com/plc-visualizer/backend/internal/storage/manager.go:176.61,180.31 3 1
github.com/plc-visualizer/backend/internal/storage/manager.go:180.31,182.3 1 1
github.com/plc-visualizer/backend/internal/storage/manager.go:184.2,184.44 1 1
github.com/plc-visualizer/backend/internal/storage/manager.go:188.84,190.52 2 1
github.com/plc-visualizer/backend/internal/storage/manager.go:190.52,192.3 1 0
github.com/plc-visualizer/backend/internal/storage/manager.go:194.2,196.16 3 1
github.com/plc-visualizer/backend/internal/storage/manager.go:196.16,198.3 1 0
github.com/plc-visualizer/backend/internal/storage/manager.go:199.2,202.16 3 1
github.com/plc-visualizer/backend/internal/storage/manager.go:202.16,204.3 1 0
github.com/plc-visualizer/backend/internal/storage/manager.go:206.2,206.12 1 1
github.com/plc-visualizer/backend/internal/storage/manager.go:210.89,212.52 2 1
github.com/plc-visualizer/backend/internal/storage/manager.go:212.52,214.3 1 0
github.com/plc-visualizer/backend/internal/storage/manager.go:216.2,217.55 2 1
github.com/plc-visualizer/backend/internal/storage/manager.go:217.55,219.3 1 0
github.com/plc-visualizer/backend/internal/storage/manager.go:221.2,221.12 1 1
github.com/plc-visualizer/backend/internal/storage/manager.go:225.117,231.16 5 1
github.com/plc-visualizer/backend/internal/storage/manager.go:231.16,233.3 1 0
github.com/plc-visualizer/backend/internal/storage/manager.go:234.2,237.35 3 1
github.com/plc-visualizer/backend/internal/storage/manager.go:237.35,240.17 3 1
github.com/plc-visualizer/backend/internal/storage/manager.go:240.17,242.4 1 1
github.com/plc-visualizer/backend/internal/storage/manager.go:244.3,246.17 3 1
github.com/plc-visualizer/backend/internal/storage/manager.go:246.17,248.4 1 0
github.com/plc-visualizer/backend/internal/storage/manager.go:249.3,249.17 1 1
github.com/plc-visualizer/backend/internal/storage/manager.go:253.2,268.18 6 1
github.com/plc-visualizer/backend/internal/storage/manager.go:272.58,276.2 3 1
github.com/plc-visualizer/backend/internal/testutil/mock_storage.go:27.36,33.2 1 0
github.com/plc-visualizer/backend/internal/testutil/mock_storage.go:35.80,37.16 2 0
github.com/plc-visualizer/backend/internal/testutil/mock_storage.go:37.16,39.3 1 0
github.com/plc-visualizer/backend/internal/testutil/mock_storage.go:40.2,40.32 1 0
github.com/plc-visualizer/backend/internal/testutil/mock_storage.go:43.85,58.2 7 0
github.com/plc-visualizer/backend/internal/testutil/mock_storage.go:60.64,65.9 4 0
github.com/plc-visualizer/backend/internal/testutil/mock_storage.go:65.9,67.3 1 0
github.com/plc-visualizer/backend/internal/testutil/mock_storage.go:68.2,68.18 1 0
github.com/plc-visualizer/backend/internal/testutil/mock_storage.go:71.67,76.31 4 0
github.com/plc-visualizer/backend/internal/testutil/mock_storage.go:76.31,78.39 2 0
github.com/plc-visualizer/backend/internal/testutil/mock_storage.go:78.39,79.9 1 0
github.com/plc-visualizer/backend/internal/testutil/mock_storage.go:82.2,82.19 1 0
github.com/plc-visualizer/backend/internal/testutil/mock_storage.go:85.47,89.39 3 0
github.com/plc-visualizer/backend/internal/testutil/mock_storage.go:89.39,91.3 1 0
github.com/plc-visualizer/backend/internal/testutil/mock_storage.go:93.2,95.12 3 0
github.com/plc-visualizer/backend/internal/testutil/mock_storage.go:98.83,103.9 4 0
github.com/plc-visualizer/backend/internal/testutil/mock_storage.go:103.9,105.3 1 0
github.com/plc-visualizer/backend/internal/testutil/mock_storage.go:107.2,108.18 2 0
github.com/plc-visualizer/backend/internal/testutil/mock_storage.go:111.62,113.2 1 0
github.com/plc-visualizer/backend/internal/testutil/mock_storage.go:115.85,117.16 2 0
github.com/plc-visualizer/backend/internal/testutil/mock_storage.go:117.16,119.3 1 0
github.com/plc-visualizer/backend/internal/testutil/mock_storage.go:120.2,120.53 1 0
github.com/plc-visualizer/backend/internal/testutil/mock_storage.go:123.90,127.31 3 0
github.com/plc-visualizer/backend/internal/testutil/mock_storage.go:127.31,129.3 1 0
github.com/plc-visualizer/backend/internal/testutil/mock_storage.go:130.2,131.12 2 0
github.com/plc-visualizer/backend/internal/testutil/mock_storage.go:134.118,139.9 4 0
github.com/plc-visualizer/backend/internal/testutil/mock_storage.go:139.9,141.3 1 0
github.com/plc-visualizer/backend/internal/testutil/mock_storage.go:144.2,145.35 2 0
github.com/plc-visualizer/backend/internal/testutil/mock_storage.go:145.35,147.10 2 0
github.com/plc-visualizer/backend/internal/testutil/mock_storage.go:147.10,149.4 1 0
github.com/plc-visualizer/backend/internal/testutil/mock_storage.go:150.3,150.20 1 0
github.com/plc-visualizer/backend/internal/testutil/mock_storage.go:154.2,166.18 6 0
github.com/plc-visualizer/backend/internal/testutil/mock_storage.go:175.85,188.2 6 0
github.com/plc-visualizer/backend/internal/testutil/mock_storage.go:191.62,196.9 4 0
github.com/plc-visualizer/backend/internal/testutil/mock_storage.go:196.9,198.3 1 0
github.com/plc-visualizer/backend/internal/testutil/mock_storage.go:199.2,199.18 1 0
github.com/plc-visualizer/backend/internal/testutil/mock_storage.go:203.42,207.2 3 0
github.com/plc-visualizer/backend/internal/testutil/mock_storage.go:210.31,216.2 5 0
github.com/plc-visualizer/backend/internal/testutil/mock_storage.go:222.30,227.2 4 0
github.com/plc-visualizer/backend/internal/testutil/mock_storage.go:237.72,246.2 1 0
github.com/plc-visualizer/backend/internal/testutil/mock_storage.go:249.96,255.59 4 0
github.com/plc-visualizer/backend/internal/testutil/mock_storage.go:255.59,256.59 1 0
github.com/plc-visualizer/backend/internal/testutil/mock_storage.go:259.2,267.13 4 0
github.com/plc-visualizer/backend/internal/testutil/mock_storage.go:271.73,276.9 4 0
github.com/plc-visualizer/backend/internal/testutil/mock_storage.go:276.9,278.3 1 0
github.com/plc-visualizer/backend/internal/testutil/mock_storage.go:280.2,280.56 1 0
github.com/plc-visualizer/backend/internal/upload/manager.go:61.57,67.2 1 0
github.com/plc-visualizer/backend/internal/upload/manager.go:70.130,94.2 6 0
github.com/plc-visualizer/backend/internal/upload/manager.go:97.50,102.2 4 0
github.com/plc-visualizer/backend/internal/upload/manager.go:105.40,112.16 4 0
github.com/plc-visualizer/backend/internal/upload/manager.go:112.16,115.3 2 0
github.com/plc-visualizer/backend/internal/upload/manager.go:117.2,121.61 3 0
github.com/plc-visualizer/backend/internal/upload/manager.go:121.61,127.68 3 0
github.com/plc-visualizer/backend/internal/upload/manager.go:127.68,131.4 1 0
github.com/plc-visualizer/backend/internal/upload/manager.go:131.9,136.4 3 0
github.com/plc-visualizer/backend/internal/upload/manager.go:138.3,138.73 1 0
github.com/plc-visualizer/backend/internal/upload/manager.go:142.2,144.99 3 0
github.com/plc-visualizer/backend/internal/upload/manager.go:148.77,150.16 2 0
github.com/plc-visualizer/backend/internal/upload/manager.go:150.16,152.3 1 0
github.com/plc-visualizer/backend/internal/upload/manager.go:155.2,156.16 2 0
github.com/plc-visualizer/backend/internal/upload/manager.go:156.16,158.3 1 0
github.com/plc-visualizer/backend/internal/upload/manager.go:159.2,163.54 3 0
github.com/plc-visualizer/backend/internal/upload/manager.go:163.54,165.3 1 0
github.com/plc-visualizer/backend/internal/upload/manager.go:166.2,166.42 1 0
github.com/plc-visualizer/backend/internal/upload/manager.go:166.42,168.3 1 0
github.com/plc-visualizer/backend/internal/upload/manager.go:171.2,175.16 3 0
github.com/plc-visualizer/backend/internal/upload/manager.go:175.16,177.3 1 0
github.com/plc-visualizer/backend/internal/upload/manager.go:178.2,183.16 4 0
github.com/plc-visualizer/backend/internal/upload/manager.go:183.16,185.3 1 0
github.com/plc-visualizer/backend/internal/upload/manager.go:188.2,192.6 4 0
github.com/plc-visualizer/backend/internal/upload/manager.go:192.6,194.12 2 0
github.com/plc-visualizer/backend/internal/upload/manager.go:194.12,196.23 2 0
github.com/plc-visualizer/backend/internal/upload/manager.go:196.23,200.5 3 0
github.com/plc-visualizer/backend/internal/upload/manager.go:201.4,204.61 2 0
github.com/plc-visualizer/backend/internal/upload/manager.go:204.61,207.22 2 0
github.com/plc-visualizer/backend/internal/upload/manager.go:207.22,209.6 1 0
github.com/plc-visualizer/backend/internal/upload/manager.go:210.5,211.36 2 0
github.com/plc-visualizer/backend/internal/upload/manager.go:214.3,214.21 1 0
github.com/plc-visualizer/backend/internal/upload/manager.go:214.21,215.25 1 0
github.com/plc-visualizer/backend/internal/upload/manager.go:215.25,219.5 3 0
github.com/plc-visualizer/backend/internal/upload/manager.go:220.4,220.9 1 0
github.com/plc-visualizer/backend/internal/upload/manager.go:224.2,227.33 2 0
github.com/plc-visualizer/backend/internal/upload/manager.go:227.33,230.3 2 0
github.com/plc-visualizer/backend/internal/upload/manager.go:233.2,233.50 1 0
github.com/plc-visualizer/backend/internal/upload/manager.go:233.50,236.3 2 0
github.com/plc-visualizer/backend/internal/upload/manager.go:238.2,238.12 1 0
github.com/plc-visualizer/backend/internal/upload/manager.go:242.97,252.16 6 0
github.com/plc-visualizer/backend/internal/upload/manager.go:253.24,254.37 1 0
github.com/plc-visualizer/backend/internal/upload/manager.go:255.27,256.40 1 0
github.com/plc-visualizer/backend/internal/upload/manager.go:257.22,258.21 1 0
github.com/plc-visualizer/backend/internal/upload/manager.go:263.45,271.2 6 0
github.com/plc-visualizer/backend/internal/upload/manager.go:274.57,283.2 7 0
github.com/plc-visualizer/backend/internal/upload/manager.go:286.56,291.30 4 0
github.com/plc-visualizer/backend/internal/upload/manager.go:291.30,292.64 1 0
github.com/plc-visualizer/backend/internal/upload/manager.go:292.64,293.64 1 0
github.com/plc-visualizer/backend/internal/upload/manager.go:293.64,295.5 1 0
github.com/plc-visualizer/backend/internal/web/embed.go:19.37,21.2 1 0
github.com/plc-visualizer/backend/internal/web/embed.go:25.47,27.16 2 0
github.com/plc-visualizer/backend/internal/web/embed.go:27.16,29.3 1 0
github.com/plc-visualizer/backend/internal/web/embed.go:32.2,35.41 2 0
github.com/plc-visualizer/backend/internal/web/embed.go:35.41,40.25 3 0
github.com/plc-visualizer/backend/internal/web/embed.go:40.25,42.4 1 0
github.com/plc-visualizer/backend/internal/web/embed.go:45.3,46.17 2 0
github.com/plc-visualizer/backend/internal/web/embed.go:46.17,50.4 1 0
github.com/plc-visualizer/backend/internal/web/embed.go:51.3,55.17 3 0
github.com/plc-visualizer/backend/internal/web/embed.go:55.17,57.4 1 0
github.com/plc-visualizer/backend/internal/web/embed.go:59.3,59.19 1 0
github.com/plc-visualizer/backend/internal/web/embed.go:59.19,63.18 3 0
github.com/plc-visualizer/backend/internal/web/embed.go:63.18,66.5 1 0
github.com/plc-visualizer/backend/internal/web/embed.go:67.4,70.14 3 0
github.com/plc-visualizer/backend/internal/web/embed.go:74.3,75.13 2 0
github.com/plc-visualizer/backend/internal/web/embed.go:78.2,78.12 1 0
github.com/plc-visualizer/backend/internal/web/embed.go:82.59,84.16 2 0
github.com/plc-visualizer/backend/internal/web/embed.go:84.16,86.3 1 0
github.com/plc-visualizer/backend/internal/web/embed.go:87.2,90.16 3 0
github.com/plc-visualizer/backend/internal/web/embed.go:90.16,92.3 1 0
github.com/plc-visualizer/backend/internal/web/embed.go:94.2,94.43 1 0
github.com/plc-visualizer/backend/internal/web/embed.go:98.30,100.16 2 0
github.com/plc-visualizer/backend/internal/web/embed.go:100.16,102.3 1 0
github.com/plc-visualizer/backend/internal/web/embed.go:104.2,104.32 1 0
github.com/plc-visualizer/backend/internal/web/embed.go:104.32,105.35 1 0
github.com/plc-visualizer/backend/internal/web/embed.go:105.35,107.4 1 0
github.com/plc-visualizer/backend/internal/web/embed.go:109.2,109.14 1 0
github.com/plc-visualizer/backend/internal/web/embed.go:114.52,116.16 2 0
github.com/plc-visualizer/backend/internal/web/embed.go:116.16,118.3 1 0
github.com/plc-visualizer/backend/internal/web/embed.go:119.2,119.28 1 0
